UpdateCTestConfiguration  from :/home/broodjesemih/ass_ros2_ws/build/g1_ass1_pkg/CTestConfiguration.ini
Parse Config file:/home/broodjesemih/ass_ros2_ws/build/g1_ass1_pkg/CTestConfiguration.ini
   Site: xubuntu
   Build name: (empty)
 Add coverage exclude regular expressions.
Create new tag: 20251006-1317 - Experimental
UpdateCTestConfiguration  from :/home/broodjesemih/ass_ros2_ws/build/g1_ass1_pkg/CTestConfiguration.ini
Parse Config file:/home/broodjesemih/ass_ros2_ws/build/g1_ass1_pkg/CTestConfiguration.ini
Test project /home/broodjesemih/ass_ros2_ws/build/g1_ass1_pkg
Constructing a list of tests
Done constructing a list of tests
Updating test list for fixtures
Added 0 tests to meet fixture requirements
Checking test dependency graph...
Checking test dependency graph end
test 1
      Start  1: test_cijfer_calculator

1: Test command: /usr/bin/python3 "-u" "/opt/ros/jazzy/share/ament_cmake_test/cmake/run_test.py" "/home/broodjesemih/ass_ros2_ws/build/g1_ass1_pkg/test_results/g1_ass1_pkg/test_cijfer_calculator.gtest.xml" "--package-name" "g1_ass1_pkg" "--output-file" "/home/broodjesemih/ass_ros2_ws/build/g1_ass1_pkg/ament_cmake_gtest/test_cijfer_calculator.txt" "--command" "/home/broodjesemih/ass_ros2_ws/build/g1_ass1_pkg/test_cijfer_calculator" "--gtest_output=xml:/home/broodjesemih/ass_ros2_ws/build/g1_ass1_pkg/test_results/g1_ass1_pkg/test_cijfer_calculator.gtest.xml"
1: Working Directory: /home/broodjesemih/ass_ros2_ws/build/g1_ass1_pkg
1: Test timeout computed to be: 60
1: -- run_test.py: invoking following command in '/home/broodjesemih/ass_ros2_ws/build/g1_ass1_pkg':
1:  - /home/broodjesemih/ass_ros2_ws/build/g1_ass1_pkg/test_cijfer_calculator --gtest_output=xml:/home/broodjesemih/ass_ros2_ws/build/g1_ass1_pkg/test_results/g1_ass1_pkg/test_cijfer_calculator.gtest.xml
1: [==========] Running 1 test from 1 test suite.
1: [----------] Global test environment set-up.
1: [----------] 1 test from TestSuite
1: [ RUN      ] TestSuite.test_example
1: [       OK ] TestSuite.test_example (0 ms)
1: [----------] 1 test from TestSuite (0 ms total)
1: 
1: [----------] Global test environment tear-down
1: [==========] 1 test from 1 test suite ran. (0 ms total)
1: [  PASSED  ] 1 test.
1: -- run_test.py: return code 0
1: -- run_test.py: inject classname prefix into gtest result file '/home/broodjesemih/ass_ros2_ws/build/g1_ass1_pkg/test_results/g1_ass1_pkg/test_cijfer_calculator.gtest.xml'
1: -- run_test.py: verify result file '/home/broodjesemih/ass_ros2_ws/build/g1_ass1_pkg/test_results/g1_ass1_pkg/test_cijfer_calculator.gtest.xml'
 1/10 Test  #1: test_cijfer_calculator ...........   Passed    0.05 sec
test 2
      Start  2: test_cijfer_service

2: Test command: /usr/bin/python3 "-u" "/opt/ros/jazzy/share/ament_cmake_test/cmake/run_test.py" "/home/broodjesemih/ass_ros2_ws/build/g1_ass1_pkg/test_results/g1_ass1_pkg/test_cijfer_service.gtest.xml" "--package-name" "g1_ass1_pkg" "--output-file" "/home/broodjesemih/ass_ros2_ws/build/g1_ass1_pkg/ament_cmake_gtest/test_cijfer_service.txt" "--command" "/home/broodjesemih/ass_ros2_ws/build/g1_ass1_pkg/test_cijfer_service" "--gtest_output=xml:/home/broodjesemih/ass_ros2_ws/build/g1_ass1_pkg/test_results/g1_ass1_pkg/test_cijfer_service.gtest.xml"
2: Working Directory: /home/broodjesemih/ass_ros2_ws/build/g1_ass1_pkg
2: Test timeout computed to be: 60
2: -- run_test.py: invoking following command in '/home/broodjesemih/ass_ros2_ws/build/g1_ass1_pkg':
2:  - /home/broodjesemih/ass_ros2_ws/build/g1_ass1_pkg/test_cijfer_service --gtest_output=xml:/home/broodjesemih/ass_ros2_ws/build/g1_ass1_pkg/test_results/g1_ass1_pkg/test_cijfer_service.gtest.xml
2: [==========] Running 5 tests from 1 test suite.
2: [----------] Global test environment set-up.
2: [----------] 5 tests from TestCijferService
2: [ RUN      ] TestCijferService.test_average_calculation
2: [       OK ] TestCijferService.test_average_calculation (199 ms)
2: [ RUN      ] TestCijferService.test_wessel_bonus
2: [       OK ] TestCijferService.test_wessel_bonus (197 ms)
2: [ RUN      ] TestCijferService.test_max_clamp
2: [       OK ] TestCijferService.test_max_clamp (196 ms)
2: [ RUN      ] TestCijferService.test_min_clamp
2: [       OK ] TestCijferService.test_min_clamp (196 ms)
2: [ RUN      ] TestCijferService.test_empty_cijfers
2: [       OK ] TestCijferService.test_empty_cijfers (188 ms)
2: [----------] 5 tests from TestCijferService (978 ms total)
2: 
2: [----------] Global test environment tear-down
2: [==========] 5 tests from 1 test suite ran. (982 ms total)
2: [  PASSED  ] 5 tests.
2: -- run_test.py: return code 0
2: -- run_test.py: inject classname prefix into gtest result file '/home/broodjesemih/ass_ros2_ws/build/g1_ass1_pkg/test_results/g1_ass1_pkg/test_cijfer_service.gtest.xml'
2: -- run_test.py: verify result file '/home/broodjesemih/ass_ros2_ws/build/g1_ass1_pkg/test_results/g1_ass1_pkg/test_cijfer_service.gtest.xml'
 2/10 Test  #2: test_cijfer_service ..............   Passed    1.14 sec
test 3
      Start  3: test_tentamen_publisher

3: Test command: /usr/bin/python3 "-u" "/opt/ros/jazzy/share/ament_cmake_test/cmake/run_test.py" "/home/broodjesemih/ass_ros2_ws/build/g1_ass1_pkg/test_results/g1_ass1_pkg/test_tentamen_publisher.gtest.xml" "--package-name" "g1_ass1_pkg" "--output-file" "/home/broodjesemih/ass_ros2_ws/build/g1_ass1_pkg/ament_cmake_gtest/test_tentamen_publisher.txt" "--command" "/home/broodjesemih/ass_ros2_ws/build/g1_ass1_pkg/test_tentamen_publisher" "--gtest_output=xml:/home/broodjesemih/ass_ros2_ws/build/g1_ass1_pkg/test_results/g1_ass1_pkg/test_tentamen_publisher.gtest.xml"
3: Working Directory: /home/broodjesemih/ass_ros2_ws/build/g1_ass1_pkg
3: Test timeout computed to be: 60
3: -- run_test.py: invoking following command in '/home/broodjesemih/ass_ros2_ws/build/g1_ass1_pkg':
3:  - /home/broodjesemih/ass_ros2_ws/build/g1_ass1_pkg/test_tentamen_publisher --gtest_output=xml:/home/broodjesemih/ass_ros2_ws/build/g1_ass1_pkg/test_results/g1_ass1_pkg/test_tentamen_publisher.gtest.xml
3: [==========] Running 2 tests from 1 test suite.
3: [----------] Global test environment set-up.
3: [----------] 2 tests from TestTentamenPublisher
3: [ RUN      ] TestTentamenPublisher.test_tentamen_published
3: [       OK ] TestTentamenPublisher.test_tentamen_published (913 ms)
3: [ RUN      ] TestTentamenPublisher.test_multiple_messages
3: [       OK ] TestTentamenPublisher.test_multiple_messages (5024 ms)
3: [----------] 2 tests from TestTentamenPublisher (5938 ms total)
3: 
3: [----------] Global test environment tear-down
3: [==========] 2 tests from 1 test suite ran. (5943 ms total)
3: [  PASSED  ] 2 tests.
3: -- run_test.py: return code 0
3: -- run_test.py: inject classname prefix into gtest result file '/home/broodjesemih/ass_ros2_ws/build/g1_ass1_pkg/test_results/g1_ass1_pkg/test_tentamen_publisher.gtest.xml'
3: -- run_test.py: verify result file '/home/broodjesemih/ass_ros2_ws/build/g1_ass1_pkg/test_results/g1_ass1_pkg/test_tentamen_publisher.gtest.xml'
 3/10 Test  #3: test_tentamen_publisher ..........   Passed    6.10 sec
test 4
      Start  4: test_final_cijfer_determinator

4: Test command: /usr/bin/python3 "-u" "/opt/ros/jazzy/share/ament_cmake_test/cmake/run_test.py" "/home/broodjesemih/ass_ros2_ws/build/g1_ass1_pkg/test_results/g1_ass1_pkg/test_final_cijfer_determinator.gtest.xml" "--package-name" "g1_ass1_pkg" "--output-file" "/home/broodjesemih/ass_ros2_ws/build/g1_ass1_pkg/ament_cmake_gtest/test_final_cijfer_determinator.txt" "--command" "/home/broodjesemih/ass_ros2_ws/build/g1_ass1_pkg/test_final_cijfer_determinator" "--gtest_output=xml:/home/broodjesemih/ass_ros2_ws/build/g1_ass1_pkg/test_results/g1_ass1_pkg/test_final_cijfer_determinator.gtest.xml"
4: Working Directory: /home/broodjesemih/ass_ros2_ws/build/g1_ass1_pkg
4: Test timeout computed to be: 60
4: -- run_test.py: invoking following command in '/home/broodjesemih/ass_ros2_ws/build/g1_ass1_pkg':
4:  - /home/broodjesemih/ass_ros2_ws/build/g1_ass1_pkg/test_final_cijfer_determinator --gtest_output=xml:/home/broodjesemih/ass_ros2_ws/build/g1_ass1_pkg/test_results/g1_ass1_pkg/test_final_cijfer_determinator.gtest.xml
4: [==========] Running 3 tests from 1 test suite.
4: [----------] Global test environment set-up.
4: [----------] 3 tests from TestFinalCijferDeterminator
4: [ RUN      ] TestFinalCijferDeterminator.test_subscription_active
4: /home/broodjesemih/ass_ros2_ws/src/g1_ass1_pkg/test/test_final_cijfer_determinator.cpp:27: Failure
4: Expected: (publisher->get_subscription_count()) >= (1), actual: 0 vs 1
4: final_cijfer_determinator should be subscribed
4: 
4: [  FAILED  ] TestFinalCijferDeterminator.test_subscription_active (511 ms)
4: [ RUN      ] TestFinalCijferDeterminator.test_tentamen_reception
4: /home/broodjesemih/ass_ros2_ws/src/g1_ass1_pkg/test/test_final_cijfer_determinator.cpp:66: Failure
4: Value of: found
4:   Actual: false
4: Expected: true
4: Database should contain entry for TestStudent/TestCourse
4: 
4: [  FAILED  ] TestFinalCijferDeterminator.test_tentamen_reception (2608 ms)
4: [ RUN      ] TestFinalCijferDeterminator.test_three_tentamen_threshold
4: [       OK ] TestFinalCijferDeterminator.test_three_tentamen_threshold (1709 ms)
4: [----------] 3 tests from TestFinalCijferDeterminator (4829 ms total)
4: 
4: [----------] Global test environment tear-down
4: [==========] 3 tests from 1 test suite ran. (4834 ms total)
4: [  PASSED  ] 1 test.
4: [  FAILED  ] 2 tests, listed below:
4: [  FAILED  ] TestFinalCijferDeterminator.test_subscription_active
4: [  FAILED  ] TestFinalCijferDeterminator.test_tentamen_reception
4: 
4:  2 FAILED TESTS
4: -- run_test.py: return code 1
4: -- run_test.py: inject classname prefix into gtest result file '/home/broodjesemih/ass_ros2_ws/build/g1_ass1_pkg/test_results/g1_ass1_pkg/test_final_cijfer_determinator.gtest.xml'
4: -- run_test.py: verify result file '/home/broodjesemih/ass_ros2_ws/build/g1_ass1_pkg/test_results/g1_ass1_pkg/test_final_cijfer_determinator.gtest.xml'
 4/10 Test  #4: test_final_cijfer_determinator ...***Failed    5.00 sec
test 5
      Start  5: cppcheck

5: Test command: /usr/bin/python3 "-u" "/opt/ros/jazzy/share/ament_cmake_test/cmake/run_test.py" "/home/broodjesemih/ass_ros2_ws/build/g1_ass1_pkg/test_results/g1_ass1_pkg/cppcheck.xunit.xml" "--package-name" "g1_ass1_pkg" "--output-file" "/home/broodjesemih/ass_ros2_ws/build/g1_ass1_pkg/ament_cppcheck/cppcheck.txt" "--command" "/opt/ros/jazzy/bin/ament_cppcheck" "--xunit-file" "/home/broodjesemih/ass_ros2_ws/build/g1_ass1_pkg/test_results/g1_ass1_pkg/cppcheck.xunit.xml"
5: Working Directory: /home/broodjesemih/ass_ros2_ws/src/g1_ass1_pkg
5: Test timeout computed to be: 300
5: -- run_test.py: invoking following command in '/home/broodjesemih/ass_ros2_ws/src/g1_ass1_pkg':
5:  - /opt/ros/jazzy/bin/ament_cppcheck --xunit-file /home/broodjesemih/ass_ros2_ws/build/g1_ass1_pkg/test_results/g1_ass1_pkg/cppcheck.xunit.xml
5: cppcheck 2.13.0 has known performance issues and therefore will not be used, set the AMENT_CPPCHECK_ALLOW_SLOW_VERSIONS environment variable to override this.
5: -- run_test.py: return code 0
5: -- run_test.py: verify result file '/home/broodjesemih/ass_ros2_ws/build/g1_ass1_pkg/test_results/g1_ass1_pkg/cppcheck.xunit.xml'
 5/10 Test  #5: cppcheck .........................   Passed    0.11 sec
test 6
      Start  6: flake8

6: Test command: /usr/bin/python3 "-u" "/opt/ros/jazzy/share/ament_cmake_test/cmake/run_test.py" "/home/broodjesemih/ass_ros2_ws/build/g1_ass1_pkg/test_results/g1_ass1_pkg/flake8.xunit.xml" "--package-name" "g1_ass1_pkg" "--output-file" "/home/broodjesemih/ass_ros2_ws/build/g1_ass1_pkg/ament_flake8/flake8.txt" "--command" "/opt/ros/jazzy/bin/ament_flake8" "--xunit-file" "/home/broodjesemih/ass_ros2_ws/build/g1_ass1_pkg/test_results/g1_ass1_pkg/flake8.xunit.xml"
6: Working Directory: /home/broodjesemih/ass_ros2_ws/src/g1_ass1_pkg
6: Test timeout computed to be: 60
6: -- run_test.py: invoking following command in '/home/broodjesemih/ass_ros2_ws/src/g1_ass1_pkg':
6:  - /opt/ros/jazzy/bin/ament_flake8 --xunit-file /home/broodjesemih/ass_ros2_ws/build/g1_ass1_pkg/test_results/g1_ass1_pkg/flake8.xunit.xml
6: 
6: 2 files checked
6: No problems found
6: 
6: Checked files:
6: 
6: * ./install/_local_setup_util_sh.py
6: * ./install/_local_setup_util_ps1.py
6: -- run_test.py: return code 0
6: -- run_test.py: verify result file '/home/broodjesemih/ass_ros2_ws/build/g1_ass1_pkg/test_results/g1_ass1_pkg/flake8.xunit.xml'
 6/10 Test  #6: flake8 ...........................   Passed    0.26 sec
test 7
      Start  7: lint_cmake

7: Test command: /usr/bin/python3 "-u" "/opt/ros/jazzy/share/ament_cmake_test/cmake/run_test.py" "/home/broodjesemih/ass_ros2_ws/build/g1_ass1_pkg/test_results/g1_ass1_pkg/lint_cmake.xunit.xml" "--package-name" "g1_ass1_pkg" "--output-file" "/home/broodjesemih/ass_ros2_ws/build/g1_ass1_pkg/ament_lint_cmake/lint_cmake.txt" "--command" "/opt/ros/jazzy/bin/ament_lint_cmake" "--xunit-file" "/home/broodjesemih/ass_ros2_ws/build/g1_ass1_pkg/test_results/g1_ass1_pkg/lint_cmake.xunit.xml"
7: Working Directory: /home/broodjesemih/ass_ros2_ws/src/g1_ass1_pkg
7: Test timeout computed to be: 60
7: -- run_test.py: invoking following command in '/home/broodjesemih/ass_ros2_ws/src/g1_ass1_pkg':
7:  - /opt/ros/jazzy/bin/ament_lint_cmake --xunit-file /home/broodjesemih/ass_ros2_ws/build/g1_ass1_pkg/test_results/g1_ass1_pkg/lint_cmake.xunit.xml
7: CMakeLists.txt:12: Line ends in whitespace [whitespace/eol]
7: CMakeLists.txt:45: Line ends in whitespace [whitespace/eol]
7: CMakeLists.txt:58: Line ends in whitespace [whitespace/eol]
7: 
7: 
7: 3 errors
7: -- run_test.py: return code 1
7: -- run_test.py: verify result file '/home/broodjesemih/ass_ros2_ws/build/g1_ass1_pkg/test_results/g1_ass1_pkg/lint_cmake.xunit.xml'
 7/10 Test  #7: lint_cmake .......................***Failed    0.10 sec
test 8
      Start  8: pep257

8: Test command: /usr/bin/python3 "-u" "/opt/ros/jazzy/share/ament_cmake_test/cmake/run_test.py" "/home/broodjesemih/ass_ros2_ws/build/g1_ass1_pkg/test_results/g1_ass1_pkg/pep257.xunit.xml" "--package-name" "g1_ass1_pkg" "--output-file" "/home/broodjesemih/ass_ros2_ws/build/g1_ass1_pkg/ament_pep257/pep257.txt" "--command" "/opt/ros/jazzy/bin/ament_pep257" "--xunit-file" "/home/broodjesemih/ass_ros2_ws/build/g1_ass1_pkg/test_results/g1_ass1_pkg/pep257.xunit.xml"
8: Working Directory: /home/broodjesemih/ass_ros2_ws/src/g1_ass1_pkg
8: Test timeout computed to be: 60
8: -- run_test.py: invoking following command in '/home/broodjesemih/ass_ros2_ws/src/g1_ass1_pkg':
8:  - /opt/ros/jazzy/bin/ament_pep257 --xunit-file /home/broodjesemih/ass_ros2_ws/build/g1_ass1_pkg/test_results/g1_ass1_pkg/pep257.xunit.xml
8: checking ./install/_local_setup_util_ps1.py
8: checking ./install/_local_setup_util_sh.py
8: No problems found
8: -- run_test.py: return code 0
8: -- run_test.py: verify result file '/home/broodjesemih/ass_ros2_ws/build/g1_ass1_pkg/test_results/g1_ass1_pkg/pep257.xunit.xml'
 8/10 Test  #8: pep257 ...........................   Passed    0.16 sec
test 9
      Start  9: uncrustify

9: Test command: /usr/bin/python3 "-u" "/opt/ros/jazzy/share/ament_cmake_test/cmake/run_test.py" "/home/broodjesemih/ass_ros2_ws/build/g1_ass1_pkg/test_results/g1_ass1_pkg/uncrustify.xunit.xml" "--package-name" "g1_ass1_pkg" "--output-file" "/home/broodjesemih/ass_ros2_ws/build/g1_ass1_pkg/ament_uncrustify/uncrustify.txt" "--command" "/opt/ros/jazzy/bin/ament_uncrustify" "--xunit-file" "/home/broodjesemih/ass_ros2_ws/build/g1_ass1_pkg/test_results/g1_ass1_pkg/uncrustify.xunit.xml"
9: Working Directory: /home/broodjesemih/ass_ros2_ws/src/g1_ass1_pkg
9: Test timeout computed to be: 60
9: -- run_test.py: invoking following command in '/home/broodjesemih/ass_ros2_ws/src/g1_ass1_pkg':
9:  - /opt/ros/jazzy/bin/ament_uncrustify --xunit-file /home/broodjesemih/ass_ros2_ws/build/g1_ass1_pkg/test_results/g1_ass1_pkg/uncrustify.xunit.xml
9: Code style divergence in file 'src/cijfer_calculator.cpp':
9: 
9: --- src/cijfer_calculator.cpp
9: +++ src/cijfer_calculator.cpp.uncrustify
9: @@ -6,2 +6,4 @@
9: -    CijferCalculatorNode() : Node("cijfer_calculator_node") {
9: -        service_ = this->create_service<g1_interface_pkg::srv::Tentamens>(
9: +  CijferCalculatorNode()
9: +  : Node("cijfer_calculator_node")
9: +  {
9: +    service_ = this->create_service<g1_interface_pkg::srv::Tentamens>(
9: @@ -9,2 +11,3 @@
9: -            std::bind(&CijferCalculatorNode::handle_request, this, std::placeholders::_1, std::placeholders::_2));
9: -    }
9: +            std::bind(&CijferCalculatorNode::handle_request, this, std::placeholders::_1,
9: +      std::placeholders::_2));
9: +  }
9: @@ -13,5 +16,7 @@
9: -    void handle_request(const std::shared_ptr<g1_interface_pkg::srv::Tentamens::Request> request,
9: -                        std::shared_ptr<g1_interface_pkg::srv::Tentamens::Response> response) {
9: -        double sum = 0.0;
9: -        for (int cijfer : request->tentamen_cijfers) sum += cijfer;
9: -        double avg = request->tentamen_cijfers.empty() ? 0.0 : sum / request->tentamen_cijfers.size();
9: +  void handle_request(
9: +    const std::shared_ptr<g1_interface_pkg::srv::Tentamens::Request> request,
9: +    std::shared_ptr<g1_interface_pkg::srv::Tentamens::Response> response)
9: +  {
9: +    double sum = 0.0;
9: +    for (int cijfer : request->tentamen_cijfers) {sum += cijfer;}
9: +    double avg = request->tentamen_cijfers.empty() ? 0.0 : sum / request->tentamen_cijfers.size();
9: @@ -19,2 +24,2 @@
9: -        if (request->student_name == "Wessel") avg += 10.0;
9: -        avg = std::max(10.0, std::min(100.0, avg));
9: +    if (request->student_name == "Wessel") {avg += 10.0;}
9: +    avg = std::max(10.0, std::min(100.0, avg));
9: @@ -22,4 +27,5 @@
9: -        response->final_cijfer = static_cast<int>(avg);
9: -        response->message = "Cijfer berekend";
9: -        RCLCPP_INFO(this->get_logger(), "Calculated final cijfer for %s/%s: %d", request->student_name.c_str(), request->course_name.c_str(), response->final_cijfer);
9: -    }
9: +    response->final_cijfer = static_cast<int>(avg);
9: +    response->message = "Cijfer berekend";
9: +    RCLCPP_INFO(this->get_logger(), "Calculated final cijfer for %s/%s: %d",
9: +      request->student_name.c_str(), request->course_name.c_str(), response->final_cijfer);
9: +  }
9: @@ -27 +33 @@
9: -    rclcpp::Service<g1_interface_pkg::srv::Tentamens>::SharedPtr service_;
9: +  rclcpp::Service<g1_interface_pkg::srv::Tentamens>::SharedPtr service_;
9: @@ -30,6 +36,7 @@
9: -int main(int argc, char **argv) {
9: -    rclcpp::init(argc, argv);
9: -    rclcpp::spin(std::make_shared<CijferCalculatorNode>());
9: -    rclcpp::shutdown();
9: -    return 0;
9: -}
9: +int main(int argc, char **argv)
9: +{
9: +  rclcpp::init(argc, argv);
9: +  rclcpp::spin(std::make_shared<CijferCalculatorNode>());
9: +  rclcpp::shutdown();
9: +  return 0;
9: +}
9: 
9: Code style divergence in file 'src/final_cijfer_determinator.cpp':
9: 
9: --- src/final_cijfer_determinator.cpp
9: +++ src/final_cijfer_determinator.cpp.uncrustify
9: @@ -12,6 +12,6 @@
9: -    std::string student;
9: -    std::string course;
9: -    bool operator==(const StudentCourseKey &other) const
9: -    {
9: -        return student == other.student && course == other.course;
9: -    }
9: +  std::string student;
9: +  std::string course;
9: +  bool operator==(const StudentCourseKey & other) const
9: +  {
9: +    return student == other.student && course == other.course;
9: +  }
9: @@ -21,8 +21,8 @@
9: -    template <>
9: -    struct hash<StudentCourseKey>
9: -    {
9: -        std::size_t operator()(const StudentCourseKey &k) const
9: -        {
9: -            return std::hash<std::string>()(k.student) ^ std::hash<std::string>()(k.course);
9: -        }
9: -    };
9: +template<>
9: +struct hash<StudentCourseKey>
9: +{
9: +  std::size_t operator()(const StudentCourseKey & k) const
9: +  {
9: +    return std::hash<std::string>()(k.student) ^ std::hash<std::string>()(k.course);
9: +  }
9: +};
9: @@ -34,7 +34,10 @@
9: -    FinalCijferDeterminator() : Node("final_cijfer_determinator")
9: -    {
9: -        RCLCPP_INFO(this->get_logger(), "final_cijfer_determinator gestart!");
9: -        tentamen_sub_ = this->create_subscription<g1_interface_pkg::msg::Tentamen>(
9: -            "tentamen_results", 10, std::bind(&FinalCijferDeterminator::tentamen_callback, this, std::placeholders::_1));
9: -        cijfer_client_ = this->create_client<g1_interface_pkg::srv::Tentamens>("calculate_final_cijfer");
9: -    }
9: +  FinalCijferDeterminator()
9: +  : Node("final_cijfer_determinator")
9: +  {
9: +    RCLCPP_INFO(this->get_logger(), "final_cijfer_determinator gestart!");
9: +    tentamen_sub_ = this->create_subscription<g1_interface_pkg::msg::Tentamen>(
9: +            "tentamen_results", 10,
9: +      std::bind(&FinalCijferDeterminator::tentamen_callback, this, std::placeholders::_1));
9: +    cijfer_client_ =
9: +      this->create_client<g1_interface_pkg::srv::Tentamens>("calculate_final_cijfer");
9: +  }
9: @@ -43,3 +46,3 @@
9: -    std::unordered_map<StudentCourseKey, std::vector<int>> tentamen_map_;
9: -    rclcpp::Subscription<g1_interface_pkg::msg::Tentamen>::SharedPtr tentamen_sub_;
9: -    rclcpp::Client<g1_interface_pkg::srv::Tentamens>::SharedPtr cijfer_client_;
9: +  std::unordered_map<StudentCourseKey, std::vector<int>> tentamen_map_;
9: +  rclcpp::Subscription<g1_interface_pkg::msg::Tentamen>::SharedPtr tentamen_sub_;
9: +  rclcpp::Client<g1_interface_pkg::srv::Tentamens>::SharedPtr cijfer_client_;
9: @@ -47,4 +50,4 @@
9: -    void tentamen_callback(const g1_interface_pkg::msg::Tentamen::SharedPtr msg)
9: -    {
9: -        StudentCourseKey key{msg->student_name, msg->course_name};
9: -        tentamen_map_[key].push_back(msg->tentamen_cijfer);
9: +  void tentamen_callback(const g1_interface_pkg::msg::Tentamen::SharedPtr msg)
9: +  {
9: +    StudentCourseKey key{msg->student_name, msg->course_name};
9: +    tentamen_map_[key].push_back(msg->tentamen_cijfer);
9: @@ -52 +55,2 @@
9: -        RCLCPP_INFO(this->get_logger(), "Ontvangen tentamen: %s/%s %d", msg->student_name.c_str(), msg->course_name.c_str(), msg->tentamen_cijfer);
9: +    RCLCPP_INFO(this->get_logger(), "Ontvangen tentamen: %s/%s %d", msg->student_name.c_str(),
9: +      msg->course_name.c_str(), msg->tentamen_cijfer);
9: @@ -55,6 +59,5 @@
9: -        if (tentamen_map_[key].size() >= 3)
9: -        {
9: -            auto request = std::make_shared<g1_interface_pkg::srv::Tentamens::Request>();
9: -            request->student_name = key.student;
9: -            request->course_name = key.course;
9: -            request->tentamen_cijfers = tentamen_map_[key];
9: +    if (tentamen_map_[key].size() >= 3) {
9: +      auto request = std::make_shared<g1_interface_pkg::srv::Tentamens::Request>();
9: +      request->student_name = key.student;
9: +      request->course_name = key.course;
9: +      request->tentamen_cijfers = tentamen_map_[key];
9: @@ -63,3 +66,4 @@
9: -            auto response_callback = [this, key](rclcpp::Client<g1_interface_pkg::srv::Tentamens>::SharedFuture result_future)
9: -            {
9: -                auto response = result_future.get();
9: +      auto response_callback = [this,
9: +          key](rclcpp::Client<g1_interface_pkg::srv::Tentamens>::SharedFuture result_future)
9: +        {
9: +          auto response = result_future.get();
9: @@ -67 +71 @@
9: -                RCLCPP_INFO(this->get_logger(), "Schrijf naar database: %s,%s,%ld,%d,%s",
9: +          RCLCPP_INFO(this->get_logger(), "Schrijf naar database: %s,%s,%ld,%d,%s",
9: @@ -74,3 +78,4 @@
9: -                std::ofstream db("/home/broodjesemih/ass_ros2_ws/database.csv", std::ios::app);
9: -                db << key.student << "," << key.course << "," << tentamen_map_[key].size() << "," << response->final_cijfer << "," << std::to_string(this->now().seconds()) << "\n";
9: -                db.close();
9: +          std::ofstream db("/home/broodjesemih/ass_ros2_ws/database.csv", std::ios::app);
9: +          db << key.student << "," << key.course << "," << tentamen_map_[key].size() << "," <<
9: +            response->final_cijfer << "," << std::to_string(this->now().seconds()) << "\n";
9: +          db.close();
9: @@ -78 +83,2 @@
9: -                RCLCPP_INFO(this->get_logger(), "Final cijfer for %s/%s: %d", key.student.c_str(), key.course.c_str(), response->final_cijfer);
9: +          RCLCPP_INFO(this->get_logger(), "Final cijfer for %s/%s: %d", key.student.c_str(),
9: +          key.course.c_str(), response->final_cijfer);
9: @@ -80,2 +86,2 @@
9: -                tentamen_map_.erase(key);
9: -            };
9: +          tentamen_map_.erase(key);
9: +        };
9: @@ -83,2 +89 @@
9: -            cijfer_client_->async_send_request(request, response_callback);
9: -        }
9: +      cijfer_client_->async_send_request(request, response_callback);
9: @@ -85,0 +91 @@
9: +  }
9: @@ -90,5 +96,5 @@
9: -    rclcpp::init(argc, argv);
9: -    rclcpp::spin(std::make_shared<FinalCijferDeterminator>());
9: -    rclcpp::shutdown();
9: -    return 0;
9: -}
9: +  rclcpp::init(argc, argv);
9: +  rclcpp::spin(std::make_shared<FinalCijferDeterminator>());
9: +  rclcpp::shutdown();
9: +  return 0;
9: +}
9: 
9: Code style divergence in file 'src/herkansing_cijfer_determinator.cpp':
9: 
9: --- src/herkansing_cijfer_determinator.cpp
9: +++ src/herkansing_cijfer_determinator.cpp.uncrustify
9: @@ -11,6 +11,8 @@
9: -struct StudentCourseKey {
9: -    std::string student;
9: -    std::string course;
9: -    bool operator==(const StudentCourseKey& other) const {
9: -        return student == other.student && course == other.course;
9: -    }
9: +struct StudentCourseKey
9: +{
9: +  std::string student;
9: +  std::string course;
9: +  bool operator==(const StudentCourseKey & other) const
9: +  {
9: +    return student == other.student && course == other.course;
9: +  }
9: @@ -18,7 +20,10 @@
9: -namespace std {
9: -    template <>
9: -    struct hash<StudentCourseKey> {
9: -        std::size_t operator()(const StudentCourseKey& k) const {
9: -            return std::hash<std::string>()(k.student) ^ std::hash<std::string>()(k.course);
9: -        }
9: -    };
9: +namespace std
9: +{
9: +template<>
9: +struct hash<StudentCourseKey>
9: +{
9: +  std::size_t operator()(const StudentCourseKey & k) const
9: +  {
9: +    return std::hash<std::string>()(k.student) ^ std::hash<std::string>()(k.course);
9: +  }
9: +};
9: @@ -29,3 +34,5 @@
9: -    using Herkanser = g1_interface_pkg::action::Herkanser;
9: -    HerkansingCijferDeterminator() : Node("herkansing_cijfer_determinator") {
9: -        action_server_ = rclcpp_action::create_server<Herkanser>(
9: +  using Herkanser = g1_interface_pkg::action::Herkanser;
9: +  HerkansingCijferDeterminator()
9: +  : Node("herkansing_cijfer_determinator")
9: +  {
9: +    action_server_ = rclcpp_action::create_server<Herkanser>(
9: @@ -33 +40,2 @@
9: -            std::bind(&HerkansingCijferDeterminator::handle_goal, this, std::placeholders::_1, std::placeholders::_2),
9: +            std::bind(&HerkansingCijferDeterminator::handle_goal, this, std::placeholders::_1,
9: +      std::placeholders::_2),
9: @@ -36 +44,43 @@
9: -        cijfer_client_ = this->create_client<g1_interface_pkg::srv::Tentamens>("calculate_final_cijfer");
9: +    cijfer_client_ =
9: +      this->create_client<g1_interface_pkg::srv::Tentamens>("calculate_final_cijfer");
9: +  }
9: +
9: +private:
9: +  rclcpp_action::Server<Herkanser>::SharedPtr action_server_;
9: +  rclcpp::Client<g1_interface_pkg::srv::Tentamens>::SharedPtr cijfer_client_;
9: +
9: +  rclcpp_action::GoalResponse handle_goal(
9: +    const rclcpp_action::GoalUUID &,
9: +    std::shared_ptr<const Herkanser::Goal> goal)
9: +  {
9: +    RCLCPP_INFO(this->get_logger(), "Received herkansing goal for %s/%s",
9: +      goal->student_name.c_str(), goal->course_name.c_str());
9: +    return rclcpp_action::GoalResponse::ACCEPT_AND_EXECUTE;
9: +  }
9: +
9: +  rclcpp_action::CancelResponse handle_cancel(
9: +    const std::shared_ptr<rclcpp_action::ServerGoalHandle<Herkanser>>)
9: +  {
9: +    return rclcpp_action::CancelResponse::ACCEPT;
9: +  }
9: +
9: +  void handle_accepted(
9: +    const std::shared_ptr<rclcpp_action::ServerGoalHandle<Herkanser>> goal_handle)
9: +  {
9: +    std::thread{std::bind(&HerkansingCijferDeterminator::execute, this, goal_handle)}.detach();
9: +  }
9: +
9: +  void execute(const std::shared_ptr<rclcpp_action::ServerGoalHandle<Herkanser>> goal_handle)
9: +  {
9: +    auto goal = goal_handle->get_goal();
9: +    StudentCourseKey key{goal->student_name, goal->course_name};
9: +
9: +        // Simulate receiving new tentamen results (here: random generation)
9: +    std::vector<int> cijfers;
9: +    for (int i = 0; i < 3; ++i) {
9: +      cijfers.push_back(10 + (rand() % 91));
9: +      auto feedback = std::make_shared<Herkanser::Feedback>();
9: +      feedback->progress = (i + 1) / 3.0f;
9: +      feedback->status = "Collecting tentamen results";
9: +      goal_handle->publish_feedback(feedback);
9: +      std::this_thread::sleep_for(std::chrono::seconds(1));
9: @@ -39,3 +89,5 @@
9: -private:
9: -    rclcpp_action::Server<Herkanser>::SharedPtr action_server_;
9: -    rclcpp::Client<g1_interface_pkg::srv::Tentamens>::SharedPtr cijfer_client_;
9: +        // Calculate new final cijfer
9: +    auto request = std::make_shared<g1_interface_pkg::srv::Tentamens::Request>();
9: +    request->student_name = key.student;
9: +    request->course_name = key.course;
9: +    request->tentamen_cijfers = cijfers;
9: @@ -43,37 +95,3 @@
9: -    rclcpp_action::GoalResponse handle_goal(const rclcpp_action::GoalUUID &, std::shared_ptr<const Herkanser::Goal> goal) {
9: -        RCLCPP_INFO(this->get_logger(), "Received herkansing goal for %s/%s", goal->student_name.c_str(), goal->course_name.c_str());
9: -        return rclcpp_action::GoalResponse::ACCEPT_AND_EXECUTE;
9: -    }
9: -
9: -    rclcpp_action::CancelResponse handle_cancel(const std::shared_ptr<rclcpp_action::ServerGoalHandle<Herkanser>>) {
9: -        return rclcpp_action::CancelResponse::ACCEPT;
9: -    }
9: -
9: -    void handle_accepted(const std::shared_ptr<rclcpp_action::ServerGoalHandle<Herkanser>> goal_handle) {
9: -        std::thread{std::bind(&HerkansingCijferDeterminator::execute, this, goal_handle)}.detach();
9: -    }
9: -
9: -    void execute(const std::shared_ptr<rclcpp_action::ServerGoalHandle<Herkanser>> goal_handle) {
9: -        auto goal = goal_handle->get_goal();
9: -        StudentCourseKey key{goal->student_name, goal->course_name};
9: -
9: -        // Simulate receiving new tentamen results (here: random generation)
9: -        std::vector<int> cijfers;
9: -        for (int i = 0; i < 3; ++i) {
9: -            cijfers.push_back(10 + (rand() % 91));
9: -            auto feedback = std::make_shared<Herkanser::Feedback>();
9: -            feedback->progress = (i + 1) / 3.0f;
9: -            feedback->status = "Collecting tentamen results";
9: -            goal_handle->publish_feedback(feedback);
9: -            std::this_thread::sleep_for(std::chrono::seconds(1));
9: -        }
9: -
9: -        // Calculate new final cijfer
9: -        auto request = std::make_shared<g1_interface_pkg::srv::Tentamens::Request>();
9: -        request->student_name = key.student;
9: -        request->course_name = key.course;
9: -        request->tentamen_cijfers = cijfers;
9: -
9: -        auto future = cijfer_client_->async_send_request(request);
9: -        future.wait();
9: -        auto response = future.get();
9: +    auto future = cijfer_client_->async_send_request(request);
9: +    future.wait();
9: +    auto response = future.get();
9: @@ -82,3 +100,4 @@
9: -        std::ofstream db("/home/broodjesemih/ass_ros2_ws/database.csv", std::ios::app);
9: -        db << key.student << "," << key.course << "," << cijfers.size() << "," << response->final_cijfer << "," << std::to_string(this->now().seconds()) << "\n";
9: -        db.close();
9: +    std::ofstream db("/home/broodjesemih/ass_ros2_ws/database.csv", std::ios::app);
9: +    db << key.student << "," << key.course << "," << cijfers.size() << "," <<
9: +      response->final_cijfer << "," << std::to_string(this->now().seconds()) << "\n";
9: +    db.close();
9: @@ -86,5 +105,5 @@
9: -        auto result = std::make_shared<Herkanser::Result>();
9: -        result->final_cijfer = response->final_cijfer;
9: -        result->message = "Nieuwe herkansing cijfer toegevoegd";
9: -        goal_handle->succeed(result);
9: -    }
9: +    auto result = std::make_shared<Herkanser::Result>();
9: +    result->final_cijfer = response->final_cijfer;
9: +    result->message = "Nieuwe herkansing cijfer toegevoegd";
9: +    goal_handle->succeed(result);
9: +  }
9: @@ -93,6 +112,7 @@
9: -int main(int argc, char **argv) {
9: -    rclcpp::init(argc, argv);
9: -    rclcpp::spin(std::make_shared<HerkansingCijferDeterminator>());
9: -    rclcpp::shutdown();
9: -    return 0;
9: -}
9: +int main(int argc, char **argv)
9: +{
9: +  rclcpp::init(argc, argv);
9: +  rclcpp::spin(std::make_shared<HerkansingCijferDeterminator>());
9: +  rclcpp::shutdown();
9: +  return 0;
9: +}
9: 
9: Code style divergence in file 'src/herkansing_scheduler.cpp':
9: 
9: --- src/herkansing_scheduler.cpp
9: +++ src/herkansing_scheduler.cpp.uncrustify
9: @@ -10,4 +10,6 @@
9: -    using Herkanser = g1_interface_pkg::action::Herkanser;
9: -    HerkansingSchedulerNode() : Node("herkansing_scheduler") {
9: -        action_client_ = rclcpp_action::create_client<Herkanser>(this, "herkanser");
9: -        timer_ = this->create_wall_timer(
9: +  using Herkanser = g1_interface_pkg::action::Herkanser;
9: +  HerkansingSchedulerNode()
9: +  : Node("herkansing_scheduler")
9: +  {
9: +    action_client_ = rclcpp_action::create_client<Herkanser>(this, "herkanser");
9: +    timer_ = this->create_wall_timer(
9: @@ -16 +18 @@
9: -    }
9: +  }
9: @@ -19,2 +21,2 @@
9: -    rclcpp_action::Client<Herkanser>::SharedPtr action_client_;
9: -    rclcpp::TimerBase::SharedPtr timer_;
9: +  rclcpp_action::Client<Herkanser>::SharedPtr action_client_;
9: +  rclcpp::TimerBase::SharedPtr timer_;
9: @@ -22,11 +24,12 @@
9: -    void check_failed_students() {
9: -        std::ifstream db("/home/broodjesemih/ass_ros2_ws/database.csv");
9: -        std::string line;
9: -        while (std::getline(db, line)) {
9: -            std::istringstream iss(line);
9: -            std::string student, course, exams, final_result, timestamp;
9: -            std::getline(iss, student, ',');
9: -            std::getline(iss, course, ',');
9: -            std::getline(iss, exams, ',');
9: -            std::getline(iss, final_result, ',');
9: -            std::getline(iss, timestamp, ',');
9: +  void check_failed_students()
9: +  {
9: +    std::ifstream db("/home/broodjesemih/ass_ros2_ws/database.csv");
9: +    std::string line;
9: +    while (std::getline(db, line)) {
9: +      std::istringstream iss(line);
9: +      std::string student, course, exams, final_result, timestamp;
9: +      std::getline(iss, student, ',');
9: +      std::getline(iss, course, ',');
9: +      std::getline(iss, exams, ',');
9: +      std::getline(iss, final_result, ',');
9: +      std::getline(iss, timestamp, ',');
9: @@ -34,9 +37,9 @@
9: -            int cijfer = final_result.empty() ? 0 : std::stoi(final_result);
9: -            if (cijfer >= 10 && cijfer <= 54) {
9: -                auto goal_msg = Herkanser::Goal();
9: -                goal_msg.student_name = student;
9: -                goal_msg.course_name = course;
9: -                action_client_->async_send_goal(goal_msg);
9: -                RCLCPP_INFO(this->get_logger(), "Requested herkansing for %s/%s", student.c_str(), course.c_str());
9: -            }
9: -        }
9: +      int cijfer = final_result.empty() ? 0 : std::stoi(final_result);
9: +      if (cijfer >= 10 && cijfer <= 54) {
9: +        auto goal_msg = Herkanser::Goal();
9: +        goal_msg.student_name = student;
9: +        goal_msg.course_name = course;
9: +        action_client_->async_send_goal(goal_msg);
9: +        RCLCPP_INFO(this->get_logger(), "Requested herkansing for %s/%s", student.c_str(),
9: +          course.c_str());
9: +      }
9: @@ -43,0 +47 @@
9: +  }
9: @@ -46,6 +50,7 @@
9: -int main(int argc, char **argv) {
9: -    rclcpp::init(argc, argv);
9: -    rclcpp::spin(std::make_shared<HerkansingSchedulerNode>());
9: -    rclcpp::shutdown();
9: -    return 0;
9: -}
9: +int main(int argc, char **argv)
9: +{
9: +  rclcpp::init(argc, argv);
9: +  rclcpp::spin(std::make_shared<HerkansingSchedulerNode>());
9: +  rclcpp::shutdown();
9: +  return 0;
9: +}
9: 
9: Code style divergence in file 'src/tentamen_result_generator.cpp':
9: 
9: --- src/tentamen_result_generator.cpp
9: +++ src/tentamen_result_generator.cpp.uncrustify
9: @@ -9,6 +9,8 @@
9: -struct StudentCourseKey {
9: -    std::string student;
9: -    std::string course;
9: -    bool operator==(const StudentCourseKey& other) const {
9: -        return student == other.student && course == other.course;
9: -    }
9: +struct StudentCourseKey
9: +{
9: +  std::string student;
9: +  std::string course;
9: +  bool operator==(const StudentCourseKey & other) const
9: +  {
9: +    return student == other.student && course == other.course;
9: +  }
9: @@ -16,7 +18,10 @@
9: -namespace std {
9: -    template <>
9: -    struct hash<StudentCourseKey> {
9: -        std::size_t operator()(const StudentCourseKey& k) const {
9: -            return std::hash<std::string>()(k.student) ^ std::hash<std::string>()(k.course);
9: -        }
9: -    };
9: +namespace std
9: +{
9: +template<>
9: +struct hash<StudentCourseKey>
9: +{
9: +  std::size_t operator()(const StudentCourseKey & k) const
9: +  {
9: +    return std::hash<std::string>()(k.student) ^ std::hash<std::string>()(k.course);
9: +  }
9: +};
9: @@ -27,3 +32,5 @@
9: -    TentamenResultGenerator() : Node("tentamen_result_generator") {
9: -        publisher_ = this->create_publisher<g1_interface_pkg::msg::Tentamen>("tentamen_results", 10);
9: -        timer_ = this->create_wall_timer(
9: +  TentamenResultGenerator()
9: +  : Node("tentamen_result_generator")
9: +  {
9: +    publisher_ = this->create_publisher<g1_interface_pkg::msg::Tentamen>("tentamen_results", 10);
9: +    timer_ = this->create_wall_timer(
9: @@ -32,2 +39,2 @@
9: -        load_student_course_combinations();
9: -    }
9: +    load_student_course_combinations();
9: +  }
9: @@ -38,3 +45,3 @@
9: -    std::unordered_set<StudentCourseKey> active_combinations_;
9: -    rclcpp::Publisher<g1_interface_pkg::msg::Tentamen>::SharedPtr publisher_;
9: -    rclcpp::TimerBase::SharedPtr timer_;
9: +  std::unordered_set<StudentCourseKey> active_combinations_;
9: +  rclcpp::Publisher<g1_interface_pkg::msg::Tentamen>::SharedPtr publisher_;
9: +  rclcpp::TimerBase::SharedPtr timer_;
9: @@ -42,15 +49,15 @@
9: -    void load_student_course_combinations() {
9: -        std::ifstream db("/home/broodjesemih/ass_ros2_ws/database.csv");
9: -        std::string line;
9: -        while (std::getline(db, line)) {
9: -            std::istringstream iss(line);
9: -            std::string student, course, exams, final_result, timestamp;
9: -            std::getline(iss, student, ',');
9: -            std::getline(iss, course, ',');
9: -            std::getline(iss, exams, ',');
9: -            std::getline(iss, final_result, ',');
9: -            std::getline(iss, timestamp, ',');
9: -            if (final_result.empty()) { // Only add if no final result
9: -                active_combinations_.insert({student, course});
9: -            }
9: -        }
9: +  void load_student_course_combinations()
9: +  {
9: +    std::ifstream db("/home/broodjesemih/ass_ros2_ws/database.csv");
9: +    std::string line;
9: +    while (std::getline(db, line)) {
9: +      std::istringstream iss(line);
9: +      std::string student, course, exams, final_result, timestamp;
9: +      std::getline(iss, student, ',');
9: +      std::getline(iss, course, ',');
9: +      std::getline(iss, exams, ',');
9: +      std::getline(iss, final_result, ',');
9: +      std::getline(iss, timestamp, ',');
9: +      if (final_result.empty()) {       // Only add if no final result
9: +        active_combinations_.insert({student, course});
9: +      }
9: @@ -57,0 +65 @@
9: +  }
9: @@ -59,5 +67,6 @@
9: -    void publish_random_result() {
9: -        if (active_combinations_.empty()) return;
9: -        auto it = active_combinations_.begin();
9: -        std::advance(it, rand() % active_combinations_.size());
9: -        auto key = *it;
9: +  void publish_random_result()
9: +  {
9: +    if (active_combinations_.empty()) {return;}
9: +    auto it = active_combinations_.begin();
9: +    std::advance(it, rand() % active_combinations_.size());
9: +    auto key = *it;
9: @@ -65,5 +74,5 @@
9: -        g1_interface_pkg::msg::Tentamen msg;
9: -        msg.stamp = this->now();
9: -        msg.student_name = key.student;
9: -        msg.course_name = key.course;
9: -        msg.tentamen_cijfer = 10 + (rand() % 91); // 10-100
9: +    g1_interface_pkg::msg::Tentamen msg;
9: +    msg.stamp = this->now();
9: +    msg.student_name = key.student;
9: +    msg.course_name = key.course;
9: +    msg.tentamen_cijfer = 10 + (rand() % 91);     // 10-100
9: @@ -71,3 +80,4 @@
9: -        publisher_->publish(msg);
9: -        RCLCPP_INFO(this->get_logger(), "Published tentamen for %s/%s: %d", key.student.c_str(), key.course.c_str(), msg.tentamen_cijfer);
9: -    }
9: +    publisher_->publish(msg);
9: +    RCLCPP_INFO(this->get_logger(), "Published tentamen for %s/%s: %d", key.student.c_str(),
9: +      key.course.c_str(), msg.tentamen_cijfer);
9: +  }
9: @@ -76,6 +86,7 @@
9: -int main(int argc, char **argv) {
9: -    rclcpp::init(argc, argv);
9: -    rclcpp::spin(std::make_shared<TentamenResultGenerator>());
9: -    rclcpp::shutdown();
9: -    return 0;
9: -}
9: +int main(int argc, char **argv)
9: +{
9: +  rclcpp::init(argc, argv);
9: +  rclcpp::spin(std::make_shared<TentamenResultGenerator>());
9: +  rclcpp::shutdown();
9: +  return 0;
9: +}
9: 
9: Code style divergence in file 'test/test_cijfer_calculator.cpp':
9: 
9: --- test/test_cijfer_calculator.cpp
9: +++ test/test_cijfer_calculator.cpp.uncrustify
9: @@ -8 +8,2 @@
9: -int main(int argc, char** argv) {
9: +int main(int argc, char ** argv)
9: +{
9: @@ -11 +12 @@
9: -}
9: +}
9: 
9: Code style divergence in file 'test/test_cijfer_service.cpp':
9: 
9: --- test/test_cijfer_service.cpp
9: +++ test/test_cijfer_service.cpp.uncrustify
9: @@ -10 +10,2 @@
9: -  static void SetUpTestSuite() {
9: +  static void SetUpTestSuite()
9: +  {
9: @@ -14 +15,2 @@
9: -  static void TearDownTestSuite() {
9: +  static void TearDownTestSuite()
9: +  {
9: @@ -22 +24 @@
9: -  
9: +
9: @@ -24 +26 @@
9: -  
9: +
9: @@ -29 +31 @@
9: -  
9: +
9: @@ -32 +34 @@
9: -  
9: +
9: @@ -35 +37 @@
9: -  
9: +
9: @@ -44 +46 @@
9: -  
9: +
9: @@ -46 +48 @@
9: -  
9: +
9: @@ -51 +53 @@
9: -  
9: +
9: @@ -54 +56 @@
9: -  
9: +
9: @@ -57 +59 @@
9: -  
9: +
9: @@ -65 +67 @@
9: -  
9: +
9: @@ -67 +69 @@
9: -  
9: +
9: @@ -72 +74 @@
9: -  
9: +
9: @@ -75 +77 @@
9: -  
9: +
9: @@ -78 +80 @@
9: -  
9: +
9: @@ -86 +88 @@
9: -  
9: +
9: @@ -88 +90 @@
9: -  
9: +
9: @@ -93 +95 @@
9: -  
9: +
9: @@ -96 +98 @@
9: -  
9: +
9: @@ -99 +101 @@
9: -  
9: +
9: @@ -107 +109 @@
9: -  
9: +
9: @@ -109 +111 @@
9: -  
9: +
9: @@ -114 +116 @@
9: -  
9: +
9: @@ -117 +119 @@
9: -  
9: +
9: @@ -120 +122 @@
9: -  
9: +
9: @@ -125 +127,2 @@
9: -int main(int argc, char **argv) {
9: +int main(int argc, char **argv)
9: +{
9: 
9: Code style divergence in file 'test/test_final_cijfer_determinator.cpp':
9: 
9: --- test/test_final_cijfer_determinator.cpp
9: +++ test/test_final_cijfer_determinator.cpp.uncrustify
9: @@ -11 +11,2 @@
9: -  static void SetUpTestSuite() {
9: +  static void SetUpTestSuite()
9: +  {
9: @@ -15 +16,2 @@
9: -  static void TearDownTestSuite() {
9: +  static void TearDownTestSuite()
9: +  {
9: @@ -23 +25 @@
9: -  
9: +
9: @@ -26,2 +28,3 @@
9: -  
9: -  EXPECT_GE(publisher->get_subscription_count(), 1) << "final_cijfer_determinator should be subscribed";
9: +
9: +  EXPECT_GE(publisher->get_subscription_count(),
9: +    1) << "final_cijfer_determinator should be subscribed";
9: @@ -33 +36 @@
9: -  
9: +
9: @@ -36 +39 @@
9: -  
9: +
9: @@ -44 +47 @@
9: -    
9: +
9: @@ -49 +52 @@
9: -  
9: +
9: @@ -52 +55 @@
9: -  
9: +
9: @@ -57 +60 @@
9: -  
9: +
9: @@ -59,2 +62,3 @@
9: -    if (line.find("TestStudent") != std::string::npos && 
9: -        line.find("TestCourse") != std::string::npos) {
9: +    if (line.find("TestStudent") != std::string::npos &&
9: +      line.find("TestCourse") != std::string::npos)
9: +    {
9: @@ -65 +69 @@
9: -  
9: +
9: @@ -72 +76 @@
9: -  
9: +
9: @@ -74 +78 @@
9: -  
9: +
9: @@ -77 +81 @@
9: -  int count_before = std::count(std::istreambuf_iterator<char>(db_before), 
9: +  int count_before = std::count(std::istreambuf_iterator<char>(db_before),
9: @@ -80 +84 @@
9: -  
9: +
9: @@ -88 +92 @@
9: -    
9: +
9: @@ -93 +97 @@
9: -  
9: +
9: @@ -95 +99 @@
9: -  
9: +
9: @@ -98 +102 @@
9: -  int count_after = std::count(std::istreambuf_iterator<char>(db_after), 
9: +  int count_after = std::count(std::istreambuf_iterator<char>(db_after),
9: @@ -101 +105 @@
9: -  
9: +
9: @@ -106 +110,2 @@
9: -int main(int argc, char **argv) {
9: +int main(int argc, char **argv)
9: +{
9: 
9: Code style divergence in file 'test/test_tentamen_publisher.cpp':
9: 
9: --- test/test_tentamen_publisher.cpp
9: +++ test/test_tentamen_publisher.cpp.uncrustify
9: @@ -10 +10,2 @@
9: -  static void SetUpTestSuite() {
9: +  static void SetUpTestSuite()
9: +  {
9: @@ -14 +15,2 @@
9: -  static void TearDownTestSuite() {
9: +  static void TearDownTestSuite()
9: +  {
9: @@ -21 +23 @@
9: -  
9: +
9: @@ -24 +26 @@
9: -  
9: +
9: @@ -31 +33 @@
9: -  
9: +
9: @@ -38 +40 @@
9: -  
9: +
9: @@ -48 +50 @@
9: -  
9: +
9: @@ -50 +52 @@
9: -  
9: +
9: @@ -56 +58 @@
9: -  
9: +
9: @@ -63 +65 @@
9: -  
9: +
9: @@ -67 +69,2 @@
9: -int main(int argc, char **argv) {
9: +int main(int argc, char **argv)
9: +{
9: 
9: 9 files with code style divergence
9: -- run_test.py: return code 1
9: -- run_test.py: verify result file '/home/broodjesemih/ass_ros2_ws/build/g1_ass1_pkg/test_results/g1_ass1_pkg/uncrustify.xunit.xml'
 9/10 Test  #9: uncrustify .......................***Failed    0.15 sec
test 10
      Start 10: xmllint

10: Test command: /usr/bin/python3 "-u" "/opt/ros/jazzy/share/ament_cmake_test/cmake/run_test.py" "/home/broodjesemih/ass_ros2_ws/build/g1_ass1_pkg/test_results/g1_ass1_pkg/xmllint.xunit.xml" "--package-name" "g1_ass1_pkg" "--output-file" "/home/broodjesemih/ass_ros2_ws/build/g1_ass1_pkg/ament_xmllint/xmllint.txt" "--command" "/opt/ros/jazzy/bin/ament_xmllint" "--xunit-file" "/home/broodjesemih/ass_ros2_ws/build/g1_ass1_pkg/test_results/g1_ass1_pkg/xmllint.xunit.xml"
10: Working Directory: /home/broodjesemih/ass_ros2_ws/src/g1_ass1_pkg
10: Test timeout computed to be: 60
10: -- run_test.py: invoking following command in '/home/broodjesemih/ass_ros2_ws/src/g1_ass1_pkg':
10:  - /opt/ros/jazzy/bin/ament_xmllint --xunit-file /home/broodjesemih/ass_ros2_ws/build/g1_ass1_pkg/test_results/g1_ass1_pkg/xmllint.xunit.xml
10: File 'package.xml' is valid
10: 
10: File 'install/g1_ass1_pkg/share/g1_ass1_pkg/package.xml' is valid
10: 
10: No problems found
10: -- run_test.py: return code 0
10: -- run_test.py: verify result file '/home/broodjesemih/ass_ros2_ws/build/g1_ass1_pkg/test_results/g1_ass1_pkg/xmllint.xunit.xml'
10/10 Test #10: xmllint ..........................   Passed    0.11 sec

70% tests passed, 3 tests failed out of 10

Label Time Summary:
cppcheck      =   0.11 sec*proc (1 test)
flake8        =   0.26 sec*proc (1 test)
gtest         =  12.29 sec*proc (4 tests)
lint_cmake    =   0.10 sec*proc (1 test)
linter        =   0.88 sec*proc (6 tests)
pep257        =   0.16 sec*proc (1 test)
uncrustify    =   0.15 sec*proc (1 test)
xmllint       =   0.11 sec*proc (1 test)

Total Test time (real) =  13.17 sec

The following tests FAILED:
	  4 - test_final_cijfer_determinator (Failed)
	  7 - lint_cmake (Failed)
	  9 - uncrustify (Failed)
Errors while running CTest
Output from these tests are in: /home/broodjesemih/ass_ros2_ws/build/g1_ass1_pkg/Testing/Temporary/LastTest.log
Use "--rerun-failed --output-on-failure" to re-run the failed cases verbosely.
