[0.021s] Invoking command in '/home/broodjesemih/ass_ros2_ws/build/g1_ass1_pkg': CMAKE_PREFIX_PATH=/home/broodjesemih/ass_ros2_ws/install/g1_ass1_pkg:/home/broodjesemih/ass_ros2_ws/install/g1_interface_pkg:/home/broodjesemih/minor_ws/install/robot_moveit_config:/home/broodjesemih/minor_ws/install/robot_description:/home/broodjesemih/minor_ws/install/robot_commander:/home/broodjesemih/minor_ws/install/robot_bringup:/home/broodjesemih/homework_ws/install/hw_pkg:/home/broodjesemih/homework_ws/install/broodje_interfaces:/home/broodjesemih/ros2_ws/install/templates_interfaces:/home/broodjesemih/ros2_ws/install/les_pkg:/home/broodjesemih/ros2_ws/install/my_robot_interfaces:/home/broodjesemih/les_ws-main/install/robot_moveit_config:/home/broodjesemih/les_ws-main/install/robot_description:/home/broodjesemih/les_ws-main/install/robot_commander:/home/broodjesemih/les_ws-main/install/robot_bringup:/home/broodjesemih/les_ws-main/install/les_pkg:/home/broodjesemih/les_ws-main/install/my_interfaces:/opt/ros/jazzy/opt/gz_sim_vendor:/opt/ros/jazzy/opt/gz_sensors_vendor:/opt/ros/jazzy/opt/gz_physics_vendor:/opt/ros/jazzy/opt/sdformat_vendor:/opt/ros/jazzy/opt/gz_gui_vendor:/opt/ros/jazzy/opt/gz_transport_vendor:/opt/ros/jazzy/opt/gz_rendering_vendor:/opt/ros/jazzy/opt/gz_plugin_vendor:/opt/ros/jazzy/opt/gz_fuel_tools_vendor:/opt/ros/jazzy/opt/gz_msgs_vendor:/opt/ros/jazzy/opt/gz_common_vendor:/opt/ros/jazzy/opt/gz_math_vendor:/opt/ros/jazzy/opt/gz_utils_vendor:/opt/ros/jazzy/opt/gz_tools_vendor:/opt/ros/jazzy/opt/gz_ogre_next_vendor:/opt/ros/jazzy/opt/gz_dartsim_vendor:/opt/ros/jazzy/opt/gz_cmake_vendor DEBUGINFOD_URLS=https://debuginfod.ubuntu.com /usr/bin/ctest -C Release -D ExperimentalTest --no-compress-output -V --force-new-ctest-process
[0.026s] UpdateCTestConfiguration  from :/home/broodjesemih/ass_ros2_ws/build/g1_ass1_pkg/CTestConfiguration.ini
[0.026s] Parse Config file:/home/broodjesemih/ass_ros2_ws/build/g1_ass1_pkg/CTestConfiguration.ini
[0.026s]    Site: xubuntu
[0.026s]    Build name: (empty)
[0.026s]  Add coverage exclude regular expressions.
[0.026s] Create new tag: 20251006-1317 - Experimental
[0.026s] UpdateCTestConfiguration  from :/home/broodjesemih/ass_ros2_ws/build/g1_ass1_pkg/CTestConfiguration.ini
[0.026s] Parse Config file:/home/broodjesemih/ass_ros2_ws/build/g1_ass1_pkg/CTestConfiguration.ini
[0.027s] Test project /home/broodjesemih/ass_ros2_ws/build/g1_ass1_pkg
[0.027s] Constructing a list of tests
[0.027s] Done constructing a list of tests
[0.027s] Updating test list for fixtures
[0.027s] Added 0 tests to meet fixture requirements
[0.027s] Checking test dependency graph...
[0.027s] Checking test dependency graph end
[0.027s] test 1
[0.027s]       Start  1: test_cijfer_calculator
[0.027s] 
[0.027s] 1: Test command: /usr/bin/python3 "-u" "/opt/ros/jazzy/share/ament_cmake_test/cmake/run_test.py" "/home/broodjesemih/ass_ros2_ws/build/g1_ass1_pkg/test_results/g1_ass1_pkg/test_cijfer_calculator.gtest.xml" "--package-name" "g1_ass1_pkg" "--output-file" "/home/broodjesemih/ass_ros2_ws/build/g1_ass1_pkg/ament_cmake_gtest/test_cijfer_calculator.txt" "--command" "/home/broodjesemih/ass_ros2_ws/build/g1_ass1_pkg/test_cijfer_calculator" "--gtest_output=xml:/home/broodjesemih/ass_ros2_ws/build/g1_ass1_pkg/test_results/g1_ass1_pkg/test_cijfer_calculator.gtest.xml"
[0.027s] 1: Working Directory: /home/broodjesemih/ass_ros2_ws/build/g1_ass1_pkg
[0.027s] 1: Test timeout computed to be: 60
[0.066s] 1: -- run_test.py: invoking following command in '/home/broodjesemih/ass_ros2_ws/build/g1_ass1_pkg':
[0.066s] 1:  - /home/broodjesemih/ass_ros2_ws/build/g1_ass1_pkg/test_cijfer_calculator --gtest_output=xml:/home/broodjesemih/ass_ros2_ws/build/g1_ass1_pkg/test_results/g1_ass1_pkg/test_cijfer_calculator.gtest.xml
[0.067s] 1: [==========] Running 1 test from 1 test suite.
[0.067s] 1: [----------] Global test environment set-up.
[0.067s] 1: [----------] 1 test from TestSuite
[0.067s] 1: [ RUN      ] TestSuite.test_example
[0.067s] 1: [       OK ] TestSuite.test_example (0 ms)
[0.068s] 1: [----------] 1 test from TestSuite (0 ms total)
[0.068s] 1: 
[0.068s] 1: [----------] Global test environment tear-down
[0.068s] 1: [==========] 1 test from 1 test suite ran. (0 ms total)
[0.068s] 1: [  PASSED  ] 1 test.
[0.068s] 1: -- run_test.py: return code 0
[0.068s] 1: -- run_test.py: inject classname prefix into gtest result file '/home/broodjesemih/ass_ros2_ws/build/g1_ass1_pkg/test_results/g1_ass1_pkg/test_cijfer_calculator.gtest.xml'
[0.068s] 1: -- run_test.py: verify result file '/home/broodjesemih/ass_ros2_ws/build/g1_ass1_pkg/test_results/g1_ass1_pkg/test_cijfer_calculator.gtest.xml'
[0.077s]  1/10 Test  #1: test_cijfer_calculator ...........   Passed    0.05 sec
[0.077s] test 2
[0.077s]       Start  2: test_cijfer_service
[0.077s] 
[0.077s] 2: Test command: /usr/bin/python3 "-u" "/opt/ros/jazzy/share/ament_cmake_test/cmake/run_test.py" "/home/broodjesemih/ass_ros2_ws/build/g1_ass1_pkg/test_results/g1_ass1_pkg/test_cijfer_service.gtest.xml" "--package-name" "g1_ass1_pkg" "--output-file" "/home/broodjesemih/ass_ros2_ws/build/g1_ass1_pkg/ament_cmake_gtest/test_cijfer_service.txt" "--command" "/home/broodjesemih/ass_ros2_ws/build/g1_ass1_pkg/test_cijfer_service" "--gtest_output=xml:/home/broodjesemih/ass_ros2_ws/build/g1_ass1_pkg/test_results/g1_ass1_pkg/test_cijfer_service.gtest.xml"
[0.077s] 2: Working Directory: /home/broodjesemih/ass_ros2_ws/build/g1_ass1_pkg
[0.077s] 2: Test timeout computed to be: 60
[0.118s] 2: -- run_test.py: invoking following command in '/home/broodjesemih/ass_ros2_ws/build/g1_ass1_pkg':
[0.118s] 2:  - /home/broodjesemih/ass_ros2_ws/build/g1_ass1_pkg/test_cijfer_service --gtest_output=xml:/home/broodjesemih/ass_ros2_ws/build/g1_ass1_pkg/test_results/g1_ass1_pkg/test_cijfer_service.gtest.xml
[0.126s] 2: [==========] Running 5 tests from 1 test suite.
[0.126s] 2: [----------] Global test environment set-up.
[0.127s] 2: [----------] 5 tests from TestCijferService
[0.130s] 2: [ RUN      ] TestCijferService.test_average_calculation
[0.330s] 2: [       OK ] TestCijferService.test_average_calculation (199 ms)
[0.330s] 2: [ RUN      ] TestCijferService.test_wessel_bonus
[0.527s] 2: [       OK ] TestCijferService.test_wessel_bonus (197 ms)
[0.527s] 2: [ RUN      ] TestCijferService.test_max_clamp
[0.724s] 2: [       OK ] TestCijferService.test_max_clamp (196 ms)
[0.724s] 2: [ RUN      ] TestCijferService.test_min_clamp
[0.920s] 2: [       OK ] TestCijferService.test_min_clamp (196 ms)
[0.920s] 2: [ RUN      ] TestCijferService.test_empty_cijfers
[1.109s] 2: [       OK ] TestCijferService.test_empty_cijfers (188 ms)
[1.109s] 2: [----------] 5 tests from TestCijferService (978 ms total)
[1.110s] 2: 
[1.110s] 2: [----------] Global test environment tear-down
[1.110s] 2: [==========] 5 tests from 1 test suite ran. (982 ms total)
[1.110s] 2: [  PASSED  ] 5 tests.
[1.213s] 2: -- run_test.py: return code 0
[1.213s] 2: -- run_test.py: inject classname prefix into gtest result file '/home/broodjesemih/ass_ros2_ws/build/g1_ass1_pkg/test_results/g1_ass1_pkg/test_cijfer_service.gtest.xml'
[1.213s] 2: -- run_test.py: verify result file '/home/broodjesemih/ass_ros2_ws/build/g1_ass1_pkg/test_results/g1_ass1_pkg/test_cijfer_service.gtest.xml'
[1.220s]  2/10 Test  #2: test_cijfer_service ..............   Passed    1.14 sec
[1.220s] test 3
[1.220s]       Start  3: test_tentamen_publisher
[1.220s] 
[1.220s] 3: Test command: /usr/bin/python3 "-u" "/opt/ros/jazzy/share/ament_cmake_test/cmake/run_test.py" "/home/broodjesemih/ass_ros2_ws/build/g1_ass1_pkg/test_results/g1_ass1_pkg/test_tentamen_publisher.gtest.xml" "--package-name" "g1_ass1_pkg" "--output-file" "/home/broodjesemih/ass_ros2_ws/build/g1_ass1_pkg/ament_cmake_gtest/test_tentamen_publisher.txt" "--command" "/home/broodjesemih/ass_ros2_ws/build/g1_ass1_pkg/test_tentamen_publisher" "--gtest_output=xml:/home/broodjesemih/ass_ros2_ws/build/g1_ass1_pkg/test_results/g1_ass1_pkg/test_tentamen_publisher.gtest.xml"
[1.220s] 3: Working Directory: /home/broodjesemih/ass_ros2_ws/build/g1_ass1_pkg
[1.220s] 3: Test timeout computed to be: 60
[1.259s] 3: -- run_test.py: invoking following command in '/home/broodjesemih/ass_ros2_ws/build/g1_ass1_pkg':
[1.259s] 3:  - /home/broodjesemih/ass_ros2_ws/build/g1_ass1_pkg/test_tentamen_publisher --gtest_output=xml:/home/broodjesemih/ass_ros2_ws/build/g1_ass1_pkg/test_results/g1_ass1_pkg/test_tentamen_publisher.gtest.xml
[1.265s] 3: [==========] Running 2 tests from 1 test suite.
[1.265s] 3: [----------] Global test environment set-up.
[1.265s] 3: [----------] 2 tests from TestTentamenPublisher
[1.270s] 3: [ RUN      ] TestTentamenPublisher.test_tentamen_published
[2.184s] 3: [       OK ] TestTentamenPublisher.test_tentamen_published (913 ms)
[2.184s] 3: [ RUN      ] TestTentamenPublisher.test_multiple_messages
[7.209s] 3: [       OK ] TestTentamenPublisher.test_multiple_messages (5024 ms)
[7.209s] 3: [----------] 2 tests from TestTentamenPublisher (5938 ms total)
[7.209s] 3: 
[7.209s] 3: [----------] Global test environment tear-down
[7.209s] 3: [==========] 2 tests from 1 test suite ran. (5943 ms total)
[7.209s] 3: [  PASSED  ] 2 tests.
[7.313s] 3: -- run_test.py: return code 0
[7.313s] 3: -- run_test.py: inject classname prefix into gtest result file '/home/broodjesemih/ass_ros2_ws/build/g1_ass1_pkg/test_results/g1_ass1_pkg/test_tentamen_publisher.gtest.xml'
[7.313s] 3: -- run_test.py: verify result file '/home/broodjesemih/ass_ros2_ws/build/g1_ass1_pkg/test_results/g1_ass1_pkg/test_tentamen_publisher.gtest.xml'
[7.321s]  3/10 Test  #3: test_tentamen_publisher ..........   Passed    6.10 sec
[7.321s] test 4
[7.321s]       Start  4: test_final_cijfer_determinator
[7.321s] 
[7.321s] 4: Test command: /usr/bin/python3 "-u" "/opt/ros/jazzy/share/ament_cmake_test/cmake/run_test.py" "/home/broodjesemih/ass_ros2_ws/build/g1_ass1_pkg/test_results/g1_ass1_pkg/test_final_cijfer_determinator.gtest.xml" "--package-name" "g1_ass1_pkg" "--output-file" "/home/broodjesemih/ass_ros2_ws/build/g1_ass1_pkg/ament_cmake_gtest/test_final_cijfer_determinator.txt" "--command" "/home/broodjesemih/ass_ros2_ws/build/g1_ass1_pkg/test_final_cijfer_determinator" "--gtest_output=xml:/home/broodjesemih/ass_ros2_ws/build/g1_ass1_pkg/test_results/g1_ass1_pkg/test_final_cijfer_determinator.gtest.xml"
[7.321s] 4: Working Directory: /home/broodjesemih/ass_ros2_ws/build/g1_ass1_pkg
[7.321s] 4: Test timeout computed to be: 60
[7.360s] 4: -- run_test.py: invoking following command in '/home/broodjesemih/ass_ros2_ws/build/g1_ass1_pkg':
[7.360s] 4:  - /home/broodjesemih/ass_ros2_ws/build/g1_ass1_pkg/test_final_cijfer_determinator --gtest_output=xml:/home/broodjesemih/ass_ros2_ws/build/g1_ass1_pkg/test_results/g1_ass1_pkg/test_final_cijfer_determinator.gtest.xml
[7.368s] 4: [==========] Running 3 tests from 1 test suite.
[7.368s] 4: [----------] Global test environment set-up.
[7.368s] 4: [----------] 3 tests from TestFinalCijferDeterminator
[7.373s] 4: [ RUN      ] TestFinalCijferDeterminator.test_subscription_active
[7.881s] 4: /home/broodjesemih/ass_ros2_ws/src/g1_ass1_pkg/test/test_final_cijfer_determinator.cpp:27: Failure
[7.881s] 4: Expected: (publisher->get_subscription_count()) >= (1), actual: 0 vs 1
[7.881s] 4: final_cijfer_determinator should be subscribed
[7.881s] 4: 
[7.884s] 4: [  FAILED  ] TestFinalCijferDeterminator.test_subscription_active (511 ms)
[7.884s] 4: [ RUN      ] TestFinalCijferDeterminator.test_tentamen_reception
[10.490s] 4: /home/broodjesemih/ass_ros2_ws/src/g1_ass1_pkg/test/test_final_cijfer_determinator.cpp:66: Failure
[10.490s] 4: Value of: found
[10.490s] 4:   Actual: false
[10.490s] 4: Expected: true
[10.491s] 4: Database should contain entry for TestStudent/TestCourse
[10.491s] 4: 
[10.493s] 4: [  FAILED  ] TestFinalCijferDeterminator.test_tentamen_reception (2608 ms)
[10.493s] 4: [ RUN      ] TestFinalCijferDeterminator.test_three_tentamen_threshold
[12.203s] 4: [       OK ] TestFinalCijferDeterminator.test_three_tentamen_threshold (1709 ms)
[12.203s] 4: [----------] 3 tests from TestFinalCijferDeterminator (4829 ms total)
[12.203s] 4: 
[12.203s] 4: [----------] Global test environment tear-down
[12.204s] 4: [==========] 3 tests from 1 test suite ran. (4834 ms total)
[12.204s] 4: [  PASSED  ] 1 test.
[12.204s] 4: [  FAILED  ] 2 tests, listed below:
[12.204s] 4: [  FAILED  ] TestFinalCijferDeterminator.test_subscription_active
[12.204s] 4: [  FAILED  ] TestFinalCijferDeterminator.test_tentamen_reception
[12.205s] 4: 
[12.205s] 4:  2 FAILED TESTS
[12.308s] 4: -- run_test.py: return code 1
[12.308s] 4: -- run_test.py: inject classname prefix into gtest result file '/home/broodjesemih/ass_ros2_ws/build/g1_ass1_pkg/test_results/g1_ass1_pkg/test_final_cijfer_determinator.gtest.xml'
[12.308s] 4: -- run_test.py: verify result file '/home/broodjesemih/ass_ros2_ws/build/g1_ass1_pkg/test_results/g1_ass1_pkg/test_final_cijfer_determinator.gtest.xml'
[12.318s]  4/10 Test  #4: test_final_cijfer_determinator ...***Failed    5.00 sec
[12.318s] test 5
[12.318s]       Start  5: cppcheck
[12.318s] 
[12.318s] 5: Test command: /usr/bin/python3 "-u" "/opt/ros/jazzy/share/ament_cmake_test/cmake/run_test.py" "/home/broodjesemih/ass_ros2_ws/build/g1_ass1_pkg/test_results/g1_ass1_pkg/cppcheck.xunit.xml" "--package-name" "g1_ass1_pkg" "--output-file" "/home/broodjesemih/ass_ros2_ws/build/g1_ass1_pkg/ament_cppcheck/cppcheck.txt" "--command" "/opt/ros/jazzy/bin/ament_cppcheck" "--xunit-file" "/home/broodjesemih/ass_ros2_ws/build/g1_ass1_pkg/test_results/g1_ass1_pkg/cppcheck.xunit.xml"
[12.318s] 5: Working Directory: /home/broodjesemih/ass_ros2_ws/src/g1_ass1_pkg
[12.318s] 5: Test timeout computed to be: 300
[12.359s] 5: -- run_test.py: invoking following command in '/home/broodjesemih/ass_ros2_ws/src/g1_ass1_pkg':
[12.360s] 5:  - /opt/ros/jazzy/bin/ament_cppcheck --xunit-file /home/broodjesemih/ass_ros2_ws/build/g1_ass1_pkg/test_results/g1_ass1_pkg/cppcheck.xunit.xml
[12.411s] 5: cppcheck 2.13.0 has known performance issues and therefore will not be used, set the AMENT_CPPCHECK_ALLOW_SLOW_VERSIONS environment variable to override this.
[12.419s] 5: -- run_test.py: return code 0
[12.419s] 5: -- run_test.py: verify result file '/home/broodjesemih/ass_ros2_ws/build/g1_ass1_pkg/test_results/g1_ass1_pkg/cppcheck.xunit.xml'
[12.426s]  5/10 Test  #5: cppcheck .........................   Passed    0.11 sec
[12.426s] test 6
[12.426s]       Start  6: flake8
[12.426s] 
[12.426s] 6: Test command: /usr/bin/python3 "-u" "/opt/ros/jazzy/share/ament_cmake_test/cmake/run_test.py" "/home/broodjesemih/ass_ros2_ws/build/g1_ass1_pkg/test_results/g1_ass1_pkg/flake8.xunit.xml" "--package-name" "g1_ass1_pkg" "--output-file" "/home/broodjesemih/ass_ros2_ws/build/g1_ass1_pkg/ament_flake8/flake8.txt" "--command" "/opt/ros/jazzy/bin/ament_flake8" "--xunit-file" "/home/broodjesemih/ass_ros2_ws/build/g1_ass1_pkg/test_results/g1_ass1_pkg/flake8.xunit.xml"
[12.426s] 6: Working Directory: /home/broodjesemih/ass_ros2_ws/src/g1_ass1_pkg
[12.426s] 6: Test timeout computed to be: 60
[12.464s] 6: -- run_test.py: invoking following command in '/home/broodjesemih/ass_ros2_ws/src/g1_ass1_pkg':
[12.465s] 6:  - /opt/ros/jazzy/bin/ament_flake8 --xunit-file /home/broodjesemih/ass_ros2_ws/build/g1_ass1_pkg/test_results/g1_ass1_pkg/flake8.xunit.xml
[12.656s] 6: 
[12.656s] 6: 2 files checked
[12.656s] 6: No problems found
[12.657s] 6: 
[12.657s] 6: Checked files:
[12.657s] 6: 
[12.657s] 6: * ./install/_local_setup_util_sh.py
[12.657s] 6: * ./install/_local_setup_util_ps1.py
[12.677s] 6: -- run_test.py: return code 0
[12.677s] 6: -- run_test.py: verify result file '/home/broodjesemih/ass_ros2_ws/build/g1_ass1_pkg/test_results/g1_ass1_pkg/flake8.xunit.xml'
[12.685s]  6/10 Test  #6: flake8 ...........................   Passed    0.26 sec
[12.685s] test 7
[12.685s]       Start  7: lint_cmake
[12.685s] 
[12.686s] 7: Test command: /usr/bin/python3 "-u" "/opt/ros/jazzy/share/ament_cmake_test/cmake/run_test.py" "/home/broodjesemih/ass_ros2_ws/build/g1_ass1_pkg/test_results/g1_ass1_pkg/lint_cmake.xunit.xml" "--package-name" "g1_ass1_pkg" "--output-file" "/home/broodjesemih/ass_ros2_ws/build/g1_ass1_pkg/ament_lint_cmake/lint_cmake.txt" "--command" "/opt/ros/jazzy/bin/ament_lint_cmake" "--xunit-file" "/home/broodjesemih/ass_ros2_ws/build/g1_ass1_pkg/test_results/g1_ass1_pkg/lint_cmake.xunit.xml"
[12.686s] 7: Working Directory: /home/broodjesemih/ass_ros2_ws/src/g1_ass1_pkg
[12.686s] 7: Test timeout computed to be: 60
[12.723s] 7: -- run_test.py: invoking following command in '/home/broodjesemih/ass_ros2_ws/src/g1_ass1_pkg':
[12.723s] 7:  - /opt/ros/jazzy/bin/ament_lint_cmake --xunit-file /home/broodjesemih/ass_ros2_ws/build/g1_ass1_pkg/test_results/g1_ass1_pkg/lint_cmake.xunit.xml
[12.770s] 7: CMakeLists.txt:12: Line ends in whitespace [whitespace/eol]
[12.770s] 7: CMakeLists.txt:45: Line ends in whitespace [whitespace/eol]
[12.771s] 7: CMakeLists.txt:58: Line ends in whitespace [whitespace/eol]
[12.771s] 7: 
[12.771s] 7: 
[12.771s] 7: 3 errors
[12.777s] 7: -- run_test.py: return code 1
[12.778s] 7: -- run_test.py: verify result file '/home/broodjesemih/ass_ros2_ws/build/g1_ass1_pkg/test_results/g1_ass1_pkg/lint_cmake.xunit.xml'
[12.783s]  7/10 Test  #7: lint_cmake .......................***Failed    0.10 sec
[12.783s] test 8
[12.783s]       Start  8: pep257
[12.783s] 
[12.783s] 8: Test command: /usr/bin/python3 "-u" "/opt/ros/jazzy/share/ament_cmake_test/cmake/run_test.py" "/home/broodjesemih/ass_ros2_ws/build/g1_ass1_pkg/test_results/g1_ass1_pkg/pep257.xunit.xml" "--package-name" "g1_ass1_pkg" "--output-file" "/home/broodjesemih/ass_ros2_ws/build/g1_ass1_pkg/ament_pep257/pep257.txt" "--command" "/opt/ros/jazzy/bin/ament_pep257" "--xunit-file" "/home/broodjesemih/ass_ros2_ws/build/g1_ass1_pkg/test_results/g1_ass1_pkg/pep257.xunit.xml"
[12.783s] 8: Working Directory: /home/broodjesemih/ass_ros2_ws/src/g1_ass1_pkg
[12.783s] 8: Test timeout computed to be: 60
[12.821s] 8: -- run_test.py: invoking following command in '/home/broodjesemih/ass_ros2_ws/src/g1_ass1_pkg':
[12.821s] 8:  - /opt/ros/jazzy/bin/ament_pep257 --xunit-file /home/broodjesemih/ass_ros2_ws/build/g1_ass1_pkg/test_results/g1_ass1_pkg/pep257.xunit.xml
[12.924s] 8: checking ./install/_local_setup_util_ps1.py
[12.924s] 8: checking ./install/_local_setup_util_sh.py
[12.924s] 8: No problems found
[12.935s] 8: -- run_test.py: return code 0
[12.935s] 8: -- run_test.py: verify result file '/home/broodjesemih/ass_ros2_ws/build/g1_ass1_pkg/test_results/g1_ass1_pkg/pep257.xunit.xml'
[12.941s]  8/10 Test  #8: pep257 ...........................   Passed    0.16 sec
[12.941s] test 9
[12.941s]       Start  9: uncrustify
[12.941s] 
[12.941s] 9: Test command: /usr/bin/python3 "-u" "/opt/ros/jazzy/share/ament_cmake_test/cmake/run_test.py" "/home/broodjesemih/ass_ros2_ws/build/g1_ass1_pkg/test_results/g1_ass1_pkg/uncrustify.xunit.xml" "--package-name" "g1_ass1_pkg" "--output-file" "/home/broodjesemih/ass_ros2_ws/build/g1_ass1_pkg/ament_uncrustify/uncrustify.txt" "--command" "/opt/ros/jazzy/bin/ament_uncrustify" "--xunit-file" "/home/broodjesemih/ass_ros2_ws/build/g1_ass1_pkg/test_results/g1_ass1_pkg/uncrustify.xunit.xml"
[12.941s] 9: Working Directory: /home/broodjesemih/ass_ros2_ws/src/g1_ass1_pkg
[12.941s] 9: Test timeout computed to be: 60
[12.978s] 9: -- run_test.py: invoking following command in '/home/broodjesemih/ass_ros2_ws/src/g1_ass1_pkg':
[12.978s] 9:  - /opt/ros/jazzy/bin/ament_uncrustify --xunit-file /home/broodjesemih/ass_ros2_ws/build/g1_ass1_pkg/test_results/g1_ass1_pkg/uncrustify.xunit.xml
[13.077s] 9: Code style divergence in file 'src/cijfer_calculator.cpp':
[13.077s] 9: 
[13.077s] 9: --- src/cijfer_calculator.cpp
[13.077s] 9: +++ src/cijfer_calculator.cpp.uncrustify
[13.078s] 9: @@ -6,2 +6,4 @@
[13.078s] 9: -    CijferCalculatorNode() : Node("cijfer_calculator_node") {
[13.090s] 9: -        service_ = this->create_service<g1_interface_pkg::srv::Tentamens>(
[13.090s] 9: +  CijferCalculatorNode()
[13.090s] 9: +  : Node("cijfer_calculator_node")
[13.090s] 9: +  {
[13.091s] 9: +    service_ = this->create_service<g1_interface_pkg::srv::Tentamens>(
[13.091s] 9: @@ -9,2 +11,3 @@
[13.091s] 9: -            std::bind(&CijferCalculatorNode::handle_request, this, std::placeholders::_1, std::placeholders::_2));
[13.091s] 9: -    }
[13.091s] 9: +            std::bind(&CijferCalculatorNode::handle_request, this, std::placeholders::_1,
[13.091s] 9: +      std::placeholders::_2));
[13.091s] 9: +  }
[13.091s] 9: @@ -13,5 +16,7 @@
[13.091s] 9: -    void handle_request(const std::shared_ptr<g1_interface_pkg::srv::Tentamens::Request> request,
[13.091s] 9: -                        std::shared_ptr<g1_interface_pkg::srv::Tentamens::Response> response) {
[13.091s] 9: -        double sum = 0.0;
[13.091s] 9: -        for (int cijfer : request->tentamen_cijfers) sum += cijfer;
[13.091s] 9: -        double avg = request->tentamen_cijfers.empty() ? 0.0 : sum / request->tentamen_cijfers.size();
[13.091s] 9: +  void handle_request(
[13.091s] 9: +    const std::shared_ptr<g1_interface_pkg::srv::Tentamens::Request> request,
[13.091s] 9: +    std::shared_ptr<g1_interface_pkg::srv::Tentamens::Response> response)
[13.091s] 9: +  {
[13.091s] 9: +    double sum = 0.0;
[13.091s] 9: +    for (int cijfer : request->tentamen_cijfers) {sum += cijfer;}
[13.091s] 9: +    double avg = request->tentamen_cijfers.empty() ? 0.0 : sum / request->tentamen_cijfers.size();
[13.091s] 9: @@ -19,2 +24,2 @@
[13.091s] 9: -        if (request->student_name == "Wessel") avg += 10.0;
[13.091s] 9: -        avg = std::max(10.0, std::min(100.0, avg));
[13.091s] 9: +    if (request->student_name == "Wessel") {avg += 10.0;}
[13.091s] 9: +    avg = std::max(10.0, std::min(100.0, avg));
[13.091s] 9: @@ -22,4 +27,5 @@
[13.091s] 9: -        response->final_cijfer = static_cast<int>(avg);
[13.091s] 9: -        response->message = "Cijfer berekend";
[13.091s] 9: -        RCLCPP_INFO(this->get_logger(), "Calculated final cijfer for %s/%s: %d", request->student_name.c_str(), request->course_name.c_str(), response->final_cijfer);
[13.091s] 9: -    }
[13.091s] 9: +    response->final_cijfer = static_cast<int>(avg);
[13.091s] 9: +    response->message = "Cijfer berekend";
[13.091s] 9: +    RCLCPP_INFO(this->get_logger(), "Calculated final cijfer for %s/%s: %d",
[13.092s] 9: +      request->student_name.c_str(), request->course_name.c_str(), response->final_cijfer);
[13.092s] 9: +  }
[13.092s] 9: @@ -27 +33 @@
[13.092s] 9: -    rclcpp::Service<g1_interface_pkg::srv::Tentamens>::SharedPtr service_;
[13.092s] 9: +  rclcpp::Service<g1_interface_pkg::srv::Tentamens>::SharedPtr service_;
[13.092s] 9: @@ -30,6 +36,7 @@
[13.092s] 9: -int main(int argc, char **argv) {
[13.092s] 9: -    rclcpp::init(argc, argv);
[13.092s] 9: -    rclcpp::spin(std::make_shared<CijferCalculatorNode>());
[13.092s] 9: -    rclcpp::shutdown();
[13.092s] 9: -    return 0;
[13.092s] 9: -}
[13.092s] 9: +int main(int argc, char **argv)
[13.092s] 9: +{
[13.092s] 9: +  rclcpp::init(argc, argv);
[13.092s] 9: +  rclcpp::spin(std::make_shared<CijferCalculatorNode>());
[13.092s] 9: +  rclcpp::shutdown();
[13.092s] 9: +  return 0;
[13.092s] 9: +}
[13.092s] 9: 
[13.092s] 9: Code style divergence in file 'src/final_cijfer_determinator.cpp':
[13.092s] 9: 
[13.092s] 9: --- src/final_cijfer_determinator.cpp
[13.092s] 9: +++ src/final_cijfer_determinator.cpp.uncrustify
[13.092s] 9: @@ -12,6 +12,6 @@
[13.092s] 9: -    std::string student;
[13.092s] 9: -    std::string course;
[13.092s] 9: -    bool operator==(const StudentCourseKey &other) const
[13.092s] 9: -    {
[13.092s] 9: -        return student == other.student && course == other.course;
[13.092s] 9: -    }
[13.092s] 9: +  std::string student;
[13.092s] 9: +  std::string course;
[13.092s] 9: +  bool operator==(const StudentCourseKey & other) const
[13.093s] 9: +  {
[13.093s] 9: +    return student == other.student && course == other.course;
[13.093s] 9: +  }
[13.093s] 9: @@ -21,8 +21,8 @@
[13.093s] 9: -    template <>
[13.093s] 9: -    struct hash<StudentCourseKey>
[13.093s] 9: -    {
[13.093s] 9: -        std::size_t operator()(const StudentCourseKey &k) const
[13.093s] 9: -        {
[13.093s] 9: -            return std::hash<std::string>()(k.student) ^ std::hash<std::string>()(k.course);
[13.093s] 9: -        }
[13.093s] 9: -    };
[13.093s] 9: +template<>
[13.093s] 9: +struct hash<StudentCourseKey>
[13.093s] 9: +{
[13.093s] 9: +  std::size_t operator()(const StudentCourseKey & k) const
[13.093s] 9: +  {
[13.093s] 9: +    return std::hash<std::string>()(k.student) ^ std::hash<std::string>()(k.course);
[13.093s] 9: +  }
[13.093s] 9: +};
[13.093s] 9: @@ -34,7 +34,10 @@
[13.093s] 9: -    FinalCijferDeterminator() : Node("final_cijfer_determinator")
[13.093s] 9: -    {
[13.093s] 9: -        RCLCPP_INFO(this->get_logger(), "final_cijfer_determinator gestart!");
[13.093s] 9: -        tentamen_sub_ = this->create_subscription<g1_interface_pkg::msg::Tentamen>(
[13.093s] 9: -            "tentamen_results", 10, std::bind(&FinalCijferDeterminator::tentamen_callback, this, std::placeholders::_1));
[13.093s] 9: -        cijfer_client_ = this->create_client<g1_interface_pkg::srv::Tentamens>("calculate_final_cijfer");
[13.093s] 9: -    }
[13.093s] 9: +  FinalCijferDeterminator()
[13.093s] 9: +  : Node("final_cijfer_determinator")
[13.093s] 9: +  {
[13.093s] 9: +    RCLCPP_INFO(this->get_logger(), "final_cijfer_determinator gestart!");
[13.093s] 9: +    tentamen_sub_ = this->create_subscription<g1_interface_pkg::msg::Tentamen>(
[13.093s] 9: +            "tentamen_results", 10,
[13.094s] 9: +      std::bind(&FinalCijferDeterminator::tentamen_callback, this, std::placeholders::_1));
[13.094s] 9: +    cijfer_client_ =
[13.094s] 9: +      this->create_client<g1_interface_pkg::srv::Tentamens>("calculate_final_cijfer");
[13.094s] 9: +  }
[13.094s] 9: @@ -43,3 +46,3 @@
[13.094s] 9: -    std::unordered_map<StudentCourseKey, std::vector<int>> tentamen_map_;
[13.094s] 9: -    rclcpp::Subscription<g1_interface_pkg::msg::Tentamen>::SharedPtr tentamen_sub_;
[13.094s] 9: -    rclcpp::Client<g1_interface_pkg::srv::Tentamens>::SharedPtr cijfer_client_;
[13.094s] 9: +  std::unordered_map<StudentCourseKey, std::vector<int>> tentamen_map_;
[13.094s] 9: +  rclcpp::Subscription<g1_interface_pkg::msg::Tentamen>::SharedPtr tentamen_sub_;
[13.094s] 9: +  rclcpp::Client<g1_interface_pkg::srv::Tentamens>::SharedPtr cijfer_client_;
[13.094s] 9: @@ -47,4 +50,4 @@
[13.094s] 9: -    void tentamen_callback(const g1_interface_pkg::msg::Tentamen::SharedPtr msg)
[13.094s] 9: -    {
[13.094s] 9: -        StudentCourseKey key{msg->student_name, msg->course_name};
[13.094s] 9: -        tentamen_map_[key].push_back(msg->tentamen_cijfer);
[13.094s] 9: +  void tentamen_callback(const g1_interface_pkg::msg::Tentamen::SharedPtr msg)
[13.094s] 9: +  {
[13.094s] 9: +    StudentCourseKey key{msg->student_name, msg->course_name};
[13.094s] 9: +    tentamen_map_[key].push_back(msg->tentamen_cijfer);
[13.094s] 9: @@ -52 +55,2 @@
[13.094s] 9: -        RCLCPP_INFO(this->get_logger(), "Ontvangen tentamen: %s/%s %d", msg->student_name.c_str(), msg->course_name.c_str(), msg->tentamen_cijfer);
[13.094s] 9: +    RCLCPP_INFO(this->get_logger(), "Ontvangen tentamen: %s/%s %d", msg->student_name.c_str(),
[13.094s] 9: +      msg->course_name.c_str(), msg->tentamen_cijfer);
[13.094s] 9: @@ -55,6 +59,5 @@
[13.094s] 9: -        if (tentamen_map_[key].size() >= 3)
[13.094s] 9: -        {
[13.094s] 9: -            auto request = std::make_shared<g1_interface_pkg::srv::Tentamens::Request>();
[13.094s] 9: -            request->student_name = key.student;
[13.095s] 9: -            request->course_name = key.course;
[13.095s] 9: -            request->tentamen_cijfers = tentamen_map_[key];
[13.095s] 9: +    if (tentamen_map_[key].size() >= 3) {
[13.095s] 9: +      auto request = std::make_shared<g1_interface_pkg::srv::Tentamens::Request>();
[13.095s] 9: +      request->student_name = key.student;
[13.095s] 9: +      request->course_name = key.course;
[13.095s] 9: +      request->tentamen_cijfers = tentamen_map_[key];
[13.095s] 9: @@ -63,3 +66,4 @@
[13.095s] 9: -            auto response_callback = [this, key](rclcpp::Client<g1_interface_pkg::srv::Tentamens>::SharedFuture result_future)
[13.095s] 9: -            {
[13.095s] 9: -                auto response = result_future.get();
[13.095s] 9: +      auto response_callback = [this,
[13.095s] 9: +          key](rclcpp::Client<g1_interface_pkg::srv::Tentamens>::SharedFuture result_future)
[13.095s] 9: +        {
[13.095s] 9: +          auto response = result_future.get();
[13.095s] 9: @@ -67 +71 @@
[13.095s] 9: -                RCLCPP_INFO(this->get_logger(), "Schrijf naar database: %s,%s,%ld,%d,%s",
[13.095s] 9: +          RCLCPP_INFO(this->get_logger(), "Schrijf naar database: %s,%s,%ld,%d,%s",
[13.095s] 9: @@ -74,3 +78,4 @@
[13.095s] 9: -                std::ofstream db("/home/broodjesemih/ass_ros2_ws/database.csv", std::ios::app);
[13.095s] 9: -                db << key.student << "," << key.course << "," << tentamen_map_[key].size() << "," << response->final_cijfer << "," << std::to_string(this->now().seconds()) << "\n";
[13.095s] 9: -                db.close();
[13.095s] 9: +          std::ofstream db("/home/broodjesemih/ass_ros2_ws/database.csv", std::ios::app);
[13.095s] 9: +          db << key.student << "," << key.course << "," << tentamen_map_[key].size() << "," <<
[13.095s] 9: +            response->final_cijfer << "," << std::to_string(this->now().seconds()) << "\n";
[13.095s] 9: +          db.close();
[13.095s] 9: @@ -78 +83,2 @@
[13.095s] 9: -                RCLCPP_INFO(this->get_logger(), "Final cijfer for %s/%s: %d", key.student.c_str(), key.course.c_str(), response->final_cijfer);
[13.095s] 9: +          RCLCPP_INFO(this->get_logger(), "Final cijfer for %s/%s: %d", key.student.c_str(),
[13.096s] 9: +          key.course.c_str(), response->final_cijfer);
[13.096s] 9: @@ -80,2 +86,2 @@
[13.096s] 9: -                tentamen_map_.erase(key);
[13.096s] 9: -            };
[13.096s] 9: +          tentamen_map_.erase(key);
[13.096s] 9: +        };
[13.096s] 9: @@ -83,2 +89 @@
[13.096s] 9: -            cijfer_client_->async_send_request(request, response_callback);
[13.096s] 9: -        }
[13.096s] 9: +      cijfer_client_->async_send_request(request, response_callback);
[13.096s] 9: @@ -85,0 +91 @@
[13.096s] 9: +  }
[13.096s] 9: @@ -90,5 +96,5 @@
[13.096s] 9: -    rclcpp::init(argc, argv);
[13.096s] 9: -    rclcpp::spin(std::make_shared<FinalCijferDeterminator>());
[13.096s] 9: -    rclcpp::shutdown();
[13.096s] 9: -    return 0;
[13.096s] 9: -}
[13.096s] 9: +  rclcpp::init(argc, argv);
[13.096s] 9: +  rclcpp::spin(std::make_shared<FinalCijferDeterminator>());
[13.096s] 9: +  rclcpp::shutdown();
[13.096s] 9: +  return 0;
[13.096s] 9: +}
[13.096s] 9: 
[13.096s] 9: Code style divergence in file 'src/herkansing_cijfer_determinator.cpp':
[13.096s] 9: 
[13.096s] 9: --- src/herkansing_cijfer_determinator.cpp
[13.096s] 9: +++ src/herkansing_cijfer_determinator.cpp.uncrustify
[13.096s] 9: @@ -11,6 +11,8 @@
[13.097s] 9: -struct StudentCourseKey {
[13.097s] 9: -    std::string student;
[13.097s] 9: -    std::string course;
[13.097s] 9: -    bool operator==(const StudentCourseKey& other) const {
[13.097s] 9: -        return student == other.student && course == other.course;
[13.097s] 9: -    }
[13.097s] 9: +struct StudentCourseKey
[13.097s] 9: +{
[13.097s] 9: +  std::string student;
[13.097s] 9: +  std::string course;
[13.097s] 9: +  bool operator==(const StudentCourseKey & other) const
[13.097s] 9: +  {
[13.097s] 9: +    return student == other.student && course == other.course;
[13.097s] 9: +  }
[13.097s] 9: @@ -18,7 +20,10 @@
[13.097s] 9: -namespace std {
[13.097s] 9: -    template <>
[13.097s] 9: -    struct hash<StudentCourseKey> {
[13.097s] 9: -        std::size_t operator()(const StudentCourseKey& k) const {
[13.097s] 9: -            return std::hash<std::string>()(k.student) ^ std::hash<std::string>()(k.course);
[13.097s] 9: -        }
[13.097s] 9: -    };
[13.097s] 9: +namespace std
[13.097s] 9: +{
[13.097s] 9: +template<>
[13.097s] 9: +struct hash<StudentCourseKey>
[13.097s] 9: +{
[13.097s] 9: +  std::size_t operator()(const StudentCourseKey & k) const
[13.097s] 9: +  {
[13.098s] 9: +    return std::hash<std::string>()(k.student) ^ std::hash<std::string>()(k.course);
[13.098s] 9: +  }
[13.098s] 9: +};
[13.098s] 9: @@ -29,3 +34,5 @@
[13.098s] 9: -    using Herkanser = g1_interface_pkg::action::Herkanser;
[13.098s] 9: -    HerkansingCijferDeterminator() : Node("herkansing_cijfer_determinator") {
[13.098s] 9: -        action_server_ = rclcpp_action::create_server<Herkanser>(
[13.098s] 9: +  using Herkanser = g1_interface_pkg::action::Herkanser;
[13.098s] 9: +  HerkansingCijferDeterminator()
[13.098s] 9: +  : Node("herkansing_cijfer_determinator")
[13.098s] 9: +  {
[13.098s] 9: +    action_server_ = rclcpp_action::create_server<Herkanser>(
[13.098s] 9: @@ -33 +40,2 @@
[13.098s] 9: -            std::bind(&HerkansingCijferDeterminator::handle_goal, this, std::placeholders::_1, std::placeholders::_2),
[13.098s] 9: +            std::bind(&HerkansingCijferDeterminator::handle_goal, this, std::placeholders::_1,
[13.098s] 9: +      std::placeholders::_2),
[13.098s] 9: @@ -36 +44,43 @@
[13.098s] 9: -        cijfer_client_ = this->create_client<g1_interface_pkg::srv::Tentamens>("calculate_final_cijfer");
[13.098s] 9: +    cijfer_client_ =
[13.098s] 9: +      this->create_client<g1_interface_pkg::srv::Tentamens>("calculate_final_cijfer");
[13.098s] 9: +  }
[13.098s] 9: +
[13.098s] 9: +private:
[13.098s] 9: +  rclcpp_action::Server<Herkanser>::SharedPtr action_server_;
[13.098s] 9: +  rclcpp::Client<g1_interface_pkg::srv::Tentamens>::SharedPtr cijfer_client_;
[13.098s] 9: +
[13.098s] 9: +  rclcpp_action::GoalResponse handle_goal(
[13.099s] 9: +    const rclcpp_action::GoalUUID &,
[13.099s] 9: +    std::shared_ptr<const Herkanser::Goal> goal)
[13.099s] 9: +  {
[13.099s] 9: +    RCLCPP_INFO(this->get_logger(), "Received herkansing goal for %s/%s",
[13.099s] 9: +      goal->student_name.c_str(), goal->course_name.c_str());
[13.099s] 9: +    return rclcpp_action::GoalResponse::ACCEPT_AND_EXECUTE;
[13.099s] 9: +  }
[13.099s] 9: +
[13.099s] 9: +  rclcpp_action::CancelResponse handle_cancel(
[13.099s] 9: +    const std::shared_ptr<rclcpp_action::ServerGoalHandle<Herkanser>>)
[13.099s] 9: +  {
[13.099s] 9: +    return rclcpp_action::CancelResponse::ACCEPT;
[13.099s] 9: +  }
[13.099s] 9: +
[13.099s] 9: +  void handle_accepted(
[13.099s] 9: +    const std::shared_ptr<rclcpp_action::ServerGoalHandle<Herkanser>> goal_handle)
[13.099s] 9: +  {
[13.099s] 9: +    std::thread{std::bind(&HerkansingCijferDeterminator::execute, this, goal_handle)}.detach();
[13.099s] 9: +  }
[13.099s] 9: +
[13.099s] 9: +  void execute(const std::shared_ptr<rclcpp_action::ServerGoalHandle<Herkanser>> goal_handle)
[13.099s] 9: +  {
[13.099s] 9: +    auto goal = goal_handle->get_goal();
[13.099s] 9: +    StudentCourseKey key{goal->student_name, goal->course_name};
[13.099s] 9: +
[13.099s] 9: +        // Simulate receiving new tentamen results (here: random generation)
[13.099s] 9: +    std::vector<int> cijfers;
[13.099s] 9: +    for (int i = 0; i < 3; ++i) {
[13.099s] 9: +      cijfers.push_back(10 + (rand() % 91));
[13.099s] 9: +      auto feedback = std::make_shared<Herkanser::Feedback>();
[13.100s] 9: +      feedback->progress = (i + 1) / 3.0f;
[13.100s] 9: +      feedback->status = "Collecting tentamen results";
[13.100s] 9: +      goal_handle->publish_feedback(feedback);
[13.100s] 9: +      std::this_thread::sleep_for(std::chrono::seconds(1));
[13.100s] 9: @@ -39,3 +89,5 @@
[13.100s] 9: -private:
[13.100s] 9: -    rclcpp_action::Server<Herkanser>::SharedPtr action_server_;
[13.100s] 9: -    rclcpp::Client<g1_interface_pkg::srv::Tentamens>::SharedPtr cijfer_client_;
[13.100s] 9: +        // Calculate new final cijfer
[13.100s] 9: +    auto request = std::make_shared<g1_interface_pkg::srv::Tentamens::Request>();
[13.100s] 9: +    request->student_name = key.student;
[13.100s] 9: +    request->course_name = key.course;
[13.100s] 9: +    request->tentamen_cijfers = cijfers;
[13.100s] 9: @@ -43,37 +95,3 @@
[13.100s] 9: -    rclcpp_action::GoalResponse handle_goal(const rclcpp_action::GoalUUID &, std::shared_ptr<const Herkanser::Goal> goal) {
[13.100s] 9: -        RCLCPP_INFO(this->get_logger(), "Received herkansing goal for %s/%s", goal->student_name.c_str(), goal->course_name.c_str());
[13.100s] 9: -        return rclcpp_action::GoalResponse::ACCEPT_AND_EXECUTE;
[13.100s] 9: -    }
[13.100s] 9: -
[13.100s] 9: -    rclcpp_action::CancelResponse handle_cancel(const std::shared_ptr<rclcpp_action::ServerGoalHandle<Herkanser>>) {
[13.100s] 9: -        return rclcpp_action::CancelResponse::ACCEPT;
[13.100s] 9: -    }
[13.100s] 9: -
[13.100s] 9: -    void handle_accepted(const std::shared_ptr<rclcpp_action::ServerGoalHandle<Herkanser>> goal_handle) {
[13.100s] 9: -        std::thread{std::bind(&HerkansingCijferDeterminator::execute, this, goal_handle)}.detach();
[13.100s] 9: -    }
[13.100s] 9: -
[13.100s] 9: -    void execute(const std::shared_ptr<rclcpp_action::ServerGoalHandle<Herkanser>> goal_handle) {
[13.100s] 9: -        auto goal = goal_handle->get_goal();
[13.100s] 9: -        StudentCourseKey key{goal->student_name, goal->course_name};
[13.101s] 9: -
[13.101s] 9: -        // Simulate receiving new tentamen results (here: random generation)
[13.101s] 9: -        std::vector<int> cijfers;
[13.101s] 9: -        for (int i = 0; i < 3; ++i) {
[13.101s] 9: -            cijfers.push_back(10 + (rand() % 91));
[13.101s] 9: -            auto feedback = std::make_shared<Herkanser::Feedback>();
[13.101s] 9: -            feedback->progress = (i + 1) / 3.0f;
[13.101s] 9: -            feedback->status = "Collecting tentamen results";
[13.101s] 9: -            goal_handle->publish_feedback(feedback);
[13.101s] 9: -            std::this_thread::sleep_for(std::chrono::seconds(1));
[13.101s] 9: -        }
[13.101s] 9: -
[13.101s] 9: -        // Calculate new final cijfer
[13.101s] 9: -        auto request = std::make_shared<g1_interface_pkg::srv::Tentamens::Request>();
[13.101s] 9: -        request->student_name = key.student;
[13.101s] 9: -        request->course_name = key.course;
[13.101s] 9: -        request->tentamen_cijfers = cijfers;
[13.101s] 9: -
[13.101s] 9: -        auto future = cijfer_client_->async_send_request(request);
[13.101s] 9: -        future.wait();
[13.101s] 9: -        auto response = future.get();
[13.101s] 9: +    auto future = cijfer_client_->async_send_request(request);
[13.101s] 9: +    future.wait();
[13.101s] 9: +    auto response = future.get();
[13.101s] 9: @@ -82,3 +100,4 @@
[13.101s] 9: -        std::ofstream db("/home/broodjesemih/ass_ros2_ws/database.csv", std::ios::app);
[13.101s] 9: -        db << key.student << "," << key.course << "," << cijfers.size() << "," << response->final_cijfer << "," << std::to_string(this->now().seconds()) << "\n";
[13.101s] 9: -        db.close();
[13.101s] 9: +    std::ofstream db("/home/broodjesemih/ass_ros2_ws/database.csv", std::ios::app);
[13.101s] 9: +    db << key.student << "," << key.course << "," << cijfers.size() << "," <<
[13.101s] 9: +      response->final_cijfer << "," << std::to_string(this->now().seconds()) << "\n";
[13.101s] 9: +    db.close();
[13.102s] 9: @@ -86,5 +105,5 @@
[13.102s] 9: -        auto result = std::make_shared<Herkanser::Result>();
[13.102s] 9: -        result->final_cijfer = response->final_cijfer;
[13.102s] 9: -        result->message = "Nieuwe herkansing cijfer toegevoegd";
[13.102s] 9: -        goal_handle->succeed(result);
[13.102s] 9: -    }
[13.102s] 9: +    auto result = std::make_shared<Herkanser::Result>();
[13.102s] 9: +    result->final_cijfer = response->final_cijfer;
[13.102s] 9: +    result->message = "Nieuwe herkansing cijfer toegevoegd";
[13.102s] 9: +    goal_handle->succeed(result);
[13.102s] 9: +  }
[13.102s] 9: @@ -93,6 +112,7 @@
[13.102s] 9: -int main(int argc, char **argv) {
[13.102s] 9: -    rclcpp::init(argc, argv);
[13.102s] 9: -    rclcpp::spin(std::make_shared<HerkansingCijferDeterminator>());
[13.102s] 9: -    rclcpp::shutdown();
[13.102s] 9: -    return 0;
[13.102s] 9: -}
[13.102s] 9: +int main(int argc, char **argv)
[13.102s] 9: +{
[13.102s] 9: +  rclcpp::init(argc, argv);
[13.102s] 9: +  rclcpp::spin(std::make_shared<HerkansingCijferDeterminator>());
[13.102s] 9: +  rclcpp::shutdown();
[13.102s] 9: +  return 0;
[13.102s] 9: +}
[13.102s] 9: 
[13.102s] 9: Code style divergence in file 'src/herkansing_scheduler.cpp':
[13.102s] 9: 
[13.102s] 9: --- src/herkansing_scheduler.cpp
[13.102s] 9: +++ src/herkansing_scheduler.cpp.uncrustify
[13.102s] 9: @@ -10,4 +10,6 @@
[13.102s] 9: -    using Herkanser = g1_interface_pkg::action::Herkanser;
[13.103s] 9: -    HerkansingSchedulerNode() : Node("herkansing_scheduler") {
[13.103s] 9: -        action_client_ = rclcpp_action::create_client<Herkanser>(this, "herkanser");
[13.103s] 9: -        timer_ = this->create_wall_timer(
[13.103s] 9: +  using Herkanser = g1_interface_pkg::action::Herkanser;
[13.103s] 9: +  HerkansingSchedulerNode()
[13.103s] 9: +  : Node("herkansing_scheduler")
[13.103s] 9: +  {
[13.103s] 9: +    action_client_ = rclcpp_action::create_client<Herkanser>(this, "herkanser");
[13.103s] 9: +    timer_ = this->create_wall_timer(
[13.103s] 9: @@ -16 +18 @@
[13.103s] 9: -    }
[13.103s] 9: +  }
[13.103s] 9: @@ -19,2 +21,2 @@
[13.103s] 9: -    rclcpp_action::Client<Herkanser>::SharedPtr action_client_;
[13.103s] 9: -    rclcpp::TimerBase::SharedPtr timer_;
[13.103s] 9: +  rclcpp_action::Client<Herkanser>::SharedPtr action_client_;
[13.103s] 9: +  rclcpp::TimerBase::SharedPtr timer_;
[13.103s] 9: @@ -22,11 +24,12 @@
[13.103s] 9: -    void check_failed_students() {
[13.103s] 9: -        std::ifstream db("/home/broodjesemih/ass_ros2_ws/database.csv");
[13.103s] 9: -        std::string line;
[13.103s] 9: -        while (std::getline(db, line)) {
[13.103s] 9: -            std::istringstream iss(line);
[13.103s] 9: -            std::string student, course, exams, final_result, timestamp;
[13.103s] 9: -            std::getline(iss, student, ',');
[13.103s] 9: -            std::getline(iss, course, ',');
[13.103s] 9: -            std::getline(iss, exams, ',');
[13.103s] 9: -            std::getline(iss, final_result, ',');
[13.103s] 9: -            std::getline(iss, timestamp, ',');
[13.103s] 9: +  void check_failed_students()
[13.103s] 9: +  {
[13.103s] 9: +    std::ifstream db("/home/broodjesemih/ass_ros2_ws/database.csv");
[13.103s] 9: +    std::string line;
[13.104s] 9: +    while (std::getline(db, line)) {
[13.104s] 9: +      std::istringstream iss(line);
[13.104s] 9: +      std::string student, course, exams, final_result, timestamp;
[13.104s] 9: +      std::getline(iss, student, ',');
[13.104s] 9: +      std::getline(iss, course, ',');
[13.104s] 9: +      std::getline(iss, exams, ',');
[13.104s] 9: +      std::getline(iss, final_result, ',');
[13.104s] 9: +      std::getline(iss, timestamp, ',');
[13.104s] 9: @@ -34,9 +37,9 @@
[13.104s] 9: -            int cijfer = final_result.empty() ? 0 : std::stoi(final_result);
[13.104s] 9: -            if (cijfer >= 10 && cijfer <= 54) {
[13.104s] 9: -                auto goal_msg = Herkanser::Goal();
[13.104s] 9: -                goal_msg.student_name = student;
[13.104s] 9: -                goal_msg.course_name = course;
[13.104s] 9: -                action_client_->async_send_goal(goal_msg);
[13.104s] 9: -                RCLCPP_INFO(this->get_logger(), "Requested herkansing for %s/%s", student.c_str(), course.c_str());
[13.104s] 9: -            }
[13.104s] 9: -        }
[13.104s] 9: +      int cijfer = final_result.empty() ? 0 : std::stoi(final_result);
[13.104s] 9: +      if (cijfer >= 10 && cijfer <= 54) {
[13.104s] 9: +        auto goal_msg = Herkanser::Goal();
[13.104s] 9: +        goal_msg.student_name = student;
[13.104s] 9: +        goal_msg.course_name = course;
[13.104s] 9: +        action_client_->async_send_goal(goal_msg);
[13.104s] 9: +        RCLCPP_INFO(this->get_logger(), "Requested herkansing for %s/%s", student.c_str(),
[13.104s] 9: +          course.c_str());
[13.104s] 9: +      }
[13.104s] 9: @@ -43,0 +47 @@
[13.104s] 9: +  }
[13.104s] 9: @@ -46,6 +50,7 @@
[13.104s] 9: -int main(int argc, char **argv) {
[13.104s] 9: -    rclcpp::init(argc, argv);
[13.104s] 9: -    rclcpp::spin(std::make_shared<HerkansingSchedulerNode>());
[13.104s] 9: -    rclcpp::shutdown();
[13.105s] 9: -    return 0;
[13.105s] 9: -}
[13.105s] 9: +int main(int argc, char **argv)
[13.105s] 9: +{
[13.105s] 9: +  rclcpp::init(argc, argv);
[13.105s] 9: +  rclcpp::spin(std::make_shared<HerkansingSchedulerNode>());
[13.105s] 9: +  rclcpp::shutdown();
[13.105s] 9: +  return 0;
[13.105s] 9: +}
[13.105s] 9: 
[13.105s] 9: Code style divergence in file 'src/tentamen_result_generator.cpp':
[13.105s] 9: 
[13.105s] 9: --- src/tentamen_result_generator.cpp
[13.105s] 9: +++ src/tentamen_result_generator.cpp.uncrustify
[13.105s] 9: @@ -9,6 +9,8 @@
[13.105s] 9: -struct StudentCourseKey {
[13.105s] 9: -    std::string student;
[13.105s] 9: -    std::string course;
[13.105s] 9: -    bool operator==(const StudentCourseKey& other) const {
[13.105s] 9: -        return student == other.student && course == other.course;
[13.105s] 9: -    }
[13.105s] 9: +struct StudentCourseKey
[13.105s] 9: +{
[13.105s] 9: +  std::string student;
[13.105s] 9: +  std::string course;
[13.105s] 9: +  bool operator==(const StudentCourseKey & other) const
[13.105s] 9: +  {
[13.105s] 9: +    return student == other.student && course == other.course;
[13.105s] 9: +  }
[13.105s] 9: @@ -16,7 +18,10 @@
[13.105s] 9: -namespace std {
[13.105s] 9: -    template <>
[13.106s] 9: -    struct hash<StudentCourseKey> {
[13.106s] 9: -        std::size_t operator()(const StudentCourseKey& k) const {
[13.106s] 9: -            return std::hash<std::string>()(k.student) ^ std::hash<std::string>()(k.course);
[13.106s] 9: -        }
[13.106s] 9: -    };
[13.106s] 9: +namespace std
[13.106s] 9: +{
[13.106s] 9: +template<>
[13.106s] 9: +struct hash<StudentCourseKey>
[13.106s] 9: +{
[13.106s] 9: +  std::size_t operator()(const StudentCourseKey & k) const
[13.106s] 9: +  {
[13.106s] 9: +    return std::hash<std::string>()(k.student) ^ std::hash<std::string>()(k.course);
[13.106s] 9: +  }
[13.106s] 9: +};
[13.106s] 9: @@ -27,3 +32,5 @@
[13.106s] 9: -    TentamenResultGenerator() : Node("tentamen_result_generator") {
[13.106s] 9: -        publisher_ = this->create_publisher<g1_interface_pkg::msg::Tentamen>("tentamen_results", 10);
[13.106s] 9: -        timer_ = this->create_wall_timer(
[13.106s] 9: +  TentamenResultGenerator()
[13.106s] 9: +  : Node("tentamen_result_generator")
[13.106s] 9: +  {
[13.106s] 9: +    publisher_ = this->create_publisher<g1_interface_pkg::msg::Tentamen>("tentamen_results", 10);
[13.106s] 9: +    timer_ = this->create_wall_timer(
[13.106s] 9: @@ -32,2 +39,2 @@
[13.106s] 9: -        load_student_course_combinations();
[13.106s] 9: -    }
[13.106s] 9: +    load_student_course_combinations();
[13.106s] 9: +  }
[13.106s] 9: @@ -38,3 +45,3 @@
[13.106s] 9: -    std::unordered_set<StudentCourseKey> active_combinations_;
[13.106s] 9: -    rclcpp::Publisher<g1_interface_pkg::msg::Tentamen>::SharedPtr publisher_;
[13.107s] 9: -    rclcpp::TimerBase::SharedPtr timer_;
[13.107s] 9: +  std::unordered_set<StudentCourseKey> active_combinations_;
[13.107s] 9: +  rclcpp::Publisher<g1_interface_pkg::msg::Tentamen>::SharedPtr publisher_;
[13.107s] 9: +  rclcpp::TimerBase::SharedPtr timer_;
[13.107s] 9: @@ -42,15 +49,15 @@
[13.107s] 9: -    void load_student_course_combinations() {
[13.107s] 9: -        std::ifstream db("/home/broodjesemih/ass_ros2_ws/database.csv");
[13.107s] 9: -        std::string line;
[13.107s] 9: -        while (std::getline(db, line)) {
[13.107s] 9: -            std::istringstream iss(line);
[13.107s] 9: -            std::string student, course, exams, final_result, timestamp;
[13.107s] 9: -            std::getline(iss, student, ',');
[13.107s] 9: -            std::getline(iss, course, ',');
[13.107s] 9: -            std::getline(iss, exams, ',');
[13.107s] 9: -            std::getline(iss, final_result, ',');
[13.107s] 9: -            std::getline(iss, timestamp, ',');
[13.107s] 9: -            if (final_result.empty()) { // Only add if no final result
[13.107s] 9: -                active_combinations_.insert({student, course});
[13.107s] 9: -            }
[13.107s] 9: -        }
[13.107s] 9: +  void load_student_course_combinations()
[13.107s] 9: +  {
[13.107s] 9: +    std::ifstream db("/home/broodjesemih/ass_ros2_ws/database.csv");
[13.107s] 9: +    std::string line;
[13.107s] 9: +    while (std::getline(db, line)) {
[13.107s] 9: +      std::istringstream iss(line);
[13.107s] 9: +      std::string student, course, exams, final_result, timestamp;
[13.107s] 9: +      std::getline(iss, student, ',');
[13.107s] 9: +      std::getline(iss, course, ',');
[13.107s] 9: +      std::getline(iss, exams, ',');
[13.107s] 9: +      std::getline(iss, final_result, ',');
[13.107s] 9: +      std::getline(iss, timestamp, ',');
[13.108s] 9: +      if (final_result.empty()) {       // Only add if no final result
[13.108s] 9: +        active_combinations_.insert({student, course});
[13.108s] 9: +      }
[13.108s] 9: @@ -57,0 +65 @@
[13.108s] 9: +  }
[13.108s] 9: @@ -59,5 +67,6 @@
[13.108s] 9: -    void publish_random_result() {
[13.108s] 9: -        if (active_combinations_.empty()) return;
[13.108s] 9: -        auto it = active_combinations_.begin();
[13.108s] 9: -        std::advance(it, rand() % active_combinations_.size());
[13.108s] 9: -        auto key = *it;
[13.108s] 9: +  void publish_random_result()
[13.108s] 9: +  {
[13.108s] 9: +    if (active_combinations_.empty()) {return;}
[13.108s] 9: +    auto it = active_combinations_.begin();
[13.108s] 9: +    std::advance(it, rand() % active_combinations_.size());
[13.108s] 9: +    auto key = *it;
[13.108s] 9: @@ -65,5 +74,5 @@
[13.108s] 9: -        g1_interface_pkg::msg::Tentamen msg;
[13.108s] 9: -        msg.stamp = this->now();
[13.108s] 9: -        msg.student_name = key.student;
[13.108s] 9: -        msg.course_name = key.course;
[13.108s] 9: -        msg.tentamen_cijfer = 10 + (rand() % 91); // 10-100
[13.108s] 9: +    g1_interface_pkg::msg::Tentamen msg;
[13.108s] 9: +    msg.stamp = this->now();
[13.108s] 9: +    msg.student_name = key.student;
[13.108s] 9: +    msg.course_name = key.course;
[13.108s] 9: +    msg.tentamen_cijfer = 10 + (rand() % 91);     // 10-100
[13.108s] 9: @@ -71,3 +80,4 @@
[13.108s] 9: -        publisher_->publish(msg);
[13.108s] 9: -        RCLCPP_INFO(this->get_logger(), "Published tentamen for %s/%s: %d", key.student.c_str(), key.course.c_str(), msg.tentamen_cijfer);
[13.108s] 9: -    }
[13.108s] 9: +    publisher_->publish(msg);
[13.108s] 9: +    RCLCPP_INFO(this->get_logger(), "Published tentamen for %s/%s: %d", key.student.c_str(),
[13.109s] 9: +      key.course.c_str(), msg.tentamen_cijfer);
[13.109s] 9: +  }
[13.109s] 9: @@ -76,6 +86,7 @@
[13.109s] 9: -int main(int argc, char **argv) {
[13.109s] 9: -    rclcpp::init(argc, argv);
[13.109s] 9: -    rclcpp::spin(std::make_shared<TentamenResultGenerator>());
[13.109s] 9: -    rclcpp::shutdown();
[13.109s] 9: -    return 0;
[13.109s] 9: -}
[13.109s] 9: +int main(int argc, char **argv)
[13.109s] 9: +{
[13.109s] 9: +  rclcpp::init(argc, argv);
[13.109s] 9: +  rclcpp::spin(std::make_shared<TentamenResultGenerator>());
[13.109s] 9: +  rclcpp::shutdown();
[13.109s] 9: +  return 0;
[13.109s] 9: +}
[13.109s] 9: 
[13.109s] 9: Code style divergence in file 'test/test_cijfer_calculator.cpp':
[13.109s] 9: 
[13.109s] 9: --- test/test_cijfer_calculator.cpp
[13.109s] 9: +++ test/test_cijfer_calculator.cpp.uncrustify
[13.109s] 9: @@ -8 +8,2 @@
[13.109s] 9: -int main(int argc, char** argv) {
[13.109s] 9: +int main(int argc, char ** argv)
[13.109s] 9: +{
[13.109s] 9: @@ -11 +12 @@
[13.109s] 9: -}
[13.109s] 9: +}
[13.109s] 9: 
[13.109s] 9: Code style divergence in file 'test/test_cijfer_service.cpp':
[13.109s] 9: 
[13.109s] 9: --- test/test_cijfer_service.cpp
[13.109s] 9: +++ test/test_cijfer_service.cpp.uncrustify
[13.110s] 9: @@ -10 +10,2 @@
[13.110s] 9: -  static void SetUpTestSuite() {
[13.110s] 9: +  static void SetUpTestSuite()
[13.110s] 9: +  {
[13.110s] 9: @@ -14 +15,2 @@
[13.110s] 9: -  static void TearDownTestSuite() {
[13.110s] 9: +  static void TearDownTestSuite()
[13.110s] 9: +  {
[13.110s] 9: @@ -22 +24 @@
[13.110s] 9: -  
[13.110s] 9: +
[13.110s] 9: @@ -24 +26 @@
[13.110s] 9: -  
[13.110s] 9: +
[13.110s] 9: @@ -29 +31 @@
[13.110s] 9: -  
[13.110s] 9: +
[13.110s] 9: @@ -32 +34 @@
[13.110s] 9: -  
[13.110s] 9: +
[13.110s] 9: @@ -35 +37 @@
[13.110s] 9: -  
[13.110s] 9: +
[13.110s] 9: @@ -44 +46 @@
[13.110s] 9: -  
[13.110s] 9: +
[13.110s] 9: @@ -46 +48 @@
[13.110s] 9: -  
[13.110s] 9: +
[13.110s] 9: @@ -51 +53 @@
[13.110s] 9: -  
[13.110s] 9: +
[13.111s] 9: @@ -54 +56 @@
[13.111s] 9: -  
[13.111s] 9: +
[13.111s] 9: @@ -57 +59 @@
[13.111s] 9: -  
[13.111s] 9: +
[13.111s] 9: @@ -65 +67 @@
[13.111s] 9: -  
[13.111s] 9: +
[13.111s] 9: @@ -67 +69 @@
[13.111s] 9: -  
[13.111s] 9: +
[13.111s] 9: @@ -72 +74 @@
[13.111s] 9: -  
[13.111s] 9: +
[13.111s] 9: @@ -75 +77 @@
[13.111s] 9: -  
[13.111s] 9: +
[13.111s] 9: @@ -78 +80 @@
[13.111s] 9: -  
[13.111s] 9: +
[13.111s] 9: @@ -86 +88 @@
[13.111s] 9: -  
[13.111s] 9: +
[13.111s] 9: @@ -88 +90 @@
[13.111s] 9: -  
[13.111s] 9: +
[13.111s] 9: @@ -93 +95 @@
[13.111s] 9: -  
[13.111s] 9: +
[13.111s] 9: @@ -96 +98 @@
[13.111s] 9: -  
[13.111s] 9: +
[13.111s] 9: @@ -99 +101 @@
[13.111s] 9: -  
[13.112s] 9: +
[13.112s] 9: @@ -107 +109 @@
[13.112s] 9: -  
[13.112s] 9: +
[13.112s] 9: @@ -109 +111 @@
[13.112s] 9: -  
[13.112s] 9: +
[13.112s] 9: @@ -114 +116 @@
[13.112s] 9: -  
[13.112s] 9: +
[13.112s] 9: @@ -117 +119 @@
[13.112s] 9: -  
[13.112s] 9: +
[13.112s] 9: @@ -120 +122 @@
[13.112s] 9: -  
[13.112s] 9: +
[13.112s] 9: @@ -125 +127,2 @@
[13.112s] 9: -int main(int argc, char **argv) {
[13.112s] 9: +int main(int argc, char **argv)
[13.112s] 9: +{
[13.112s] 9: 
[13.112s] 9: Code style divergence in file 'test/test_final_cijfer_determinator.cpp':
[13.112s] 9: 
[13.112s] 9: --- test/test_final_cijfer_determinator.cpp
[13.112s] 9: +++ test/test_final_cijfer_determinator.cpp.uncrustify
[13.112s] 9: @@ -11 +11,2 @@
[13.112s] 9: -  static void SetUpTestSuite() {
[13.112s] 9: +  static void SetUpTestSuite()
[13.112s] 9: +  {
[13.112s] 9: @@ -15 +16,2 @@
[13.112s] 9: -  static void TearDownTestSuite() {
[13.112s] 9: +  static void TearDownTestSuite()
[13.112s] 9: +  {
[13.112s] 9: @@ -23 +25 @@
[13.112s] 9: -  
[13.113s] 9: +
[13.113s] 9: @@ -26,2 +28,3 @@
[13.113s] 9: -  
[13.113s] 9: -  EXPECT_GE(publisher->get_subscription_count(), 1) << "final_cijfer_determinator should be subscribed";
[13.113s] 9: +
[13.113s] 9: +  EXPECT_GE(publisher->get_subscription_count(),
[13.113s] 9: +    1) << "final_cijfer_determinator should be subscribed";
[13.113s] 9: @@ -33 +36 @@
[13.113s] 9: -  
[13.113s] 9: +
[13.113s] 9: @@ -36 +39 @@
[13.113s] 9: -  
[13.113s] 9: +
[13.113s] 9: @@ -44 +47 @@
[13.113s] 9: -    
[13.113s] 9: +
[13.113s] 9: @@ -49 +52 @@
[13.113s] 9: -  
[13.113s] 9: +
[13.113s] 9: @@ -52 +55 @@
[13.113s] 9: -  
[13.113s] 9: +
[13.113s] 9: @@ -57 +60 @@
[13.113s] 9: -  
[13.113s] 9: +
[13.113s] 9: @@ -59,2 +62,3 @@
[13.113s] 9: -    if (line.find("TestStudent") != std::string::npos && 
[13.113s] 9: -        line.find("TestCourse") != std::string::npos) {
[13.113s] 9: +    if (line.find("TestStudent") != std::string::npos &&
[13.113s] 9: +      line.find("TestCourse") != std::string::npos)
[13.113s] 9: +    {
[13.113s] 9: @@ -65 +69 @@
[13.113s] 9: -  
[13.113s] 9: +
[13.113s] 9: @@ -72 +76 @@
[13.114s] 9: -  
[13.114s] 9: +
[13.114s] 9: @@ -74 +78 @@
[13.114s] 9: -  
[13.114s] 9: +
[13.114s] 9: @@ -77 +81 @@
[13.114s] 9: -  int count_before = std::count(std::istreambuf_iterator<char>(db_before), 
[13.114s] 9: +  int count_before = std::count(std::istreambuf_iterator<char>(db_before),
[13.114s] 9: @@ -80 +84 @@
[13.114s] 9: -  
[13.114s] 9: +
[13.114s] 9: @@ -88 +92 @@
[13.114s] 9: -    
[13.114s] 9: +
[13.114s] 9: @@ -93 +97 @@
[13.114s] 9: -  
[13.114s] 9: +
[13.114s] 9: @@ -95 +99 @@
[13.114s] 9: -  
[13.114s] 9: +
[13.114s] 9: @@ -98 +102 @@
[13.114s] 9: -  int count_after = std::count(std::istreambuf_iterator<char>(db_after), 
[13.114s] 9: +  int count_after = std::count(std::istreambuf_iterator<char>(db_after),
[13.114s] 9: @@ -101 +105 @@
[13.114s] 9: -  
[13.114s] 9: +
[13.114s] 9: @@ -106 +110,2 @@
[13.114s] 9: -int main(int argc, char **argv) {
[13.114s] 9: +int main(int argc, char **argv)
[13.114s] 9: +{
[13.114s] 9: 
[13.114s] 9: Code style divergence in file 'test/test_tentamen_publisher.cpp':
[13.114s] 9: 
[13.114s] 9: --- test/test_tentamen_publisher.cpp
[13.114s] 9: +++ test/test_tentamen_publisher.cpp.uncrustify
[13.115s] 9: @@ -10 +10,2 @@
[13.115s] 9: -  static void SetUpTestSuite() {
[13.115s] 9: +  static void SetUpTestSuite()
[13.115s] 9: +  {
[13.115s] 9: @@ -14 +15,2 @@
[13.115s] 9: -  static void TearDownTestSuite() {
[13.115s] 9: +  static void TearDownTestSuite()
[13.115s] 9: +  {
[13.115s] 9: @@ -21 +23 @@
[13.115s] 9: -  
[13.115s] 9: +
[13.115s] 9: @@ -24 +26 @@
[13.115s] 9: -  
[13.115s] 9: +
[13.115s] 9: @@ -31 +33 @@
[13.115s] 9: -  
[13.115s] 9: +
[13.115s] 9: @@ -38 +40 @@
[13.115s] 9: -  
[13.115s] 9: +
[13.115s] 9: @@ -48 +50 @@
[13.115s] 9: -  
[13.115s] 9: +
[13.115s] 9: @@ -50 +52 @@
[13.115s] 9: -  
[13.115s] 9: +
[13.115s] 9: @@ -56 +58 @@
[13.115s] 9: -  
[13.115s] 9: +
[13.115s] 9: @@ -63 +65 @@
[13.115s] 9: -  
[13.115s] 9: +
[13.115s] 9: @@ -67 +69,2 @@
[13.115s] 9: -int main(int argc, char **argv) {
[13.116s] 9: +int main(int argc, char **argv)
[13.116s] 9: +{
[13.116s] 9: 
[13.116s] 9: 9 files with code style divergence
[13.116s] 9: -- run_test.py: return code 1
[13.116s] 9: -- run_test.py: verify result file '/home/broodjesemih/ass_ros2_ws/build/g1_ass1_pkg/test_results/g1_ass1_pkg/uncrustify.xunit.xml'
[13.116s]  9/10 Test  #9: uncrustify .......................***Failed    0.15 sec
[13.116s] test 10
[13.116s]       Start 10: xmllint
[13.116s] 
[13.116s] 10: Test command: /usr/bin/python3 "-u" "/opt/ros/jazzy/share/ament_cmake_test/cmake/run_test.py" "/home/broodjesemih/ass_ros2_ws/build/g1_ass1_pkg/test_results/g1_ass1_pkg/xmllint.xunit.xml" "--package-name" "g1_ass1_pkg" "--output-file" "/home/broodjesemih/ass_ros2_ws/build/g1_ass1_pkg/ament_xmllint/xmllint.txt" "--command" "/opt/ros/jazzy/bin/ament_xmllint" "--xunit-file" "/home/broodjesemih/ass_ros2_ws/build/g1_ass1_pkg/test_results/g1_ass1_pkg/xmllint.xunit.xml"
[13.116s] 10: Working Directory: /home/broodjesemih/ass_ros2_ws/src/g1_ass1_pkg
[13.116s] 10: Test timeout computed to be: 60
[13.133s] 10: -- run_test.py: invoking following command in '/home/broodjesemih/ass_ros2_ws/src/g1_ass1_pkg':
[13.133s] 10:  - /opt/ros/jazzy/bin/ament_xmllint --xunit-file /home/broodjesemih/ass_ros2_ws/build/g1_ass1_pkg/test_results/g1_ass1_pkg/xmllint.xunit.xml
[13.186s] 10: File 'package.xml' is valid
[13.186s] 10: 
[13.186s] 10: File 'install/g1_ass1_pkg/share/g1_ass1_pkg/package.xml' is valid
[13.186s] 10: 
[13.186s] 10: No problems found
[13.194s] 10: -- run_test.py: return code 0
[13.195s] 10: -- run_test.py: verify result file '/home/broodjesemih/ass_ros2_ws/build/g1_ass1_pkg/test_results/g1_ass1_pkg/xmllint.xunit.xml'
[13.200s] 10/10 Test #10: xmllint ..........................   Passed    0.11 sec
[13.201s] 
[13.201s] 70% tests passed, 3 tests failed out of 10
[13.201s] 
[13.201s] Label Time Summary:
[13.201s] cppcheck      =   0.11 sec*proc (1 test)
[13.201s] flake8        =   0.26 sec*proc (1 test)
[13.201s] gtest         =  12.29 sec*proc (4 tests)
[13.201s] lint_cmake    =   0.10 sec*proc (1 test)
[13.201s] linter        =   0.88 sec*proc (6 tests)
[13.201s] pep257        =   0.16 sec*proc (1 test)
[13.202s] uncrustify    =   0.15 sec*proc (1 test)
[13.202s] xmllint       =   0.11 sec*proc (1 test)
[13.202s] 
[13.202s] Total Test time (real) =  13.17 sec
[13.202s] 
[13.202s] The following tests FAILED:
[13.202s] 	  4 - test_final_cijfer_determinator (Failed)
[13.202s] 	  7 - lint_cmake (Failed)
[13.202s] 	  9 - uncrustify (Failed)
[13.204s] Errors while running CTest
[13.204s] Output from these tests are in: /home/broodjesemih/ass_ros2_ws/build/g1_ass1_pkg/Testing/Temporary/LastTest.log
[13.204s] Use "--rerun-failed --output-on-failure" to re-run the failed cases verbosely.
[13.205s] Invoked command in '/home/broodjesemih/ass_ros2_ws/build/g1_ass1_pkg' returned '8': CMAKE_PREFIX_PATH=/home/broodjesemih/ass_ros2_ws/install/g1_ass1_pkg:/home/broodjesemih/ass_ros2_ws/install/g1_interface_pkg:/home/broodjesemih/minor_ws/install/robot_moveit_config:/home/broodjesemih/minor_ws/install/robot_description:/home/broodjesemih/minor_ws/install/robot_commander:/home/broodjesemih/minor_ws/install/robot_bringup:/home/broodjesemih/homework_ws/install/hw_pkg:/home/broodjesemih/homework_ws/install/broodje_interfaces:/home/broodjesemih/ros2_ws/install/templates_interfaces:/home/broodjesemih/ros2_ws/install/les_pkg:/home/broodjesemih/ros2_ws/install/my_robot_interfaces:/home/broodjesemih/les_ws-main/install/robot_moveit_config:/home/broodjesemih/les_ws-main/install/robot_description:/home/broodjesemih/les_ws-main/install/robot_commander:/home/broodjesemih/les_ws-main/install/robot_bringup:/home/broodjesemih/les_ws-main/install/les_pkg:/home/broodjesemih/les_ws-main/install/my_interfaces:/opt/ros/jazzy/opt/gz_sim_vendor:/opt/ros/jazzy/opt/gz_sensors_vendor:/opt/ros/jazzy/opt/gz_physics_vendor:/opt/ros/jazzy/opt/sdformat_vendor:/opt/ros/jazzy/opt/gz_gui_vendor:/opt/ros/jazzy/opt/gz_transport_vendor:/opt/ros/jazzy/opt/gz_rendering_vendor:/opt/ros/jazzy/opt/gz_plugin_vendor:/opt/ros/jazzy/opt/gz_fuel_tools_vendor:/opt/ros/jazzy/opt/gz_msgs_vendor:/opt/ros/jazzy/opt/gz_common_vendor:/opt/ros/jazzy/opt/gz_math_vendor:/opt/ros/jazzy/opt/gz_utils_vendor:/opt/ros/jazzy/opt/gz_tools_vendor:/opt/ros/jazzy/opt/gz_ogre_next_vendor:/opt/ros/jazzy/opt/gz_dartsim_vendor:/opt/ros/jazzy/opt/gz_cmake_vendor DEBUGINFOD_URLS=https://debuginfod.ubuntu.com /usr/bin/ctest -C Release -D ExperimentalTest --no-compress-output -V --force-new-ctest-process
