[0.000000] (-) TimerEvent: {}
[0.000146] (g1_ass1_pkg) JobQueued: {'identifier': 'g1_ass1_pkg', 'dependencies': OrderedDict({'g1_interface_pkg': '/home/broodjesemih/ass_ros2_ws/install/g1_interface_pkg', 'g1_ass1_pkg': '/home/broodjesemih/ass_ros2_ws/install/g1_ass1_pkg'})}
[0.000467] (g1_ass1_pkg) JobStarted: {'identifier': 'g1_ass1_pkg'}
[0.020367] (g1_ass1_pkg) Command: {'cmd': ['/usr/bin/ctest', '-C', 'Release', '-D', 'ExperimentalTest', '--no-compress-output', '-V', '--force-new-ctest-process'], 'cwd': '/home/broodjesemih/ass_ros2_ws/build/g1_ass1_pkg', 'env': OrderedDict({'LANGUAGE': 'en_US', 'USER': 'broodjesemih', 'GZ_SIM_RESOURCE_PATH': '/opt/ros/jazzy/share', 'XDG_SEAT': 'seat0', 'GZ_CONFIG_PATH': '/opt/ros/jazzy/opt/gz_sim_vendor/share/gz:/opt/ros/jazzy/opt/sdformat_vendor/share/gz:/opt/ros/jazzy/opt/gz_gui_vendor/share/gz:/opt/ros/jazzy/opt/gz_transport_vendor/share/gz:/opt/ros/jazzy/opt/gz_rendering_vendor/share/gz:/opt/ros/jazzy/opt/gz_plugin_vendor/share/gz:/opt/ros/jazzy/opt/gz_fuel_tools_vendor/share/gz:/opt/ros/jazzy/opt/gz_msgs_vendor/share/gz:/opt/ros/jazzy/opt/gz_common_vendor/share/gz', 'XDG_SESSION_TYPE': 'x11', 'GIT_ASKPASS': '/usr/share/code/resources/app/extensions/git/dist/askpass.sh', 'SHLVL': '2', 'LD_LIBRARY_PATH': '/home/broodjesemih/ass_ros2_ws/install/g1_interface_pkg/lib:/home/broodjesemih/homework_ws/install/broodje_interfaces/lib:/home/broodjesemih/ros2_ws/install/my_robot_interfaces/lib:/home/broodjesemih/les_ws-main/install/my_interfaces/lib:/opt/ros/jazzy/opt/gz_sim_vendor/lib:/opt/ros/jazzy/opt/gz_sensors_vendor/lib:/opt/ros/jazzy/opt/gz_physics_vendor/lib:/opt/ros/jazzy/opt/sdformat_vendor/lib:/opt/ros/jazzy/opt/rviz_ogre_vendor/lib:/opt/ros/jazzy/lib/x86_64-linux-gnu:/opt/ros/jazzy/opt/gz_gui_vendor/lib:/opt/ros/jazzy/opt/gz_transport_vendor/lib:/opt/ros/jazzy/opt/gz_rendering_vendor/lib:/opt/ros/jazzy/opt/gz_plugin_vendor/lib:/opt/ros/jazzy/opt/gz_fuel_tools_vendor/lib:/opt/ros/jazzy/opt/gz_msgs_vendor/lib:/opt/ros/jazzy/opt/gz_common_vendor/lib:/opt/ros/jazzy/opt/gz_math_vendor/lib:/opt/ros/jazzy/opt/gz_utils_vendor/lib:/opt/ros/jazzy/opt/gz_tools_vendor/lib:/opt/ros/jazzy/opt/gz_ogre_next_vendor/lib:/opt/ros/jazzy/opt/gz_dartsim_vendor/lib:/opt/ros/jazzy/opt/gz_cmake_vendor/lib:/opt/ros/jazzy/lib', 'HOME': '/home/broodjesemih', 'OLDPWD': '/home/broodjesemih/ass_ros2_ws', 'LESS': '-R', 'CHROME_DESKTOP': 'code.desktop', 'DESKTOP_SESSION': 'xubuntu', 'TERM_PROGRAM_VERSION': '1.104.2', 'ZSH': '/home/broodjesemih/.oh-my-zsh', 'LSCOLORS': 'Gxfxcxdxbxegedabagacad', 'XDG_SEAT_PATH': '/org/freedesktop/DisplayManager/Seat0', 'PAGER': 'less', 'ROS_PYTHON_VERSION': '3', 'VSCODE_GIT_ASKPASS_MAIN': '/usr/share/code/resources/app/extensions/git/dist/askpass-main.js', 'VSCODE_GIT_ASKPASS_NODE': '/usr/share/code/code', 'DBUS_SESSION_BUS_ADDRESS': 'unix:path=/run/user/1000/bus', 'VSCODE_PYTHON_AUTOACTIVATE_GUARD': '1', 'COLORTERM': 'truecolor', 'DEBUGINFOD_URLS': 'https://debuginfod.ubuntu.com', 'GNOME_KEYRING_CONTROL': '/run/user/1000/keyring', 'QT_QPA_PLATFORMTHEME': 'gtk2', 'ROS_DISTRO': 'jazzy', 'COLCON_PREFIX_PATH': '/home/broodjesemih/ass_ros2_ws/install:/home/broodjesemih/homework_ws/install:/home/broodjesemih/ros2_ws/install:/home/broodjesemih/minor_ws/install:/home/broodjesemih/les_ws-main/install', 'LOGNAME': 'broodjesemih', 'WINDOWID': '56623111', '_': '/usr/bin/timeout', 'XDG_SESSION_CLASS': 'user', 'ROS_VERSION': '2', 'USER_ZDOTDIR': '/home/broodjesemih', 'GTK_OVERLAY_SCROLLING': '0', 'XDG_SESSION_ID': 'c2', 'CLUTTER_BACKEND': 'x11', 'TERM': 'xterm-256color', 'PATH': '/opt/ros/jazzy/opt/gz_msgs_vendor/bin:/opt/ros/jazzy/opt/gz_tools_vendor/bin:/opt/ros/jazzy/opt/gz_ogre_next_vendor/bin:/opt/ros/jazzy/bin:/home/broodjesemih/.local/bin:/usr/local/sbin:/usr/local/bin:/usr/sbin:/usr/bin:/sbin:/bin:/usr/games:/usr/local/games:/snap/bin:/home/broodjesemih/.config/Code/User/globalStorage/github.copilot-chat/debugCommand', 'SESSION_MANAGER': 'local/xubuntu:@/tmp/.ICE-unix/1656,unix/xubuntu:/tmp/.ICE-unix/1656', 'GDM_LANG': 'en_US', 'XDG_MENU_PREFIX': 'xfce-', 'XDG_SESSION_PATH': '/org/freedesktop/DisplayManager/Session0', 'XDG_RUNTIME_DIR': '/run/user/1000', 'GDK_BACKEND': 'x11', 'DISPLAY': ':0.0', 'XDG_CURRENT_DESKTOP': 'XFCE', 'VSCODE_INJECTION': '1', 'LANG': 'en_US.UTF-8', 'XDG_SESSION_DESKTOP': 'xubuntu', 'XAUTHORITY': '/home/broodjesemih/.Xauthority', 'LS_COLORS': 'rs=0:di=01;34:ln=01;36:mh=00:pi=40;33:so=01;35:do=01;35:bd=40;33;01:cd=40;33;01:or=40;31;01:mi=00:su=37;41:sg=30;43:ca=00:tw=30;42:ow=34;42:st=37;44:ex=01;32:*.tar=01;31:*.tgz=01;31:*.arc=01;31:*.arj=01;31:*.taz=01;31:*.lha=01;31:*.lz4=01;31:*.lzh=01;31:*.lzma=01;31:*.tlz=01;31:*.txz=01;31:*.tzo=01;31:*.t7z=01;31:*.zip=01;31:*.z=01;31:*.dz=01;31:*.gz=01;31:*.lrz=01;31:*.lz=01;31:*.lzo=01;31:*.xz=01;31:*.zst=01;31:*.tzst=01;31:*.bz2=01;31:*.bz=01;31:*.tbz=01;31:*.tbz2=01;31:*.tz=01;31:*.deb=01;31:*.rpm=01;31:*.jar=01;31:*.war=01;31:*.ear=01;31:*.sar=01;31:*.rar=01;31:*.alz=01;31:*.ace=01;31:*.zoo=01;31:*.cpio=01;31:*.7z=01;31:*.rz=01;31:*.cab=01;31:*.wim=01;31:*.swm=01;31:*.dwm=01;31:*.esd=01;31:*.avif=01;35:*.jpg=01;35:*.jpeg=01;35:*.mjpg=01;35:*.mjpeg=01;35:*.gif=01;35:*.bmp=01;35:*.pbm=01;35:*.pgm=01;35:*.ppm=01;35:*.tga=01;35:*.xbm=01;35:*.xpm=01;35:*.tif=01;35:*.tiff=01;35:*.png=01;35:*.svg=01;35:*.svgz=01;35:*.mng=01;35:*.pcx=01;35:*.mov=01;35:*.mpg=01;35:*.mpeg=01;35:*.m2v=01;35:*.mkv=01;35:*.webm=01;35:*.webp=01;35:*.ogm=01;35:*.mp4=01;35:*.m4v=01;35:*.mp4v=01;35:*.vob=01;35:*.qt=01;35:*.nuv=01;35:*.wmv=01;35:*.asf=01;35:*.rm=01;35:*.rmvb=01;35:*.flc=01;35:*.avi=01;35:*.fli=01;35:*.flv=01;35:*.gl=01;35:*.dl=01;35:*.xcf=01;35:*.xwd=01;35:*.yuv=01;35:*.cgm=01;35:*.emf=01;35:*.ogv=01;35:*.ogx=01;35:*.aac=00;36:*.au=00;36:*.flac=00;36:*.m4a=00;36:*.mid=00;36:*.midi=00;36:*.mka=00;36:*.mp3=00;36:*.mpc=00;36:*.ogg=00;36:*.ra=00;36:*.wav=00;36:*.oga=00;36:*.opus=00;36:*.spx=00;36:*.xspf=00;36:*~=00;90:*#=00;90:*.bak=00;90:*.crdownload=00;90:*.dpkg-dist=00;90:*.dpkg-new=00;90:*.dpkg-old=00;90:*.dpkg-tmp=00;90:*.old=00;90:*.orig=00;90:*.part=00;90:*.rej=00;90:*.rpmnew=00;90:*.rpmorig=00;90:*.rpmsave=00;90:*.swp=00;90:*.tmp=00;90:*.ucf-dist=00;90:*.ucf-new=00;90:*.ucf-old=00;90:', 'TERM_PROGRAM': 'vscode', 'VSCODE_GIT_IPC_HANDLE': '/run/user/1000/vscode-git-70c8134e19.sock', 'SSH_AUTH_SOCK': '/run/user/1000/keyring/ssh', 'XDG_GREETER_DATA_DIR': '/var/lib/lightdm-data/broodjesemih', 'AMENT_PREFIX_PATH': '/home/broodjesemih/minor_ws/install/robot_moveit_config:/home/broodjesemih/minor_ws/install/robot_description:/home/broodjesemih/minor_ws/install/robot_commander:/home/broodjesemih/minor_ws/install/robot_bringup:/home/broodjesemih/ass_ros2_ws/install/g1_ass1_pkg:/home/broodjesemih/ass_ros2_ws/install/g1_interface_pkg:/home/broodjesemih/homework_ws/install/hw_pkg:/home/broodjesemih/homework_ws/install/broodje_interfaces:/home/broodjesemih/ros2_ws/install/templates_interfaces:/home/broodjesemih/ros2_ws/install/les_pkg:/home/broodjesemih/ros2_ws/install/my_robot_interfaces:/home/broodjesemih/les_ws-main/install/robot_moveit_config:/home/broodjesemih/les_ws-main/install/robot_description:/home/broodjesemih/les_ws-main/install/robot_commander:/home/broodjesemih/les_ws-main/install/robot_bringup:/home/broodjesemih/les_ws-main/install/les_pkg:/home/broodjesemih/les_ws-main/install/my_interfaces:/opt/ros/jazzy', 'ORIGINAL_XDG_CURRENT_DESKTOP': 'XFCE', 'SHELL': '/usr/bin/zsh', 'QT_ACCESSIBILITY': '1', 'GDMSESSION': 'xubuntu', 'GPG_AGENT_INFO': '/run/user/1000/gnupg/S.gpg-agent:0:1', 'XDG_VTNR': '7', 'ROS_AUTOMATIC_DISCOVERY_RANGE': 'SUBNET', 'GIT_PAGER': 'cat', 'VSCODE_GIT_ASKPASS_EXTRA_ARGS': '', 'PWD': '/home/broodjesemih/ass_ros2_ws/build/g1_ass1_pkg', 'LC_ALL': 'en_US.UTF-8', 'XDG_DATA_DIRS': '/usr/share/xubuntu:/usr/share/xfce4:/usr/local/share/:/usr/share/:/usr/share', 'XDG_CONFIG_DIRS': '/etc/xdg/xdg-xubuntu:/etc/xdg', 'ZDOTDIR': '/home/broodjesemih', 'PYTHONPATH': '/home/broodjesemih/ass_ros2_ws/install/g1_interface_pkg/lib/python3.12/site-packages:/home/broodjesemih/homework_ws/install/broodje_interfaces/lib/python3.12/site-packages:/home/broodjesemih/ros2_ws/install/my_robot_interfaces/lib/python3.12/site-packages:/home/broodjesemih/les_ws-main/install/my_interfaces/lib/python3.12/site-packages:/opt/ros/jazzy/lib/python3.12/site-packages', 'COLCON': '1', 'VTE_VERSION': '7600', 'CMAKE_PREFIX_PATH': '/home/broodjesemih/ass_ros2_ws/install/g1_ass1_pkg:/home/broodjesemih/ass_ros2_ws/install/g1_interface_pkg:/home/broodjesemih/minor_ws/install/robot_moveit_config:/home/broodjesemih/minor_ws/install/robot_description:/home/broodjesemih/minor_ws/install/robot_commander:/home/broodjesemih/minor_ws/install/robot_bringup:/home/broodjesemih/homework_ws/install/hw_pkg:/home/broodjesemih/homework_ws/install/broodje_interfaces:/home/broodjesemih/ros2_ws/install/templates_interfaces:/home/broodjesemih/ros2_ws/install/les_pkg:/home/broodjesemih/ros2_ws/install/my_robot_interfaces:/home/broodjesemih/les_ws-main/install/robot_moveit_config:/home/broodjesemih/les_ws-main/install/robot_description:/home/broodjesemih/les_ws-main/install/robot_commander:/home/broodjesemih/les_ws-main/install/robot_bringup:/home/broodjesemih/les_ws-main/install/les_pkg:/home/broodjesemih/les_ws-main/install/my_interfaces:/opt/ros/jazzy/opt/gz_sim_vendor:/opt/ros/jazzy/opt/gz_sensors_vendor:/opt/ros/jazzy/opt/gz_physics_vendor:/opt/ros/jazzy/opt/sdformat_vendor:/opt/ros/jazzy/opt/gz_gui_vendor:/opt/ros/jazzy/opt/gz_transport_vendor:/opt/ros/jazzy/opt/gz_rendering_vendor:/opt/ros/jazzy/opt/gz_plugin_vendor:/opt/ros/jazzy/opt/gz_fuel_tools_vendor:/opt/ros/jazzy/opt/gz_msgs_vendor:/opt/ros/jazzy/opt/gz_common_vendor:/opt/ros/jazzy/opt/gz_math_vendor:/opt/ros/jazzy/opt/gz_utils_vendor:/opt/ros/jazzy/opt/gz_tools_vendor:/opt/ros/jazzy/opt/gz_ogre_next_vendor:/opt/ros/jazzy/opt/gz_dartsim_vendor:/opt/ros/jazzy/opt/gz_cmake_vendor'}), 'shell': False}
[0.026142] (g1_ass1_pkg) StdoutLine: {'line': b'UpdateCTestConfiguration  from :/home/broodjesemih/ass_ros2_ws/build/g1_ass1_pkg/CTestConfiguration.ini\n'}
[0.026318] (g1_ass1_pkg) StdoutLine: {'line': b'Parse Config file:/home/broodjesemih/ass_ros2_ws/build/g1_ass1_pkg/CTestConfiguration.ini\n'}
[0.026447] (g1_ass1_pkg) StdoutLine: {'line': b'   Site: xubuntu\n'}
[0.026520] (g1_ass1_pkg) StdoutLine: {'line': b'   Build name: (empty)\n'}
[0.026592] (g1_ass1_pkg) StdoutLine: {'line': b' Add coverage exclude regular expressions.\n'}
[0.026662] (g1_ass1_pkg) StdoutLine: {'line': b'Create new tag: 20251006-1317 - Experimental\n'}
[0.026731] (g1_ass1_pkg) StdoutLine: {'line': b'UpdateCTestConfiguration  from :/home/broodjesemih/ass_ros2_ws/build/g1_ass1_pkg/CTestConfiguration.ini\n'}
[0.026842] (g1_ass1_pkg) StdoutLine: {'line': b'Parse Config file:/home/broodjesemih/ass_ros2_ws/build/g1_ass1_pkg/CTestConfiguration.ini\n'}
[0.026915] (g1_ass1_pkg) StdoutLine: {'line': b'Test project /home/broodjesemih/ass_ros2_ws/build/g1_ass1_pkg\n'}
[0.027048] (g1_ass1_pkg) StdoutLine: {'line': b'Constructing a list of tests\n'}
[0.027119] (g1_ass1_pkg) StdoutLine: {'line': b'Done constructing a list of tests\n'}
[0.027192] (g1_ass1_pkg) StdoutLine: {'line': b'Updating test list for fixtures\n'}
[0.027263] (g1_ass1_pkg) StdoutLine: {'line': b'Added 0 tests to meet fixture requirements\n'}
[0.027337] (g1_ass1_pkg) StdoutLine: {'line': b'Checking test dependency graph...\n'}
[0.027409] (g1_ass1_pkg) StdoutLine: {'line': b'Checking test dependency graph end\n'}
[0.027481] (g1_ass1_pkg) StdoutLine: {'line': b'test 1\n'}
[0.027556] (g1_ass1_pkg) StdoutLine: {'line': b'      Start  1: test_cijfer_calculator\n'}
[0.027627] (g1_ass1_pkg) StdoutLine: {'line': b'\n'}
[0.027701] (g1_ass1_pkg) StdoutLine: {'line': b'1: Test command: /usr/bin/python3 "-u" "/opt/ros/jazzy/share/ament_cmake_test/cmake/run_test.py" "/home/broodjesemih/ass_ros2_ws/build/g1_ass1_pkg/test_results/g1_ass1_pkg/test_cijfer_calculator.gtest.xml" "--package-name" "g1_ass1_pkg" "--output-file" "/home/broodjesemih/ass_ros2_ws/build/g1_ass1_pkg/ament_cmake_gtest/test_cijfer_calculator.txt" "--command" "/home/broodjesemih/ass_ros2_ws/build/g1_ass1_pkg/test_cijfer_calculator" "--gtest_output=xml:/home/broodjesemih/ass_ros2_ws/build/g1_ass1_pkg/test_results/g1_ass1_pkg/test_cijfer_calculator.gtest.xml"\n'}
[0.027784] (g1_ass1_pkg) StdoutLine: {'line': b'1: Working Directory: /home/broodjesemih/ass_ros2_ws/build/g1_ass1_pkg\n'}
[0.027862] (g1_ass1_pkg) StdoutLine: {'line': b'1: Test timeout computed to be: 60\n'}
[0.066006] (g1_ass1_pkg) StdoutLine: {'line': b"1: -- run_test.py: invoking following command in '/home/broodjesemih/ass_ros2_ws/build/g1_ass1_pkg':\n"}
[0.066172] (g1_ass1_pkg) StdoutLine: {'line': b'1:  - /home/broodjesemih/ass_ros2_ws/build/g1_ass1_pkg/test_cijfer_calculator --gtest_output=xml:/home/broodjesemih/ass_ros2_ws/build/g1_ass1_pkg/test_results/g1_ass1_pkg/test_cijfer_calculator.gtest.xml\n'}
[0.067504] (g1_ass1_pkg) StdoutLine: {'line': b'1: [==========] Running 1 test from 1 test suite.\n'}
[0.067620] (g1_ass1_pkg) StdoutLine: {'line': b'1: [----------] Global test environment set-up.\n'}
[0.067703] (g1_ass1_pkg) StdoutLine: {'line': b'1: [----------] 1 test from TestSuite\n'}
[0.067825] (g1_ass1_pkg) StdoutLine: {'line': b'1: [ RUN      ] TestSuite.test_example\n'}
[0.067907] (g1_ass1_pkg) StdoutLine: {'line': b'1: [       OK ] TestSuite.test_example (0 ms)\n'}
[0.068034] (g1_ass1_pkg) StdoutLine: {'line': b'1: [----------] 1 test from TestSuite (0 ms total)\n'}
[0.068110] (g1_ass1_pkg) StdoutLine: {'line': b'1: \n'}
[0.068234] (g1_ass1_pkg) StdoutLine: {'line': b'1: [----------] Global test environment tear-down\n'}
[0.068316] (g1_ass1_pkg) StdoutLine: {'line': b'1: [==========] 1 test from 1 test suite ran. (0 ms total)\n'}
[0.068392] (g1_ass1_pkg) StdoutLine: {'line': b'1: [  PASSED  ] 1 test.\n'}
[0.068469] (g1_ass1_pkg) StdoutLine: {'line': b'1: -- run_test.py: return code 0\n'}
[0.068546] (g1_ass1_pkg) StdoutLine: {'line': b"1: -- run_test.py: inject classname prefix into gtest result file '/home/broodjesemih/ass_ros2_ws/build/g1_ass1_pkg/test_results/g1_ass1_pkg/test_cijfer_calculator.gtest.xml'\n"}
[0.068622] (g1_ass1_pkg) StdoutLine: {'line': b"1: -- run_test.py: verify result file '/home/broodjesemih/ass_ros2_ws/build/g1_ass1_pkg/test_results/g1_ass1_pkg/test_cijfer_calculator.gtest.xml'\n"}
[0.077299] (g1_ass1_pkg) StdoutLine: {'line': b' 1/10 Test  #1: test_cijfer_calculator ...........   Passed    0.05 sec\n'}
[0.077456] (g1_ass1_pkg) StdoutLine: {'line': b'test 2\n'}
[0.077532] (g1_ass1_pkg) StdoutLine: {'line': b'      Start  2: test_cijfer_service\n'}
[0.077610] (g1_ass1_pkg) StdoutLine: {'line': b'\n'}
[0.077685] (g1_ass1_pkg) StdoutLine: {'line': b'2: Test command: /usr/bin/python3 "-u" "/opt/ros/jazzy/share/ament_cmake_test/cmake/run_test.py" "/home/broodjesemih/ass_ros2_ws/build/g1_ass1_pkg/test_results/g1_ass1_pkg/test_cijfer_service.gtest.xml" "--package-name" "g1_ass1_pkg" "--output-file" "/home/broodjesemih/ass_ros2_ws/build/g1_ass1_pkg/ament_cmake_gtest/test_cijfer_service.txt" "--command" "/home/broodjesemih/ass_ros2_ws/build/g1_ass1_pkg/test_cijfer_service" "--gtest_output=xml:/home/broodjesemih/ass_ros2_ws/build/g1_ass1_pkg/test_results/g1_ass1_pkg/test_cijfer_service.gtest.xml"\n'}
[0.077763] (g1_ass1_pkg) StdoutLine: {'line': b'2: Working Directory: /home/broodjesemih/ass_ros2_ws/build/g1_ass1_pkg\n'}
[0.077837] (g1_ass1_pkg) StdoutLine: {'line': b'2: Test timeout computed to be: 60\n'}
[0.099995] (-) TimerEvent: {}
[0.118001] (g1_ass1_pkg) StdoutLine: {'line': b"2: -- run_test.py: invoking following command in '/home/broodjesemih/ass_ros2_ws/build/g1_ass1_pkg':\n"}
[0.118152] (g1_ass1_pkg) StdoutLine: {'line': b'2:  - /home/broodjesemih/ass_ros2_ws/build/g1_ass1_pkg/test_cijfer_service --gtest_output=xml:/home/broodjesemih/ass_ros2_ws/build/g1_ass1_pkg/test_results/g1_ass1_pkg/test_cijfer_service.gtest.xml\n'}
[0.126794] (g1_ass1_pkg) StdoutLine: {'line': b'2: [==========] Running 5 tests from 1 test suite.\n'}
[0.126923] (g1_ass1_pkg) StdoutLine: {'line': b'2: [----------] Global test environment set-up.\n'}
[0.127007] (g1_ass1_pkg) StdoutLine: {'line': b'2: [----------] 5 tests from TestCijferService\n'}
[0.130587] (g1_ass1_pkg) StdoutLine: {'line': b'2: [ RUN      ] TestCijferService.test_average_calculation\n'}
[0.200313] (-) TimerEvent: {}
[0.300677] (-) TimerEvent: {}
[0.330224] (g1_ass1_pkg) StdoutLine: {'line': b'2: [       OK ] TestCijferService.test_average_calculation (199 ms)\n'}
[0.330413] (g1_ass1_pkg) StdoutLine: {'line': b'2: [ RUN      ] TestCijferService.test_wessel_bonus\n'}
[0.400826] (-) TimerEvent: {}
[0.501151] (-) TimerEvent: {}
[0.527301] (g1_ass1_pkg) StdoutLine: {'line': b'2: [       OK ] TestCijferService.test_wessel_bonus (197 ms)\n'}
[0.527449] (g1_ass1_pkg) StdoutLine: {'line': b'2: [ RUN      ] TestCijferService.test_max_clamp\n'}
[0.601337] (-) TimerEvent: {}
[0.701606] (-) TimerEvent: {}
[0.724222] (g1_ass1_pkg) StdoutLine: {'line': b'2: [       OK ] TestCijferService.test_max_clamp (196 ms)\n'}
[0.724362] (g1_ass1_pkg) StdoutLine: {'line': b'2: [ RUN      ] TestCijferService.test_min_clamp\n'}
[0.801726] (-) TimerEvent: {}
[0.902133] (-) TimerEvent: {}
[0.920305] (g1_ass1_pkg) StdoutLine: {'line': b'2: [       OK ] TestCijferService.test_min_clamp (196 ms)\n'}
[0.920428] (g1_ass1_pkg) StdoutLine: {'line': b'2: [ RUN      ] TestCijferService.test_empty_cijfers\n'}
[1.002255] (-) TimerEvent: {}
[1.102479] (-) TimerEvent: {}
[1.109431] (g1_ass1_pkg) StdoutLine: {'line': b'2: [       OK ] TestCijferService.test_empty_cijfers (188 ms)\n'}
[1.109769] (g1_ass1_pkg) StdoutLine: {'line': b'2: [----------] 5 tests from TestCijferService (978 ms total)\n'}
[1.110045] (g1_ass1_pkg) StdoutLine: {'line': b'2: \n'}
[1.110222] (g1_ass1_pkg) StdoutLine: {'line': b'2: [----------] Global test environment tear-down\n'}
[1.110366] (g1_ass1_pkg) StdoutLine: {'line': b'2: [==========] 5 tests from 1 test suite ran. (982 ms total)\n'}
[1.110508] (g1_ass1_pkg) StdoutLine: {'line': b'2: [  PASSED  ] 5 tests.\n'}
[1.202660] (-) TimerEvent: {}
[1.212806] (g1_ass1_pkg) StdoutLine: {'line': b'2: -- run_test.py: return code 0\n'}
[1.213089] (g1_ass1_pkg) StdoutLine: {'line': b"2: -- run_test.py: inject classname prefix into gtest result file '/home/broodjesemih/ass_ros2_ws/build/g1_ass1_pkg/test_results/g1_ass1_pkg/test_cijfer_service.gtest.xml'\n"}
[1.213171] (g1_ass1_pkg) StdoutLine: {'line': b"2: -- run_test.py: verify result file '/home/broodjesemih/ass_ros2_ws/build/g1_ass1_pkg/test_results/g1_ass1_pkg/test_cijfer_service.gtest.xml'\n"}
[1.220047] (g1_ass1_pkg) StdoutLine: {'line': b' 2/10 Test  #2: test_cijfer_service ..............   Passed    1.14 sec\n'}
[1.220160] (g1_ass1_pkg) StdoutLine: {'line': b'test 3\n'}
[1.220198] (g1_ass1_pkg) StdoutLine: {'line': b'      Start  3: test_tentamen_publisher\n'}
[1.220234] (g1_ass1_pkg) StdoutLine: {'line': b'\n'}
[1.220268] (g1_ass1_pkg) StdoutLine: {'line': b'3: Test command: /usr/bin/python3 "-u" "/opt/ros/jazzy/share/ament_cmake_test/cmake/run_test.py" "/home/broodjesemih/ass_ros2_ws/build/g1_ass1_pkg/test_results/g1_ass1_pkg/test_tentamen_publisher.gtest.xml" "--package-name" "g1_ass1_pkg" "--output-file" "/home/broodjesemih/ass_ros2_ws/build/g1_ass1_pkg/ament_cmake_gtest/test_tentamen_publisher.txt" "--command" "/home/broodjesemih/ass_ros2_ws/build/g1_ass1_pkg/test_tentamen_publisher" "--gtest_output=xml:/home/broodjesemih/ass_ros2_ws/build/g1_ass1_pkg/test_results/g1_ass1_pkg/test_tentamen_publisher.gtest.xml"\n'}
[1.220305] (g1_ass1_pkg) StdoutLine: {'line': b'3: Working Directory: /home/broodjesemih/ass_ros2_ws/build/g1_ass1_pkg\n'}
[1.220338] (g1_ass1_pkg) StdoutLine: {'line': b'3: Test timeout computed to be: 60\n'}
[1.259121] (g1_ass1_pkg) StdoutLine: {'line': b"3: -- run_test.py: invoking following command in '/home/broodjesemih/ass_ros2_ws/build/g1_ass1_pkg':\n"}
[1.259243] (g1_ass1_pkg) StdoutLine: {'line': b'3:  - /home/broodjesemih/ass_ros2_ws/build/g1_ass1_pkg/test_tentamen_publisher --gtest_output=xml:/home/broodjesemih/ass_ros2_ws/build/g1_ass1_pkg/test_results/g1_ass1_pkg/test_tentamen_publisher.gtest.xml\n'}
[1.265645] (g1_ass1_pkg) StdoutLine: {'line': b'3: [==========] Running 2 tests from 1 test suite.\n'}
[1.265745] (g1_ass1_pkg) StdoutLine: {'line': b'3: [----------] Global test environment set-up.\n'}
[1.265786] (g1_ass1_pkg) StdoutLine: {'line': b'3: [----------] 2 tests from TestTentamenPublisher\n'}
[1.270144] (g1_ass1_pkg) StdoutLine: {'line': b'3: [ RUN      ] TestTentamenPublisher.test_tentamen_published\n'}
[1.302875] (-) TimerEvent: {}
[1.403123] (-) TimerEvent: {}
[1.503467] (-) TimerEvent: {}
[1.603772] (-) TimerEvent: {}
[1.704075] (-) TimerEvent: {}
[1.804365] (-) TimerEvent: {}
[1.904597] (-) TimerEvent: {}
[2.004918] (-) TimerEvent: {}
[2.105085] (-) TimerEvent: {}
[2.184044] (g1_ass1_pkg) StdoutLine: {'line': b'3: [       OK ] TestTentamenPublisher.test_tentamen_published (913 ms)\n'}
[2.184226] (g1_ass1_pkg) StdoutLine: {'line': b'3: [ RUN      ] TestTentamenPublisher.test_multiple_messages\n'}
[2.205176] (-) TimerEvent: {}
[2.305348] (-) TimerEvent: {}
[2.405556] (-) TimerEvent: {}
[2.505861] (-) TimerEvent: {}
[2.606025] (-) TimerEvent: {}
[2.706209] (-) TimerEvent: {}
[2.806385] (-) TimerEvent: {}
[2.906602] (-) TimerEvent: {}
[3.006895] (-) TimerEvent: {}
[3.107100] (-) TimerEvent: {}
[3.207258] (-) TimerEvent: {}
[3.307452] (-) TimerEvent: {}
[3.407679] (-) TimerEvent: {}
[3.507964] (-) TimerEvent: {}
[3.608188] (-) TimerEvent: {}
[3.708421] (-) TimerEvent: {}
[3.808678] (-) TimerEvent: {}
[3.908936] (-) TimerEvent: {}
[4.009189] (-) TimerEvent: {}
[4.109415] (-) TimerEvent: {}
[4.209696] (-) TimerEvent: {}
[4.310053] (-) TimerEvent: {}
[4.410284] (-) TimerEvent: {}
[4.510539] (-) TimerEvent: {}
[4.610801] (-) TimerEvent: {}
[4.711142] (-) TimerEvent: {}
[4.811389] (-) TimerEvent: {}
[4.911660] (-) TimerEvent: {}
[5.012015] (-) TimerEvent: {}
[5.112250] (-) TimerEvent: {}
[5.212439] (-) TimerEvent: {}
[5.312644] (-) TimerEvent: {}
[5.413010] (-) TimerEvent: {}
[5.513213] (-) TimerEvent: {}
[5.613399] (-) TimerEvent: {}
[5.713604] (-) TimerEvent: {}
[5.813901] (-) TimerEvent: {}
[5.914084] (-) TimerEvent: {}
[6.014245] (-) TimerEvent: {}
[6.114450] (-) TimerEvent: {}
[6.214609] (-) TimerEvent: {}
[6.314831] (-) TimerEvent: {}
[6.415154] (-) TimerEvent: {}
[6.515328] (-) TimerEvent: {}
[6.615523] (-) TimerEvent: {}
[6.715740] (-) TimerEvent: {}
[6.815926] (-) TimerEvent: {}
[6.916256] (-) TimerEvent: {}
[7.016459] (-) TimerEvent: {}
[7.116679] (-) TimerEvent: {}
[7.209015] (g1_ass1_pkg) StdoutLine: {'line': b'3: [       OK ] TestTentamenPublisher.test_multiple_messages (5024 ms)\n'}
[7.209209] (g1_ass1_pkg) StdoutLine: {'line': b'3: [----------] 2 tests from TestTentamenPublisher (5938 ms total)\n'}
[7.209261] (g1_ass1_pkg) StdoutLine: {'line': b'3: \n'}
[7.209304] (g1_ass1_pkg) StdoutLine: {'line': b'3: [----------] Global test environment tear-down\n'}
[7.209343] (g1_ass1_pkg) StdoutLine: {'line': b'3: [==========] 2 tests from 1 test suite ran. (5943 ms total)\n'}
[7.209381] (g1_ass1_pkg) StdoutLine: {'line': b'3: [  PASSED  ] 2 tests.\n'}
[7.216770] (-) TimerEvent: {}
[7.313131] (g1_ass1_pkg) StdoutLine: {'line': b'3: -- run_test.py: return code 0\n'}
[7.313306] (g1_ass1_pkg) StdoutLine: {'line': b"3: -- run_test.py: inject classname prefix into gtest result file '/home/broodjesemih/ass_ros2_ws/build/g1_ass1_pkg/test_results/g1_ass1_pkg/test_tentamen_publisher.gtest.xml'\n"}
[7.313537] (g1_ass1_pkg) StdoutLine: {'line': b"3: -- run_test.py: verify result file '/home/broodjesemih/ass_ros2_ws/build/g1_ass1_pkg/test_results/g1_ass1_pkg/test_tentamen_publisher.gtest.xml'\n"}
[7.316901] (-) TimerEvent: {}
[7.321166] (g1_ass1_pkg) StdoutLine: {'line': b' 3/10 Test  #3: test_tentamen_publisher ..........   Passed    6.10 sec\n'}
[7.321378] (g1_ass1_pkg) StdoutLine: {'line': b'test 4\n'}
[7.321433] (g1_ass1_pkg) StdoutLine: {'line': b'      Start  4: test_final_cijfer_determinator\n'}
[7.321469] (g1_ass1_pkg) StdoutLine: {'line': b'\n'}
[7.321503] (g1_ass1_pkg) StdoutLine: {'line': b'4: Test command: /usr/bin/python3 "-u" "/opt/ros/jazzy/share/ament_cmake_test/cmake/run_test.py" "/home/broodjesemih/ass_ros2_ws/build/g1_ass1_pkg/test_results/g1_ass1_pkg/test_final_cijfer_determinator.gtest.xml" "--package-name" "g1_ass1_pkg" "--output-file" "/home/broodjesemih/ass_ros2_ws/build/g1_ass1_pkg/ament_cmake_gtest/test_final_cijfer_determinator.txt" "--command" "/home/broodjesemih/ass_ros2_ws/build/g1_ass1_pkg/test_final_cijfer_determinator" "--gtest_output=xml:/home/broodjesemih/ass_ros2_ws/build/g1_ass1_pkg/test_results/g1_ass1_pkg/test_final_cijfer_determinator.gtest.xml"\n'}
[7.321546] (g1_ass1_pkg) StdoutLine: {'line': b'4: Working Directory: /home/broodjesemih/ass_ros2_ws/build/g1_ass1_pkg\n'}
[7.321579] (g1_ass1_pkg) StdoutLine: {'line': b'4: Test timeout computed to be: 60\n'}
[7.360276] (g1_ass1_pkg) StdoutLine: {'line': b"4: -- run_test.py: invoking following command in '/home/broodjesemih/ass_ros2_ws/build/g1_ass1_pkg':\n"}
[7.360391] (g1_ass1_pkg) StdoutLine: {'line': b'4:  - /home/broodjesemih/ass_ros2_ws/build/g1_ass1_pkg/test_final_cijfer_determinator --gtest_output=xml:/home/broodjesemih/ass_ros2_ws/build/g1_ass1_pkg/test_results/g1_ass1_pkg/test_final_cijfer_determinator.gtest.xml\n'}
[7.368800] (g1_ass1_pkg) StdoutLine: {'line': b'4: [==========] Running 3 tests from 1 test suite.\n'}
[7.368937] (g1_ass1_pkg) StdoutLine: {'line': b'4: [----------] Global test environment set-up.\n'}
[7.368991] (g1_ass1_pkg) StdoutLine: {'line': b'4: [----------] 3 tests from TestFinalCijferDeterminator\n'}
[7.372958] (g1_ass1_pkg) StdoutLine: {'line': b'4: [ RUN      ] TestFinalCijferDeterminator.test_subscription_active\n'}
[7.417047] (-) TimerEvent: {}
[7.517260] (-) TimerEvent: {}
[7.617488] (-) TimerEvent: {}
[7.717701] (-) TimerEvent: {}
[7.817876] (-) TimerEvent: {}
[7.881201] (g1_ass1_pkg) StdoutLine: {'line': b'4: /home/broodjesemih/ass_ros2_ws/src/g1_ass1_pkg/test/test_final_cijfer_determinator.cpp:27: Failure\n'}
[7.881422] (g1_ass1_pkg) StdoutLine: {'line': b'4: Expected: (publisher->get_subscription_count()) >= (1), actual: 0 vs 1\n'}
[7.881509] (g1_ass1_pkg) StdoutLine: {'line': b'4: final_cijfer_determinator should be subscribed\n'}
[7.881584] (g1_ass1_pkg) StdoutLine: {'line': b'4: \n'}
[7.884765] (g1_ass1_pkg) StdoutLine: {'line': b'4: [  FAILED  ] TestFinalCijferDeterminator.test_subscription_active (511 ms)\n'}
[7.884922] (g1_ass1_pkg) StdoutLine: {'line': b'4: [ RUN      ] TestFinalCijferDeterminator.test_tentamen_reception\n'}
[7.918076] (-) TimerEvent: {}
[8.018297] (-) TimerEvent: {}
[8.118636] (-) TimerEvent: {}
[8.218875] (-) TimerEvent: {}
[8.319126] (-) TimerEvent: {}
[8.419373] (-) TimerEvent: {}
[8.519647] (-) TimerEvent: {}
[8.620045] (-) TimerEvent: {}
[8.720274] (-) TimerEvent: {}
[8.820492] (-) TimerEvent: {}
[8.920751] (-) TimerEvent: {}
[9.021094] (-) TimerEvent: {}
[9.121322] (-) TimerEvent: {}
[9.221572] (-) TimerEvent: {}
[9.321803] (-) TimerEvent: {}
[9.422102] (-) TimerEvent: {}
[9.522306] (-) TimerEvent: {}
[9.622623] (-) TimerEvent: {}
[9.722989] (-) TimerEvent: {}
[9.823337] (-) TimerEvent: {}
[9.923596] (-) TimerEvent: {}
[10.023840] (-) TimerEvent: {}
[10.124040] (-) TimerEvent: {}
[10.224195] (-) TimerEvent: {}
[10.324488] (-) TimerEvent: {}
[10.424763] (-) TimerEvent: {}
[10.490080] (g1_ass1_pkg) StdoutLine: {'line': b'4: /home/broodjesemih/ass_ros2_ws/src/g1_ass1_pkg/test/test_final_cijfer_determinator.cpp:66: Failure\n'}
[10.490306] (g1_ass1_pkg) StdoutLine: {'line': b'4: Value of: found\n'}
[10.490397] (g1_ass1_pkg) StdoutLine: {'line': b'4:   Actual: false\n'}
[10.490709] (g1_ass1_pkg) StdoutLine: {'line': b'4: Expected: true\n'}
[10.490897] (g1_ass1_pkg) StdoutLine: {'line': b'4: Database should contain entry for TestStudent/TestCourse\n'}
[10.491178] (g1_ass1_pkg) StdoutLine: {'line': b'4: \n'}
[10.493189] (g1_ass1_pkg) StdoutLine: {'line': b'4: [  FAILED  ] TestFinalCijferDeterminator.test_tentamen_reception (2608 ms)\n'}
[10.493456] (g1_ass1_pkg) StdoutLine: {'line': b'4: [ RUN      ] TestFinalCijferDeterminator.test_three_tentamen_threshold\n'}
[10.524973] (-) TimerEvent: {}
[10.625160] (-) TimerEvent: {}
[10.725357] (-) TimerEvent: {}
[10.825584] (-) TimerEvent: {}
[10.925908] (-) TimerEvent: {}
[11.026158] (-) TimerEvent: {}
[11.126373] (-) TimerEvent: {}
[11.226608] (-) TimerEvent: {}
[11.326960] (-) TimerEvent: {}
[11.427356] (-) TimerEvent: {}
[11.527705] (-) TimerEvent: {}
[11.628131] (-) TimerEvent: {}
[11.728382] (-) TimerEvent: {}
[11.828891] (-) TimerEvent: {}
[11.929185] (-) TimerEvent: {}
[12.029511] (-) TimerEvent: {}
[12.129905] (-) TimerEvent: {}
[12.202795] (g1_ass1_pkg) StdoutLine: {'line': b'4: [       OK ] TestFinalCijferDeterminator.test_three_tentamen_threshold (1709 ms)\n'}
[12.203387] (g1_ass1_pkg) StdoutLine: {'line': b'4: [----------] 3 tests from TestFinalCijferDeterminator (4829 ms total)\n'}
[12.203593] (g1_ass1_pkg) StdoutLine: {'line': b'4: \n'}
[12.203772] (g1_ass1_pkg) StdoutLine: {'line': b'4: [----------] Global test environment tear-down\n'}
[12.203952] (g1_ass1_pkg) StdoutLine: {'line': b'4: [==========] 3 tests from 1 test suite ran. (4834 ms total)\n'}
[12.204159] (g1_ass1_pkg) StdoutLine: {'line': b'4: [  PASSED  ] 1 test.\n'}
[12.204347] (g1_ass1_pkg) StdoutLine: {'line': b'4: [  FAILED  ] 2 tests, listed below:\n'}
[12.204645] (g1_ass1_pkg) StdoutLine: {'line': b'4: [  FAILED  ] TestFinalCijferDeterminator.test_subscription_active\n'}
[12.204821] (g1_ass1_pkg) StdoutLine: {'line': b'4: [  FAILED  ] TestFinalCijferDeterminator.test_tentamen_reception\n'}
[12.205044] (g1_ass1_pkg) StdoutLine: {'line': b'4: \n'}
[12.205213] (g1_ass1_pkg) StdoutLine: {'line': b'4:  2 FAILED TESTS\n'}
[12.230076] (-) TimerEvent: {}
[12.308006] (g1_ass1_pkg) StdoutLine: {'line': b'4: -- run_test.py: return code 1\n'}
[12.308304] (g1_ass1_pkg) StdoutLine: {'line': b"4: -- run_test.py: inject classname prefix into gtest result file '/home/broodjesemih/ass_ros2_ws/build/g1_ass1_pkg/test_results/g1_ass1_pkg/test_final_cijfer_determinator.gtest.xml'\n"}
[12.308416] (g1_ass1_pkg) StdoutLine: {'line': b"4: -- run_test.py: verify result file '/home/broodjesemih/ass_ros2_ws/build/g1_ass1_pkg/test_results/g1_ass1_pkg/test_final_cijfer_determinator.gtest.xml'\n"}
[12.317981] (g1_ass1_pkg) StdoutLine: {'line': b' 4/10 Test  #4: test_final_cijfer_determinator ...***Failed    5.00 sec\n'}
[12.318130] (g1_ass1_pkg) StdoutLine: {'line': b'test 5\n'}
[12.318205] (g1_ass1_pkg) StdoutLine: {'line': b'      Start  5: cppcheck\n'}
[12.318278] (g1_ass1_pkg) StdoutLine: {'line': b'\n'}
[12.318347] (g1_ass1_pkg) StdoutLine: {'line': b'5: Test command: /usr/bin/python3 "-u" "/opt/ros/jazzy/share/ament_cmake_test/cmake/run_test.py" "/home/broodjesemih/ass_ros2_ws/build/g1_ass1_pkg/test_results/g1_ass1_pkg/cppcheck.xunit.xml" "--package-name" "g1_ass1_pkg" "--output-file" "/home/broodjesemih/ass_ros2_ws/build/g1_ass1_pkg/ament_cppcheck/cppcheck.txt" "--command" "/opt/ros/jazzy/bin/ament_cppcheck" "--xunit-file" "/home/broodjesemih/ass_ros2_ws/build/g1_ass1_pkg/test_results/g1_ass1_pkg/cppcheck.xunit.xml"\n'}
[12.318425] (g1_ass1_pkg) StdoutLine: {'line': b'5: Working Directory: /home/broodjesemih/ass_ros2_ws/src/g1_ass1_pkg\n'}
[12.318499] (g1_ass1_pkg) StdoutLine: {'line': b'5: Test timeout computed to be: 300\n'}
[12.330151] (-) TimerEvent: {}
[12.359843] (g1_ass1_pkg) StdoutLine: {'line': b"5: -- run_test.py: invoking following command in '/home/broodjesemih/ass_ros2_ws/src/g1_ass1_pkg':\n"}
[12.360016] (g1_ass1_pkg) StdoutLine: {'line': b'5:  - /opt/ros/jazzy/bin/ament_cppcheck --xunit-file /home/broodjesemih/ass_ros2_ws/build/g1_ass1_pkg/test_results/g1_ass1_pkg/cppcheck.xunit.xml\n'}
[12.411261] (g1_ass1_pkg) StdoutLine: {'line': b'5: cppcheck 2.13.0 has known performance issues and therefore will not be used, set the AMENT_CPPCHECK_ALLOW_SLOW_VERSIONS environment variable to override this.\n'}
[12.419644] (g1_ass1_pkg) StdoutLine: {'line': b'5: -- run_test.py: return code 0\n'}
[12.419802] (g1_ass1_pkg) StdoutLine: {'line': b"5: -- run_test.py: verify result file '/home/broodjesemih/ass_ros2_ws/build/g1_ass1_pkg/test_results/g1_ass1_pkg/cppcheck.xunit.xml'\n"}
[12.426220] (g1_ass1_pkg) StdoutLine: {'line': b' 5/10 Test  #5: cppcheck .........................   Passed    0.11 sec\n'}
[12.426394] (g1_ass1_pkg) StdoutLine: {'line': b'test 6\n'}
[12.426477] (g1_ass1_pkg) StdoutLine: {'line': b'      Start  6: flake8\n'}
[12.426552] (g1_ass1_pkg) StdoutLine: {'line': b'\n'}
[12.426626] (g1_ass1_pkg) StdoutLine: {'line': b'6: Test command: /usr/bin/python3 "-u" "/opt/ros/jazzy/share/ament_cmake_test/cmake/run_test.py" "/home/broodjesemih/ass_ros2_ws/build/g1_ass1_pkg/test_results/g1_ass1_pkg/flake8.xunit.xml" "--package-name" "g1_ass1_pkg" "--output-file" "/home/broodjesemih/ass_ros2_ws/build/g1_ass1_pkg/ament_flake8/flake8.txt" "--command" "/opt/ros/jazzy/bin/ament_flake8" "--xunit-file" "/home/broodjesemih/ass_ros2_ws/build/g1_ass1_pkg/test_results/g1_ass1_pkg/flake8.xunit.xml"\n'}
[12.426716] (g1_ass1_pkg) StdoutLine: {'line': b'6: Working Directory: /home/broodjesemih/ass_ros2_ws/src/g1_ass1_pkg\n'}
[12.426796] (g1_ass1_pkg) StdoutLine: {'line': b'6: Test timeout computed to be: 60\n'}
[12.430232] (-) TimerEvent: {}
[12.464872] (g1_ass1_pkg) StdoutLine: {'line': b"6: -- run_test.py: invoking following command in '/home/broodjesemih/ass_ros2_ws/src/g1_ass1_pkg':\n"}
[12.465041] (g1_ass1_pkg) StdoutLine: {'line': b'6:  - /opt/ros/jazzy/bin/ament_flake8 --xunit-file /home/broodjesemih/ass_ros2_ws/build/g1_ass1_pkg/test_results/g1_ass1_pkg/flake8.xunit.xml\n'}
[12.530467] (-) TimerEvent: {}
[12.630646] (-) TimerEvent: {}
[12.656632] (g1_ass1_pkg) StdoutLine: {'line': b'6: \n'}
[12.656795] (g1_ass1_pkg) StdoutLine: {'line': b'6: 2 files checked\n'}
[12.656880] (g1_ass1_pkg) StdoutLine: {'line': b'6: No problems found\n'}
[12.656956] (g1_ass1_pkg) StdoutLine: {'line': b'6: \n'}
[12.657045] (g1_ass1_pkg) StdoutLine: {'line': b'6: Checked files:\n'}
[12.657120] (g1_ass1_pkg) StdoutLine: {'line': b'6: \n'}
[12.657194] (g1_ass1_pkg) StdoutLine: {'line': b'6: * ./install/_local_setup_util_sh.py\n'}
[12.657270] (g1_ass1_pkg) StdoutLine: {'line': b'6: * ./install/_local_setup_util_ps1.py\n'}
[12.676923] (g1_ass1_pkg) StdoutLine: {'line': b'6: -- run_test.py: return code 0\n'}
[12.677103] (g1_ass1_pkg) StdoutLine: {'line': b"6: -- run_test.py: verify result file '/home/broodjesemih/ass_ros2_ws/build/g1_ass1_pkg/test_results/g1_ass1_pkg/flake8.xunit.xml'\n"}
[12.685608] (g1_ass1_pkg) StdoutLine: {'line': b' 6/10 Test  #6: flake8 ...........................   Passed    0.26 sec\n'}
[12.685763] (g1_ass1_pkg) StdoutLine: {'line': b'test 7\n'}
[12.685843] (g1_ass1_pkg) StdoutLine: {'line': b'      Start  7: lint_cmake\n'}
[12.685921] (g1_ass1_pkg) StdoutLine: {'line': b'\n'}
[12.686003] (g1_ass1_pkg) StdoutLine: {'line': b'7: Test command: /usr/bin/python3 "-u" "/opt/ros/jazzy/share/ament_cmake_test/cmake/run_test.py" "/home/broodjesemih/ass_ros2_ws/build/g1_ass1_pkg/test_results/g1_ass1_pkg/lint_cmake.xunit.xml" "--package-name" "g1_ass1_pkg" "--output-file" "/home/broodjesemih/ass_ros2_ws/build/g1_ass1_pkg/ament_lint_cmake/lint_cmake.txt" "--command" "/opt/ros/jazzy/bin/ament_lint_cmake" "--xunit-file" "/home/broodjesemih/ass_ros2_ws/build/g1_ass1_pkg/test_results/g1_ass1_pkg/lint_cmake.xunit.xml"\n'}
[12.686085] (g1_ass1_pkg) StdoutLine: {'line': b'7: Working Directory: /home/broodjesemih/ass_ros2_ws/src/g1_ass1_pkg\n'}
[12.686168] (g1_ass1_pkg) StdoutLine: {'line': b'7: Test timeout computed to be: 60\n'}
[12.723556] (g1_ass1_pkg) StdoutLine: {'line': b"7: -- run_test.py: invoking following command in '/home/broodjesemih/ass_ros2_ws/src/g1_ass1_pkg':\n"}
[12.723713] (g1_ass1_pkg) StdoutLine: {'line': b'7:  - /opt/ros/jazzy/bin/ament_lint_cmake --xunit-file /home/broodjesemih/ass_ros2_ws/build/g1_ass1_pkg/test_results/g1_ass1_pkg/lint_cmake.xunit.xml\n'}
[12.730867] (-) TimerEvent: {}
[12.770733] (g1_ass1_pkg) StdoutLine: {'line': b'7: CMakeLists.txt:12: Line ends in whitespace [whitespace/eol]\n'}
[12.770886] (g1_ass1_pkg) StdoutLine: {'line': b'7: CMakeLists.txt:45: Line ends in whitespace [whitespace/eol]\n'}
[12.770964] (g1_ass1_pkg) StdoutLine: {'line': b'7: CMakeLists.txt:58: Line ends in whitespace [whitespace/eol]\n'}
[12.771046] (g1_ass1_pkg) StdoutLine: {'line': b'7: \n'}
[12.771116] (g1_ass1_pkg) StdoutLine: {'line': b'7: \n'}
[12.771183] (g1_ass1_pkg) StdoutLine: {'line': b'7: 3 errors\n'}
[12.777905] (g1_ass1_pkg) StdoutLine: {'line': b'7: -- run_test.py: return code 1\n'}
[12.778074] (g1_ass1_pkg) StdoutLine: {'line': b"7: -- run_test.py: verify result file '/home/broodjesemih/ass_ros2_ws/build/g1_ass1_pkg/test_results/g1_ass1_pkg/lint_cmake.xunit.xml'\n"}
[12.783527] (g1_ass1_pkg) StdoutLine: {'line': b' 7/10 Test  #7: lint_cmake .......................***Failed    0.10 sec\n'}
[12.783612] (g1_ass1_pkg) StdoutLine: {'line': b'test 8\n'}
[12.783649] (g1_ass1_pkg) StdoutLine: {'line': b'      Start  8: pep257\n'}
[12.783682] (g1_ass1_pkg) StdoutLine: {'line': b'\n'}
[12.783713] (g1_ass1_pkg) StdoutLine: {'line': b'8: Test command: /usr/bin/python3 "-u" "/opt/ros/jazzy/share/ament_cmake_test/cmake/run_test.py" "/home/broodjesemih/ass_ros2_ws/build/g1_ass1_pkg/test_results/g1_ass1_pkg/pep257.xunit.xml" "--package-name" "g1_ass1_pkg" "--output-file" "/home/broodjesemih/ass_ros2_ws/build/g1_ass1_pkg/ament_pep257/pep257.txt" "--command" "/opt/ros/jazzy/bin/ament_pep257" "--xunit-file" "/home/broodjesemih/ass_ros2_ws/build/g1_ass1_pkg/test_results/g1_ass1_pkg/pep257.xunit.xml"\n'}
[12.783749] (g1_ass1_pkg) StdoutLine: {'line': b'8: Working Directory: /home/broodjesemih/ass_ros2_ws/src/g1_ass1_pkg\n'}
[12.783779] (g1_ass1_pkg) StdoutLine: {'line': b'8: Test timeout computed to be: 60\n'}
[12.821240] (g1_ass1_pkg) StdoutLine: {'line': b"8: -- run_test.py: invoking following command in '/home/broodjesemih/ass_ros2_ws/src/g1_ass1_pkg':\n"}
[12.821354] (g1_ass1_pkg) StdoutLine: {'line': b'8:  - /opt/ros/jazzy/bin/ament_pep257 --xunit-file /home/broodjesemih/ass_ros2_ws/build/g1_ass1_pkg/test_results/g1_ass1_pkg/pep257.xunit.xml\n'}
[12.830943] (-) TimerEvent: {}
[12.924124] (g1_ass1_pkg) StdoutLine: {'line': b'8: checking ./install/_local_setup_util_ps1.py\n'}
[12.924234] (g1_ass1_pkg) StdoutLine: {'line': b'8: checking ./install/_local_setup_util_sh.py\n'}
[12.924272] (g1_ass1_pkg) StdoutLine: {'line': b'8: No problems found\n'}
[12.931141] (-) TimerEvent: {}
[12.935156] (g1_ass1_pkg) StdoutLine: {'line': b'8: -- run_test.py: return code 0\n'}
[12.935263] (g1_ass1_pkg) StdoutLine: {'line': b"8: -- run_test.py: verify result file '/home/broodjesemih/ass_ros2_ws/build/g1_ass1_pkg/test_results/g1_ass1_pkg/pep257.xunit.xml'\n"}
[12.941638] (g1_ass1_pkg) StdoutLine: {'line': b' 8/10 Test  #8: pep257 ...........................   Passed    0.16 sec\n'}
[12.941744] (g1_ass1_pkg) StdoutLine: {'line': b'test 9\n'}
[12.941780] (g1_ass1_pkg) StdoutLine: {'line': b'      Start  9: uncrustify\n'}
[12.941812] (g1_ass1_pkg) StdoutLine: {'line': b'\n'}
[12.941843] (g1_ass1_pkg) StdoutLine: {'line': b'9: Test command: /usr/bin/python3 "-u" "/opt/ros/jazzy/share/ament_cmake_test/cmake/run_test.py" "/home/broodjesemih/ass_ros2_ws/build/g1_ass1_pkg/test_results/g1_ass1_pkg/uncrustify.xunit.xml" "--package-name" "g1_ass1_pkg" "--output-file" "/home/broodjesemih/ass_ros2_ws/build/g1_ass1_pkg/ament_uncrustify/uncrustify.txt" "--command" "/opt/ros/jazzy/bin/ament_uncrustify" "--xunit-file" "/home/broodjesemih/ass_ros2_ws/build/g1_ass1_pkg/test_results/g1_ass1_pkg/uncrustify.xunit.xml"\n'}
[12.941880] (g1_ass1_pkg) StdoutLine: {'line': b'9: Working Directory: /home/broodjesemih/ass_ros2_ws/src/g1_ass1_pkg\n'}
[12.941913] (g1_ass1_pkg) StdoutLine: {'line': b'9: Test timeout computed to be: 60\n'}
[12.978165] (g1_ass1_pkg) StdoutLine: {'line': b"9: -- run_test.py: invoking following command in '/home/broodjesemih/ass_ros2_ws/src/g1_ass1_pkg':\n"}
[12.978283] (g1_ass1_pkg) StdoutLine: {'line': b'9:  - /opt/ros/jazzy/bin/ament_uncrustify --xunit-file /home/broodjesemih/ass_ros2_ws/build/g1_ass1_pkg/test_results/g1_ass1_pkg/uncrustify.xunit.xml\n'}
[13.031258] (-) TimerEvent: {}
[13.077543] (g1_ass1_pkg) StdoutLine: {'line': b"9: Code style divergence in file 'src/cijfer_calculator.cpp':\n"}
[13.077884] (g1_ass1_pkg) StdoutLine: {'line': b'9: \n'}
[13.077925] (g1_ass1_pkg) StdoutLine: {'line': b'9: --- src/cijfer_calculator.cpp\n'}
[13.077960] (g1_ass1_pkg) StdoutLine: {'line': b'9: +++ src/cijfer_calculator.cpp.uncrustify\n'}
[13.077999] (g1_ass1_pkg) StdoutLine: {'line': b'9: @@ -6,2 +6,4 @@\n'}
[13.078034] (g1_ass1_pkg) StdoutLine: {'line': b'9: -    CijferCalculatorNode() : Node("cijfer_calculator_node") {\n'}
[13.078073] (g1_ass1_pkg) StdoutLine: {'line': b'9: -        service_ = this->create_service<g1_interface_pkg::srv::Tentamens>(\n'}
[13.090866] (g1_ass1_pkg) StdoutLine: {'line': b'9: +  CijferCalculatorNode()\n'}
[13.090915] (g1_ass1_pkg) StdoutLine: {'line': b'9: +  : Node("cijfer_calculator_node")\n'}
[13.090953] (g1_ass1_pkg) StdoutLine: {'line': b'9: +  {\n'}
[13.090991] (g1_ass1_pkg) StdoutLine: {'line': b'9: +    service_ = this->create_service<g1_interface_pkg::srv::Tentamens>(\n'}
[13.091033] (g1_ass1_pkg) StdoutLine: {'line': b'9: @@ -9,2 +11,3 @@\n'}
[13.091068] (g1_ass1_pkg) StdoutLine: {'line': b'9: -            std::bind(&CijferCalculatorNode::handle_request, this, std::placeholders::_1, std::placeholders::_2));\n'}
[13.091099] (g1_ass1_pkg) StdoutLine: {'line': b'9: -    }\n'}
[13.091130] (g1_ass1_pkg) StdoutLine: {'line': b'9: +            std::bind(&CijferCalculatorNode::handle_request, this, std::placeholders::_1,\n'}
[13.091161] (g1_ass1_pkg) StdoutLine: {'line': b'9: +      std::placeholders::_2));\n'}
[13.091192] (g1_ass1_pkg) StdoutLine: {'line': b'9: +  }\n'}
[13.091222] (g1_ass1_pkg) StdoutLine: {'line': b'9: @@ -13,5 +16,7 @@\n'}
[13.091251] (g1_ass1_pkg) StdoutLine: {'line': b'9: -    void handle_request(const std::shared_ptr<g1_interface_pkg::srv::Tentamens::Request> request,\n'}
[13.091282] (g1_ass1_pkg) StdoutLine: {'line': b'9: -                        std::shared_ptr<g1_interface_pkg::srv::Tentamens::Response> response) {\n'}
[13.091312] (g1_ass1_pkg) StdoutLine: {'line': b'9: -        double sum = 0.0;\n'}
[13.091342] (g1_ass1_pkg) StdoutLine: {'line': b'9: -        for (int cijfer : request->tentamen_cijfers) sum += cijfer;\n'}
[13.091372] (g1_ass1_pkg) StdoutLine: {'line': b'9: -        double avg = request->tentamen_cijfers.empty() ? 0.0 : sum / request->tentamen_cijfers.size();\n'}
[13.091402] (g1_ass1_pkg) StdoutLine: {'line': b'9: +  void handle_request(\n'}
[13.091431] (g1_ass1_pkg) StdoutLine: {'line': b'9: +    const std::shared_ptr<g1_interface_pkg::srv::Tentamens::Request> request,\n'}
[13.091460] (g1_ass1_pkg) StdoutLine: {'line': b'9: +    std::shared_ptr<g1_interface_pkg::srv::Tentamens::Response> response)\n'}
[13.091491] (g1_ass1_pkg) StdoutLine: {'line': b'9: +  {\n'}
[13.091521] (g1_ass1_pkg) StdoutLine: {'line': b'9: +    double sum = 0.0;\n'}
[13.091551] (g1_ass1_pkg) StdoutLine: {'line': b'9: +    for (int cijfer : request->tentamen_cijfers) {sum += cijfer;}\n'}
[13.091580] (g1_ass1_pkg) StdoutLine: {'line': b'9: +    double avg = request->tentamen_cijfers.empty() ? 0.0 : sum / request->tentamen_cijfers.size();\n'}
[13.091610] (g1_ass1_pkg) StdoutLine: {'line': b'9: @@ -19,2 +24,2 @@\n'}
[13.091639] (g1_ass1_pkg) StdoutLine: {'line': b'9: -        if (request->student_name == "Wessel") avg += 10.0;\n'}
[13.091669] (g1_ass1_pkg) StdoutLine: {'line': b'9: -        avg = std::max(10.0, std::min(100.0, avg));\n'}
[13.091699] (g1_ass1_pkg) StdoutLine: {'line': b'9: +    if (request->student_name == "Wessel") {avg += 10.0;}\n'}
[13.091728] (g1_ass1_pkg) StdoutLine: {'line': b'9: +    avg = std::max(10.0, std::min(100.0, avg));\n'}
[13.091757] (g1_ass1_pkg) StdoutLine: {'line': b'9: @@ -22,4 +27,5 @@\n'}
[13.091788] (g1_ass1_pkg) StdoutLine: {'line': b'9: -        response->final_cijfer = static_cast<int>(avg);\n'}
[13.091817] (g1_ass1_pkg) StdoutLine: {'line': b'9: -        response->message = "Cijfer berekend";\n'}
[13.091845] (g1_ass1_pkg) StdoutLine: {'line': b'9: -        RCLCPP_INFO(this->get_logger(), "Calculated final cijfer for %s/%s: %d", request->student_name.c_str(), request->course_name.c_str(), response->final_cijfer);\n'}
[13.091879] (g1_ass1_pkg) StdoutLine: {'line': b'9: -    }\n'}
[13.091908] (g1_ass1_pkg) StdoutLine: {'line': b'9: +    response->final_cijfer = static_cast<int>(avg);\n'}
[13.091938] (g1_ass1_pkg) StdoutLine: {'line': b'9: +    response->message = "Cijfer berekend";\n'}
[13.091972] (g1_ass1_pkg) StdoutLine: {'line': b'9: +    RCLCPP_INFO(this->get_logger(), "Calculated final cijfer for %s/%s: %d",\n'}
[13.092003] (g1_ass1_pkg) StdoutLine: {'line': b'9: +      request->student_name.c_str(), request->course_name.c_str(), response->final_cijfer);\n'}
[13.092036] (g1_ass1_pkg) StdoutLine: {'line': b'9: +  }\n'}
[13.092067] (g1_ass1_pkg) StdoutLine: {'line': b'9: @@ -27 +33 @@\n'}
[13.092098] (g1_ass1_pkg) StdoutLine: {'line': b'9: -    rclcpp::Service<g1_interface_pkg::srv::Tentamens>::SharedPtr service_;\n'}
[13.092131] (g1_ass1_pkg) StdoutLine: {'line': b'9: +  rclcpp::Service<g1_interface_pkg::srv::Tentamens>::SharedPtr service_;\n'}
[13.092160] (g1_ass1_pkg) StdoutLine: {'line': b'9: @@ -30,6 +36,7 @@\n'}
[13.092188] (g1_ass1_pkg) StdoutLine: {'line': b'9: -int main(int argc, char **argv) {\n'}
[13.092218] (g1_ass1_pkg) StdoutLine: {'line': b'9: -    rclcpp::init(argc, argv);\n'}
[13.092247] (g1_ass1_pkg) StdoutLine: {'line': b'9: -    rclcpp::spin(std::make_shared<CijferCalculatorNode>());\n'}
[13.092276] (g1_ass1_pkg) StdoutLine: {'line': b'9: -    rclcpp::shutdown();\n'}
[13.092305] (g1_ass1_pkg) StdoutLine: {'line': b'9: -    return 0;\n'}
[13.092334] (g1_ass1_pkg) StdoutLine: {'line': b'9: -}\n'}
[13.092362] (g1_ass1_pkg) StdoutLine: {'line': b'9: +int main(int argc, char **argv)\n'}
[13.092392] (g1_ass1_pkg) StdoutLine: {'line': b'9: +{\n'}
[13.092421] (g1_ass1_pkg) StdoutLine: {'line': b'9: +  rclcpp::init(argc, argv);\n'}
[13.092450] (g1_ass1_pkg) StdoutLine: {'line': b'9: +  rclcpp::spin(std::make_shared<CijferCalculatorNode>());\n'}
[13.092478] (g1_ass1_pkg) StdoutLine: {'line': b'9: +  rclcpp::shutdown();\n'}
[13.092508] (g1_ass1_pkg) StdoutLine: {'line': b'9: +  return 0;\n'}
[13.092536] (g1_ass1_pkg) StdoutLine: {'line': b'9: +}\n'}
[13.092565] (g1_ass1_pkg) StdoutLine: {'line': b'9: \n'}
[13.092593] (g1_ass1_pkg) StdoutLine: {'line': b"9: Code style divergence in file 'src/final_cijfer_determinator.cpp':\n"}
[13.092623] (g1_ass1_pkg) StdoutLine: {'line': b'9: \n'}
[13.092652] (g1_ass1_pkg) StdoutLine: {'line': b'9: --- src/final_cijfer_determinator.cpp\n'}
[13.092681] (g1_ass1_pkg) StdoutLine: {'line': b'9: +++ src/final_cijfer_determinator.cpp.uncrustify\n'}
[13.092710] (g1_ass1_pkg) StdoutLine: {'line': b'9: @@ -12,6 +12,6 @@\n'}
[13.092739] (g1_ass1_pkg) StdoutLine: {'line': b'9: -    std::string student;\n'}
[13.092768] (g1_ass1_pkg) StdoutLine: {'line': b'9: -    std::string course;\n'}
[13.092797] (g1_ass1_pkg) StdoutLine: {'line': b'9: -    bool operator==(const StudentCourseKey &other) const\n'}
[13.092826] (g1_ass1_pkg) StdoutLine: {'line': b'9: -    {\n'}
[13.092854] (g1_ass1_pkg) StdoutLine: {'line': b'9: -        return student == other.student && course == other.course;\n'}
[13.092884] (g1_ass1_pkg) StdoutLine: {'line': b'9: -    }\n'}
[13.092912] (g1_ass1_pkg) StdoutLine: {'line': b'9: +  std::string student;\n'}
[13.092940] (g1_ass1_pkg) StdoutLine: {'line': b'9: +  std::string course;\n'}
[13.092972] (g1_ass1_pkg) StdoutLine: {'line': b'9: +  bool operator==(const StudentCourseKey & other) const\n'}
[13.093001] (g1_ass1_pkg) StdoutLine: {'line': b'9: +  {\n'}
[13.093033] (g1_ass1_pkg) StdoutLine: {'line': b'9: +    return student == other.student && course == other.course;\n'}
[13.093065] (g1_ass1_pkg) StdoutLine: {'line': b'9: +  }\n'}
[13.093095] (g1_ass1_pkg) StdoutLine: {'line': b'9: @@ -21,8 +21,8 @@\n'}
[13.093127] (g1_ass1_pkg) StdoutLine: {'line': b'9: -    template <>\n'}
[13.093155] (g1_ass1_pkg) StdoutLine: {'line': b'9: -    struct hash<StudentCourseKey>\n'}
[13.093184] (g1_ass1_pkg) StdoutLine: {'line': b'9: -    {\n'}
[13.093214] (g1_ass1_pkg) StdoutLine: {'line': b'9: -        std::size_t operator()(const StudentCourseKey &k) const\n'}
[13.093243] (g1_ass1_pkg) StdoutLine: {'line': b'9: -        {\n'}
[13.093273] (g1_ass1_pkg) StdoutLine: {'line': b'9: -            return std::hash<std::string>()(k.student) ^ std::hash<std::string>()(k.course);\n'}
[13.093302] (g1_ass1_pkg) StdoutLine: {'line': b'9: -        }\n'}
[13.093331] (g1_ass1_pkg) StdoutLine: {'line': b'9: -    };\n'}
[13.093360] (g1_ass1_pkg) StdoutLine: {'line': b'9: +template<>\n'}
[13.093388] (g1_ass1_pkg) StdoutLine: {'line': b'9: +struct hash<StudentCourseKey>\n'}
[13.093418] (g1_ass1_pkg) StdoutLine: {'line': b'9: +{\n'}
[13.093448] (g1_ass1_pkg) StdoutLine: {'line': b'9: +  std::size_t operator()(const StudentCourseKey & k) const\n'}
[13.093478] (g1_ass1_pkg) StdoutLine: {'line': b'9: +  {\n'}
[13.093506] (g1_ass1_pkg) StdoutLine: {'line': b'9: +    return std::hash<std::string>()(k.student) ^ std::hash<std::string>()(k.course);\n'}
[13.093537] (g1_ass1_pkg) StdoutLine: {'line': b'9: +  }\n'}
[13.093568] (g1_ass1_pkg) StdoutLine: {'line': b'9: +};\n'}
[13.093597] (g1_ass1_pkg) StdoutLine: {'line': b'9: @@ -34,7 +34,10 @@\n'}
[13.093626] (g1_ass1_pkg) StdoutLine: {'line': b'9: -    FinalCijferDeterminator() : Node("final_cijfer_determinator")\n'}
[13.093656] (g1_ass1_pkg) StdoutLine: {'line': b'9: -    {\n'}
[13.093686] (g1_ass1_pkg) StdoutLine: {'line': b'9: -        RCLCPP_INFO(this->get_logger(), "final_cijfer_determinator gestart!");\n'}
[13.093716] (g1_ass1_pkg) StdoutLine: {'line': b'9: -        tentamen_sub_ = this->create_subscription<g1_interface_pkg::msg::Tentamen>(\n'}
[13.093745] (g1_ass1_pkg) StdoutLine: {'line': b'9: -            "tentamen_results", 10, std::bind(&FinalCijferDeterminator::tentamen_callback, this, std::placeholders::_1));\n'}
[13.093774] (g1_ass1_pkg) StdoutLine: {'line': b'9: -        cijfer_client_ = this->create_client<g1_interface_pkg::srv::Tentamens>("calculate_final_cijfer");\n'}
[13.093806] (g1_ass1_pkg) StdoutLine: {'line': b'9: -    }\n'}
[13.093834] (g1_ass1_pkg) StdoutLine: {'line': b'9: +  FinalCijferDeterminator()\n'}
[13.093862] (g1_ass1_pkg) StdoutLine: {'line': b'9: +  : Node("final_cijfer_determinator")\n'}
[13.093891] (g1_ass1_pkg) StdoutLine: {'line': b'9: +  {\n'}
[13.093919] (g1_ass1_pkg) StdoutLine: {'line': b'9: +    RCLCPP_INFO(this->get_logger(), "final_cijfer_determinator gestart!");\n'}
[13.093947] (g1_ass1_pkg) StdoutLine: {'line': b'9: +    tentamen_sub_ = this->create_subscription<g1_interface_pkg::msg::Tentamen>(\n'}
[13.093980] (g1_ass1_pkg) StdoutLine: {'line': b'9: +            "tentamen_results", 10,\n'}
[13.094010] (g1_ass1_pkg) StdoutLine: {'line': b'9: +      std::bind(&FinalCijferDeterminator::tentamen_callback, this, std::placeholders::_1));\n'}
[13.094043] (g1_ass1_pkg) StdoutLine: {'line': b'9: +    cijfer_client_ =\n'}
[13.094075] (g1_ass1_pkg) StdoutLine: {'line': b'9: +      this->create_client<g1_interface_pkg::srv::Tentamens>("calculate_final_cijfer");\n'}
[13.094109] (g1_ass1_pkg) StdoutLine: {'line': b'9: +  }\n'}
[13.094141] (g1_ass1_pkg) StdoutLine: {'line': b'9: @@ -43,3 +46,3 @@\n'}
[13.094173] (g1_ass1_pkg) StdoutLine: {'line': b'9: -    std::unordered_map<StudentCourseKey, std::vector<int>> tentamen_map_;\n'}
[13.094203] (g1_ass1_pkg) StdoutLine: {'line': b'9: -    rclcpp::Subscription<g1_interface_pkg::msg::Tentamen>::SharedPtr tentamen_sub_;\n'}
[13.094234] (g1_ass1_pkg) StdoutLine: {'line': b'9: -    rclcpp::Client<g1_interface_pkg::srv::Tentamens>::SharedPtr cijfer_client_;\n'}
[13.094264] (g1_ass1_pkg) StdoutLine: {'line': b'9: +  std::unordered_map<StudentCourseKey, std::vector<int>> tentamen_map_;\n'}
[13.094295] (g1_ass1_pkg) StdoutLine: {'line': b'9: +  rclcpp::Subscription<g1_interface_pkg::msg::Tentamen>::SharedPtr tentamen_sub_;\n'}
[13.094324] (g1_ass1_pkg) StdoutLine: {'line': b'9: +  rclcpp::Client<g1_interface_pkg::srv::Tentamens>::SharedPtr cijfer_client_;\n'}
[13.094354] (g1_ass1_pkg) StdoutLine: {'line': b'9: @@ -47,4 +50,4 @@\n'}
[13.094385] (g1_ass1_pkg) StdoutLine: {'line': b'9: -    void tentamen_callback(const g1_interface_pkg::msg::Tentamen::SharedPtr msg)\n'}
[13.094414] (g1_ass1_pkg) StdoutLine: {'line': b'9: -    {\n'}
[13.094443] (g1_ass1_pkg) StdoutLine: {'line': b'9: -        StudentCourseKey key{msg->student_name, msg->course_name};\n'}
[13.094473] (g1_ass1_pkg) StdoutLine: {'line': b'9: -        tentamen_map_[key].push_back(msg->tentamen_cijfer);\n'}
[13.094503] (g1_ass1_pkg) StdoutLine: {'line': b'9: +  void tentamen_callback(const g1_interface_pkg::msg::Tentamen::SharedPtr msg)\n'}
[13.094533] (g1_ass1_pkg) StdoutLine: {'line': b'9: +  {\n'}
[13.094564] (g1_ass1_pkg) StdoutLine: {'line': b'9: +    StudentCourseKey key{msg->student_name, msg->course_name};\n'}
[13.094598] (g1_ass1_pkg) StdoutLine: {'line': b'9: +    tentamen_map_[key].push_back(msg->tentamen_cijfer);\n'}
[13.094630] (g1_ass1_pkg) StdoutLine: {'line': b'9: @@ -52 +55,2 @@\n'}
[13.094662] (g1_ass1_pkg) StdoutLine: {'line': b'9: -        RCLCPP_INFO(this->get_logger(), "Ontvangen tentamen: %s/%s %d", msg->student_name.c_str(), msg->course_name.c_str(), msg->tentamen_cijfer);\n'}
[13.094696] (g1_ass1_pkg) StdoutLine: {'line': b'9: +    RCLCPP_INFO(this->get_logger(), "Ontvangen tentamen: %s/%s %d", msg->student_name.c_str(),\n'}
[13.094801] (g1_ass1_pkg) StdoutLine: {'line': b'9: +      msg->course_name.c_str(), msg->tentamen_cijfer);\n'}
[13.094837] (g1_ass1_pkg) StdoutLine: {'line': b'9: @@ -55,6 +59,5 @@\n'}
[13.094869] (g1_ass1_pkg) StdoutLine: {'line': b'9: -        if (tentamen_map_[key].size() >= 3)\n'}
[13.094899] (g1_ass1_pkg) StdoutLine: {'line': b'9: -        {\n'}
[13.094930] (g1_ass1_pkg) StdoutLine: {'line': b'9: -            auto request = std::make_shared<g1_interface_pkg::srv::Tentamens::Request>();\n'}
[13.094976] (g1_ass1_pkg) StdoutLine: {'line': b'9: -            request->student_name = key.student;\n'}
[13.095013] (g1_ass1_pkg) StdoutLine: {'line': b'9: -            request->course_name = key.course;\n'}
[13.095046] (g1_ass1_pkg) StdoutLine: {'line': b'9: -            request->tentamen_cijfers = tentamen_map_[key];\n'}
[13.095081] (g1_ass1_pkg) StdoutLine: {'line': b'9: +    if (tentamen_map_[key].size() >= 3) {\n'}
[13.095115] (g1_ass1_pkg) StdoutLine: {'line': b'9: +      auto request = std::make_shared<g1_interface_pkg::srv::Tentamens::Request>();\n'}
[13.095150] (g1_ass1_pkg) StdoutLine: {'line': b'9: +      request->student_name = key.student;\n'}
[13.095185] (g1_ass1_pkg) StdoutLine: {'line': b'9: +      request->course_name = key.course;\n'}
[13.095217] (g1_ass1_pkg) StdoutLine: {'line': b'9: +      request->tentamen_cijfers = tentamen_map_[key];\n'}
[13.095248] (g1_ass1_pkg) StdoutLine: {'line': b'9: @@ -63,3 +66,4 @@\n'}
[13.095280] (g1_ass1_pkg) StdoutLine: {'line': b'9: -            auto response_callback = [this, key](rclcpp::Client<g1_interface_pkg::srv::Tentamens>::SharedFuture result_future)\n'}
[13.095313] (g1_ass1_pkg) StdoutLine: {'line': b'9: -            {\n'}
[13.095344] (g1_ass1_pkg) StdoutLine: {'line': b'9: -                auto response = result_future.get();\n'}
[13.095377] (g1_ass1_pkg) StdoutLine: {'line': b'9: +      auto response_callback = [this,\n'}
[13.095408] (g1_ass1_pkg) StdoutLine: {'line': b'9: +          key](rclcpp::Client<g1_interface_pkg::srv::Tentamens>::SharedFuture result_future)\n'}
[13.095439] (g1_ass1_pkg) StdoutLine: {'line': b'9: +        {\n'}
[13.095469] (g1_ass1_pkg) StdoutLine: {'line': b'9: +          auto response = result_future.get();\n'}
[13.095501] (g1_ass1_pkg) StdoutLine: {'line': b'9: @@ -67 +71 @@\n'}
[13.095551] (g1_ass1_pkg) StdoutLine: {'line': b'9: -                RCLCPP_INFO(this->get_logger(), "Schrijf naar database: %s,%s,%ld,%d,%s",\n'}
[13.095587] (g1_ass1_pkg) StdoutLine: {'line': b'9: +          RCLCPP_INFO(this->get_logger(), "Schrijf naar database: %s,%s,%ld,%d,%s",\n'}
[13.095622] (g1_ass1_pkg) StdoutLine: {'line': b'9: @@ -74,3 +78,4 @@\n'}
[13.095656] (g1_ass1_pkg) StdoutLine: {'line': b'9: -                std::ofstream db("/home/broodjesemih/ass_ros2_ws/database.csv", std::ios::app);\n'}
[13.095690] (g1_ass1_pkg) StdoutLine: {'line': b'9: -                db << key.student << "," << key.course << "," << tentamen_map_[key].size() << "," << response->final_cijfer << "," << std::to_string(this->now().seconds()) << "\\n";\n'}
[13.095727] (g1_ass1_pkg) StdoutLine: {'line': b'9: -                db.close();\n'}
[13.095761] (g1_ass1_pkg) StdoutLine: {'line': b'9: +          std::ofstream db("/home/broodjesemih/ass_ros2_ws/database.csv", std::ios::app);\n'}
[13.095795] (g1_ass1_pkg) StdoutLine: {'line': b'9: +          db << key.student << "," << key.course << "," << tentamen_map_[key].size() << "," <<\n'}
[13.095829] (g1_ass1_pkg) StdoutLine: {'line': b'9: +            response->final_cijfer << "," << std::to_string(this->now().seconds()) << "\\n";\n'}
[13.095864] (g1_ass1_pkg) StdoutLine: {'line': b'9: +          db.close();\n'}
[13.095897] (g1_ass1_pkg) StdoutLine: {'line': b'9: @@ -78 +83,2 @@\n'}
[13.095933] (g1_ass1_pkg) StdoutLine: {'line': b'9: -                RCLCPP_INFO(this->get_logger(), "Final cijfer for %s/%s: %d", key.student.c_str(), key.course.c_str(), response->final_cijfer);\n'}
[13.095972] (g1_ass1_pkg) StdoutLine: {'line': b'9: +          RCLCPP_INFO(this->get_logger(), "Final cijfer for %s/%s: %d", key.student.c_str(),\n'}
[13.096008] (g1_ass1_pkg) StdoutLine: {'line': b'9: +          key.course.c_str(), response->final_cijfer);\n'}
[13.096128] (g1_ass1_pkg) StdoutLine: {'line': b'9: @@ -80,2 +86,2 @@\n'}
[13.096162] (g1_ass1_pkg) StdoutLine: {'line': b'9: -                tentamen_map_.erase(key);\n'}
[13.096196] (g1_ass1_pkg) StdoutLine: {'line': b'9: -            };\n'}
[13.096228] (g1_ass1_pkg) StdoutLine: {'line': b'9: +          tentamen_map_.erase(key);\n'}
[13.096260] (g1_ass1_pkg) StdoutLine: {'line': b'9: +        };\n'}
[13.096292] (g1_ass1_pkg) StdoutLine: {'line': b'9: @@ -83,2 +89 @@\n'}
[13.096323] (g1_ass1_pkg) StdoutLine: {'line': b'9: -            cijfer_client_->async_send_request(request, response_callback);\n'}
[13.096355] (g1_ass1_pkg) StdoutLine: {'line': b'9: -        }\n'}
[13.096387] (g1_ass1_pkg) StdoutLine: {'line': b'9: +      cijfer_client_->async_send_request(request, response_callback);\n'}
[13.096418] (g1_ass1_pkg) StdoutLine: {'line': b'9: @@ -85,0 +91 @@\n'}
[13.096448] (g1_ass1_pkg) StdoutLine: {'line': b'9: +  }\n'}
[13.096479] (g1_ass1_pkg) StdoutLine: {'line': b'9: @@ -90,5 +96,5 @@\n'}
[13.096509] (g1_ass1_pkg) StdoutLine: {'line': b'9: -    rclcpp::init(argc, argv);\n'}
[13.096540] (g1_ass1_pkg) StdoutLine: {'line': b'9: -    rclcpp::spin(std::make_shared<FinalCijferDeterminator>());\n'}
[13.096572] (g1_ass1_pkg) StdoutLine: {'line': b'9: -    rclcpp::shutdown();\n'}
[13.096603] (g1_ass1_pkg) StdoutLine: {'line': b'9: -    return 0;\n'}
[13.096634] (g1_ass1_pkg) StdoutLine: {'line': b'9: -}\n'}
[13.096666] (g1_ass1_pkg) StdoutLine: {'line': b'9: +  rclcpp::init(argc, argv);\n'}
[13.096696] (g1_ass1_pkg) StdoutLine: {'line': b'9: +  rclcpp::spin(std::make_shared<FinalCijferDeterminator>());\n'}
[13.096727] (g1_ass1_pkg) StdoutLine: {'line': b'9: +  rclcpp::shutdown();\n'}
[13.096758] (g1_ass1_pkg) StdoutLine: {'line': b'9: +  return 0;\n'}
[13.096789] (g1_ass1_pkg) StdoutLine: {'line': b'9: +}\n'}
[13.096819] (g1_ass1_pkg) StdoutLine: {'line': b'9: \n'}
[13.096849] (g1_ass1_pkg) StdoutLine: {'line': b"9: Code style divergence in file 'src/herkansing_cijfer_determinator.cpp':\n"}
[13.096880] (g1_ass1_pkg) StdoutLine: {'line': b'9: \n'}
[13.096910] (g1_ass1_pkg) StdoutLine: {'line': b'9: --- src/herkansing_cijfer_determinator.cpp\n'}
[13.096941] (g1_ass1_pkg) StdoutLine: {'line': b'9: +++ src/herkansing_cijfer_determinator.cpp.uncrustify\n'}
[13.096975] (g1_ass1_pkg) StdoutLine: {'line': b'9: @@ -11,6 +11,8 @@\n'}
[13.097006] (g1_ass1_pkg) StdoutLine: {'line': b'9: -struct StudentCourseKey {\n'}
[13.097036] (g1_ass1_pkg) StdoutLine: {'line': b'9: -    std::string student;\n'}
[13.097068] (g1_ass1_pkg) StdoutLine: {'line': b'9: -    std::string course;\n'}
[13.097099] (g1_ass1_pkg) StdoutLine: {'line': b'9: -    bool operator==(const StudentCourseKey& other) const {\n'}
[13.097130] (g1_ass1_pkg) StdoutLine: {'line': b'9: -        return student == other.student && course == other.course;\n'}
[13.097162] (g1_ass1_pkg) StdoutLine: {'line': b'9: -    }\n'}
[13.097192] (g1_ass1_pkg) StdoutLine: {'line': b'9: +struct StudentCourseKey\n'}
[13.097222] (g1_ass1_pkg) StdoutLine: {'line': b'9: +{\n'}
[13.097255] (g1_ass1_pkg) StdoutLine: {'line': b'9: +  std::string student;\n'}
[13.097286] (g1_ass1_pkg) StdoutLine: {'line': b'9: +  std::string course;\n'}
[13.097317] (g1_ass1_pkg) StdoutLine: {'line': b'9: +  bool operator==(const StudentCourseKey & other) const\n'}
[13.097348] (g1_ass1_pkg) StdoutLine: {'line': b'9: +  {\n'}
[13.097379] (g1_ass1_pkg) StdoutLine: {'line': b'9: +    return student == other.student && course == other.course;\n'}
[13.097412] (g1_ass1_pkg) StdoutLine: {'line': b'9: +  }\n'}
[13.097443] (g1_ass1_pkg) StdoutLine: {'line': b'9: @@ -18,7 +20,10 @@\n'}
[13.097476] (g1_ass1_pkg) StdoutLine: {'line': b'9: -namespace std {\n'}
[13.097508] (g1_ass1_pkg) StdoutLine: {'line': b'9: -    template <>\n'}
[13.097539] (g1_ass1_pkg) StdoutLine: {'line': b'9: -    struct hash<StudentCourseKey> {\n'}
[13.097572] (g1_ass1_pkg) StdoutLine: {'line': b'9: -        std::size_t operator()(const StudentCourseKey& k) const {\n'}
[13.097603] (g1_ass1_pkg) StdoutLine: {'line': b'9: -            return std::hash<std::string>()(k.student) ^ std::hash<std::string>()(k.course);\n'}
[13.097634] (g1_ass1_pkg) StdoutLine: {'line': b'9: -        }\n'}
[13.097665] (g1_ass1_pkg) StdoutLine: {'line': b'9: -    };\n'}
[13.097695] (g1_ass1_pkg) StdoutLine: {'line': b'9: +namespace std\n'}
[13.097725] (g1_ass1_pkg) StdoutLine: {'line': b'9: +{\n'}
[13.097757] (g1_ass1_pkg) StdoutLine: {'line': b'9: +template<>\n'}
[13.097788] (g1_ass1_pkg) StdoutLine: {'line': b'9: +struct hash<StudentCourseKey>\n'}
[13.097820] (g1_ass1_pkg) StdoutLine: {'line': b'9: +{\n'}
[13.097858] (g1_ass1_pkg) StdoutLine: {'line': b'9: +  std::size_t operator()(const StudentCourseKey & k) const\n'}
[13.097940] (g1_ass1_pkg) StdoutLine: {'line': b'9: +  {\n'}
[13.098005] (g1_ass1_pkg) StdoutLine: {'line': b'9: +    return std::hash<std::string>()(k.student) ^ std::hash<std::string>()(k.course);\n'}
[13.098049] (g1_ass1_pkg) StdoutLine: {'line': b'9: +  }\n'}
[13.098087] (g1_ass1_pkg) StdoutLine: {'line': b'9: +};\n'}
[13.098124] (g1_ass1_pkg) StdoutLine: {'line': b'9: @@ -29,3 +34,5 @@\n'}
[13.098160] (g1_ass1_pkg) StdoutLine: {'line': b'9: -    using Herkanser = g1_interface_pkg::action::Herkanser;\n'}
[13.098196] (g1_ass1_pkg) StdoutLine: {'line': b'9: -    HerkansingCijferDeterminator() : Node("herkansing_cijfer_determinator") {\n'}
[13.098233] (g1_ass1_pkg) StdoutLine: {'line': b'9: -        action_server_ = rclcpp_action::create_server<Herkanser>(\n'}
[13.098270] (g1_ass1_pkg) StdoutLine: {'line': b'9: +  using Herkanser = g1_interface_pkg::action::Herkanser;\n'}
[13.098311] (g1_ass1_pkg) StdoutLine: {'line': b'9: +  HerkansingCijferDeterminator()\n'}
[13.098349] (g1_ass1_pkg) StdoutLine: {'line': b'9: +  : Node("herkansing_cijfer_determinator")\n'}
[13.098384] (g1_ass1_pkg) StdoutLine: {'line': b'9: +  {\n'}
[13.098420] (g1_ass1_pkg) StdoutLine: {'line': b'9: +    action_server_ = rclcpp_action::create_server<Herkanser>(\n'}
[13.098456] (g1_ass1_pkg) StdoutLine: {'line': b'9: @@ -33 +40,2 @@\n'}
[13.098492] (g1_ass1_pkg) StdoutLine: {'line': b'9: -            std::bind(&HerkansingCijferDeterminator::handle_goal, this, std::placeholders::_1, std::placeholders::_2),\n'}
[13.098529] (g1_ass1_pkg) StdoutLine: {'line': b'9: +            std::bind(&HerkansingCijferDeterminator::handle_goal, this, std::placeholders::_1,\n'}
[13.098566] (g1_ass1_pkg) StdoutLine: {'line': b'9: +      std::placeholders::_2),\n'}
[13.098602] (g1_ass1_pkg) StdoutLine: {'line': b'9: @@ -36 +44,43 @@\n'}
[13.098637] (g1_ass1_pkg) StdoutLine: {'line': b'9: -        cijfer_client_ = this->create_client<g1_interface_pkg::srv::Tentamens>("calculate_final_cijfer");\n'}
[13.098674] (g1_ass1_pkg) StdoutLine: {'line': b'9: +    cijfer_client_ =\n'}
[13.098713] (g1_ass1_pkg) StdoutLine: {'line': b'9: +      this->create_client<g1_interface_pkg::srv::Tentamens>("calculate_final_cijfer");\n'}
[13.098749] (g1_ass1_pkg) StdoutLine: {'line': b'9: +  }\n'}
[13.098784] (g1_ass1_pkg) StdoutLine: {'line': b'9: +\n'}
[13.098818] (g1_ass1_pkg) StdoutLine: {'line': b'9: +private:\n'}
[13.098853] (g1_ass1_pkg) StdoutLine: {'line': b'9: +  rclcpp_action::Server<Herkanser>::SharedPtr action_server_;\n'}
[13.098890] (g1_ass1_pkg) StdoutLine: {'line': b'9: +  rclcpp::Client<g1_interface_pkg::srv::Tentamens>::SharedPtr cijfer_client_;\n'}
[13.098925] (g1_ass1_pkg) StdoutLine: {'line': b'9: +\n'}
[13.098960] (g1_ass1_pkg) StdoutLine: {'line': b'9: +  rclcpp_action::GoalResponse handle_goal(\n'}
[13.099001] (g1_ass1_pkg) StdoutLine: {'line': b'9: +    const rclcpp_action::GoalUUID &,\n'}
[13.099036] (g1_ass1_pkg) StdoutLine: {'line': b'9: +    std::shared_ptr<const Herkanser::Goal> goal)\n'}
[13.099073] (g1_ass1_pkg) StdoutLine: {'line': b'9: +  {\n'}
[13.099110] (g1_ass1_pkg) StdoutLine: {'line': b'9: +    RCLCPP_INFO(this->get_logger(), "Received herkansing goal for %s/%s",\n'}
[13.099146] (g1_ass1_pkg) StdoutLine: {'line': b'9: +      goal->student_name.c_str(), goal->course_name.c_str());\n'}
[13.099182] (g1_ass1_pkg) StdoutLine: {'line': b'9: +    return rclcpp_action::GoalResponse::ACCEPT_AND_EXECUTE;\n'}
[13.099217] (g1_ass1_pkg) StdoutLine: {'line': b'9: +  }\n'}
[13.099253] (g1_ass1_pkg) StdoutLine: {'line': b'9: +\n'}
[13.099288] (g1_ass1_pkg) StdoutLine: {'line': b'9: +  rclcpp_action::CancelResponse handle_cancel(\n'}
[13.099323] (g1_ass1_pkg) StdoutLine: {'line': b'9: +    const std::shared_ptr<rclcpp_action::ServerGoalHandle<Herkanser>>)\n'}
[13.099356] (g1_ass1_pkg) StdoutLine: {'line': b'9: +  {\n'}
[13.099390] (g1_ass1_pkg) StdoutLine: {'line': b'9: +    return rclcpp_action::CancelResponse::ACCEPT;\n'}
[13.099423] (g1_ass1_pkg) StdoutLine: {'line': b'9: +  }\n'}
[13.099455] (g1_ass1_pkg) StdoutLine: {'line': b'9: +\n'}
[13.099488] (g1_ass1_pkg) StdoutLine: {'line': b'9: +  void handle_accepted(\n'}
[13.099521] (g1_ass1_pkg) StdoutLine: {'line': b'9: +    const std::shared_ptr<rclcpp_action::ServerGoalHandle<Herkanser>> goal_handle)\n'}
[13.099556] (g1_ass1_pkg) StdoutLine: {'line': b'9: +  {\n'}
[13.099588] (g1_ass1_pkg) StdoutLine: {'line': b'9: +    std::thread{std::bind(&HerkansingCijferDeterminator::execute, this, goal_handle)}.detach();\n'}
[13.099623] (g1_ass1_pkg) StdoutLine: {'line': b'9: +  }\n'}
[13.099655] (g1_ass1_pkg) StdoutLine: {'line': b'9: +\n'}
[13.099688] (g1_ass1_pkg) StdoutLine: {'line': b'9: +  void execute(const std::shared_ptr<rclcpp_action::ServerGoalHandle<Herkanser>> goal_handle)\n'}
[13.099719] (g1_ass1_pkg) StdoutLine: {'line': b'9: +  {\n'}
[13.099752] (g1_ass1_pkg) StdoutLine: {'line': b'9: +    auto goal = goal_handle->get_goal();\n'}
[13.099785] (g1_ass1_pkg) StdoutLine: {'line': b'9: +    StudentCourseKey key{goal->student_name, goal->course_name};\n'}
[13.099819] (g1_ass1_pkg) StdoutLine: {'line': b'9: +\n'}
[13.099852] (g1_ass1_pkg) StdoutLine: {'line': b'9: +        // Simulate receiving new tentamen results (here: random generation)\n'}
[13.099886] (g1_ass1_pkg) StdoutLine: {'line': b'9: +    std::vector<int> cijfers;\n'}
[13.099919] (g1_ass1_pkg) StdoutLine: {'line': b'9: +    for (int i = 0; i < 3; ++i) {\n'}
[13.099951] (g1_ass1_pkg) StdoutLine: {'line': b'9: +      cijfers.push_back(10 + (rand() % 91));\n'}
[13.099987] (g1_ass1_pkg) StdoutLine: {'line': b'9: +      auto feedback = std::make_shared<Herkanser::Feedback>();\n'}
[13.100021] (g1_ass1_pkg) StdoutLine: {'line': b'9: +      feedback->progress = (i + 1) / 3.0f;\n'}
[13.100055] (g1_ass1_pkg) StdoutLine: {'line': b'9: +      feedback->status = "Collecting tentamen results";\n'}
[13.100088] (g1_ass1_pkg) StdoutLine: {'line': b'9: +      goal_handle->publish_feedback(feedback);\n'}
[13.100122] (g1_ass1_pkg) StdoutLine: {'line': b'9: +      std::this_thread::sleep_for(std::chrono::seconds(1));\n'}
[13.100155] (g1_ass1_pkg) StdoutLine: {'line': b'9: @@ -39,3 +89,5 @@\n'}
[13.100188] (g1_ass1_pkg) StdoutLine: {'line': b'9: -private:\n'}
[13.100221] (g1_ass1_pkg) StdoutLine: {'line': b'9: -    rclcpp_action::Server<Herkanser>::SharedPtr action_server_;\n'}
[13.100255] (g1_ass1_pkg) StdoutLine: {'line': b'9: -    rclcpp::Client<g1_interface_pkg::srv::Tentamens>::SharedPtr cijfer_client_;\n'}
[13.100290] (g1_ass1_pkg) StdoutLine: {'line': b'9: +        // Calculate new final cijfer\n'}
[13.100321] (g1_ass1_pkg) StdoutLine: {'line': b'9: +    auto request = std::make_shared<g1_interface_pkg::srv::Tentamens::Request>();\n'}
[13.100354] (g1_ass1_pkg) StdoutLine: {'line': b'9: +    request->student_name = key.student;\n'}
[13.100385] (g1_ass1_pkg) StdoutLine: {'line': b'9: +    request->course_name = key.course;\n'}
[13.100419] (g1_ass1_pkg) StdoutLine: {'line': b'9: +    request->tentamen_cijfers = cijfers;\n'}
[13.100450] (g1_ass1_pkg) StdoutLine: {'line': b'9: @@ -43,37 +95,3 @@\n'}
[13.100483] (g1_ass1_pkg) StdoutLine: {'line': b'9: -    rclcpp_action::GoalResponse handle_goal(const rclcpp_action::GoalUUID &, std::shared_ptr<const Herkanser::Goal> goal) {\n'}
[13.100515] (g1_ass1_pkg) StdoutLine: {'line': b'9: -        RCLCPP_INFO(this->get_logger(), "Received herkansing goal for %s/%s", goal->student_name.c_str(), goal->course_name.c_str());\n'}
[13.100548] (g1_ass1_pkg) StdoutLine: {'line': b'9: -        return rclcpp_action::GoalResponse::ACCEPT_AND_EXECUTE;\n'}
[13.100582] (g1_ass1_pkg) StdoutLine: {'line': b'9: -    }\n'}
[13.100614] (g1_ass1_pkg) StdoutLine: {'line': b'9: -\n'}
[13.100647] (g1_ass1_pkg) StdoutLine: {'line': b'9: -    rclcpp_action::CancelResponse handle_cancel(const std::shared_ptr<rclcpp_action::ServerGoalHandle<Herkanser>>) {\n'}
[13.100680] (g1_ass1_pkg) StdoutLine: {'line': b'9: -        return rclcpp_action::CancelResponse::ACCEPT;\n'}
[13.100713] (g1_ass1_pkg) StdoutLine: {'line': b'9: -    }\n'}
[13.100746] (g1_ass1_pkg) StdoutLine: {'line': b'9: -\n'}
[13.100777] (g1_ass1_pkg) StdoutLine: {'line': b'9: -    void handle_accepted(const std::shared_ptr<rclcpp_action::ServerGoalHandle<Herkanser>> goal_handle) {\n'}
[13.100809] (g1_ass1_pkg) StdoutLine: {'line': b'9: -        std::thread{std::bind(&HerkansingCijferDeterminator::execute, this, goal_handle)}.detach();\n'}
[13.100842] (g1_ass1_pkg) StdoutLine: {'line': b'9: -    }\n'}
[13.100873] (g1_ass1_pkg) StdoutLine: {'line': b'9: -\n'}
[13.100904] (g1_ass1_pkg) StdoutLine: {'line': b'9: -    void execute(const std::shared_ptr<rclcpp_action::ServerGoalHandle<Herkanser>> goal_handle) {\n'}
[13.100936] (g1_ass1_pkg) StdoutLine: {'line': b'9: -        auto goal = goal_handle->get_goal();\n'}
[13.100971] (g1_ass1_pkg) StdoutLine: {'line': b'9: -        StudentCourseKey key{goal->student_name, goal->course_name};\n'}
[13.101003] (g1_ass1_pkg) StdoutLine: {'line': b'9: -\n'}
[13.101036] (g1_ass1_pkg) StdoutLine: {'line': b'9: -        // Simulate receiving new tentamen results (here: random generation)\n'}
[13.101067] (g1_ass1_pkg) StdoutLine: {'line': b'9: -        std::vector<int> cijfers;\n'}
[13.101101] (g1_ass1_pkg) StdoutLine: {'line': b'9: -        for (int i = 0; i < 3; ++i) {\n'}
[13.101134] (g1_ass1_pkg) StdoutLine: {'line': b'9: -            cijfers.push_back(10 + (rand() % 91));\n'}
[13.101167] (g1_ass1_pkg) StdoutLine: {'line': b'9: -            auto feedback = std::make_shared<Herkanser::Feedback>();\n'}
[13.101198] (g1_ass1_pkg) StdoutLine: {'line': b'9: -            feedback->progress = (i + 1) / 3.0f;\n'}
[13.101229] (g1_ass1_pkg) StdoutLine: {'line': b'9: -            feedback->status = "Collecting tentamen results";\n'}
[13.101261] (g1_ass1_pkg) StdoutLine: {'line': b'9: -            goal_handle->publish_feedback(feedback);\n'}
[13.101294] (g1_ass1_pkg) StdoutLine: {'line': b'9: -            std::this_thread::sleep_for(std::chrono::seconds(1));\n'}
[13.101325] (g1_ass1_pkg) StdoutLine: {'line': b'9: -        }\n'}
[13.101356] (g1_ass1_pkg) StdoutLine: {'line': b'9: -\n'}
[13.101387] (g1_ass1_pkg) StdoutLine: {'line': b'9: -        // Calculate new final cijfer\n'}
[13.101418] (g1_ass1_pkg) StdoutLine: {'line': b'9: -        auto request = std::make_shared<g1_interface_pkg::srv::Tentamens::Request>();\n'}
[13.101450] (g1_ass1_pkg) StdoutLine: {'line': b'9: -        request->student_name = key.student;\n'}
[13.101481] (g1_ass1_pkg) StdoutLine: {'line': b'9: -        request->course_name = key.course;\n'}
[13.101512] (g1_ass1_pkg) StdoutLine: {'line': b'9: -        request->tentamen_cijfers = cijfers;\n'}
[13.101544] (g1_ass1_pkg) StdoutLine: {'line': b'9: -\n'}
[13.101576] (g1_ass1_pkg) StdoutLine: {'line': b'9: -        auto future = cijfer_client_->async_send_request(request);\n'}
[13.101607] (g1_ass1_pkg) StdoutLine: {'line': b'9: -        future.wait();\n'}
[13.101638] (g1_ass1_pkg) StdoutLine: {'line': b'9: -        auto response = future.get();\n'}
[13.101671] (g1_ass1_pkg) StdoutLine: {'line': b'9: +    auto future = cijfer_client_->async_send_request(request);\n'}
[13.101701] (g1_ass1_pkg) StdoutLine: {'line': b'9: +    future.wait();\n'}
[13.101732] (g1_ass1_pkg) StdoutLine: {'line': b'9: +    auto response = future.get();\n'}
[13.101764] (g1_ass1_pkg) StdoutLine: {'line': b'9: @@ -82,3 +100,4 @@\n'}
[13.101795] (g1_ass1_pkg) StdoutLine: {'line': b'9: -        std::ofstream db("/home/broodjesemih/ass_ros2_ws/database.csv", std::ios::app);\n'}
[13.101827] (g1_ass1_pkg) StdoutLine: {'line': b'9: -        db << key.student << "," << key.course << "," << cijfers.size() << "," << response->final_cijfer << "," << std::to_string(this->now().seconds()) << "\\n";\n'}
[13.101859] (g1_ass1_pkg) StdoutLine: {'line': b'9: -        db.close();\n'}
[13.101890] (g1_ass1_pkg) StdoutLine: {'line': b'9: +    std::ofstream db("/home/broodjesemih/ass_ros2_ws/database.csv", std::ios::app);\n'}
[13.101922] (g1_ass1_pkg) StdoutLine: {'line': b'9: +    db << key.student << "," << key.course << "," << cijfers.size() << "," <<\n'}
[13.101954] (g1_ass1_pkg) StdoutLine: {'line': b'9: +      response->final_cijfer << "," << std::to_string(this->now().seconds()) << "\\n";\n'}
[13.101987] (g1_ass1_pkg) StdoutLine: {'line': b'9: +    db.close();\n'}
[13.102017] (g1_ass1_pkg) StdoutLine: {'line': b'9: @@ -86,5 +105,5 @@\n'}
[13.102048] (g1_ass1_pkg) StdoutLine: {'line': b'9: -        auto result = std::make_shared<Herkanser::Result>();\n'}
[13.102079] (g1_ass1_pkg) StdoutLine: {'line': b'9: -        result->final_cijfer = response->final_cijfer;\n'}
[13.102112] (g1_ass1_pkg) StdoutLine: {'line': b'9: -        result->message = "Nieuwe herkansing cijfer toegevoegd";\n'}
[13.102144] (g1_ass1_pkg) StdoutLine: {'line': b'9: -        goal_handle->succeed(result);\n'}
[13.102175] (g1_ass1_pkg) StdoutLine: {'line': b'9: -    }\n'}
[13.102207] (g1_ass1_pkg) StdoutLine: {'line': b'9: +    auto result = std::make_shared<Herkanser::Result>();\n'}
[13.102238] (g1_ass1_pkg) StdoutLine: {'line': b'9: +    result->final_cijfer = response->final_cijfer;\n'}
[13.102269] (g1_ass1_pkg) StdoutLine: {'line': b'9: +    result->message = "Nieuwe herkansing cijfer toegevoegd";\n'}
[13.102303] (g1_ass1_pkg) StdoutLine: {'line': b'9: +    goal_handle->succeed(result);\n'}
[13.102335] (g1_ass1_pkg) StdoutLine: {'line': b'9: +  }\n'}
[13.102366] (g1_ass1_pkg) StdoutLine: {'line': b'9: @@ -93,6 +112,7 @@\n'}
[13.102397] (g1_ass1_pkg) StdoutLine: {'line': b'9: -int main(int argc, char **argv) {\n'}
[13.102425] (g1_ass1_pkg) StdoutLine: {'line': b'9: -    rclcpp::init(argc, argv);\n'}
[13.102456] (g1_ass1_pkg) StdoutLine: {'line': b'9: -    rclcpp::spin(std::make_shared<HerkansingCijferDeterminator>());\n'}
[13.102485] (g1_ass1_pkg) StdoutLine: {'line': b'9: -    rclcpp::shutdown();\n'}
[13.102516] (g1_ass1_pkg) StdoutLine: {'line': b'9: -    return 0;\n'}
[13.102545] (g1_ass1_pkg) StdoutLine: {'line': b'9: -}\n'}
[13.102574] (g1_ass1_pkg) StdoutLine: {'line': b'9: +int main(int argc, char **argv)\n'}
[13.102603] (g1_ass1_pkg) StdoutLine: {'line': b'9: +{\n'}
[13.102632] (g1_ass1_pkg) StdoutLine: {'line': b'9: +  rclcpp::init(argc, argv);\n'}
[13.102663] (g1_ass1_pkg) StdoutLine: {'line': b'9: +  rclcpp::spin(std::make_shared<HerkansingCijferDeterminator>());\n'}
[13.102693] (g1_ass1_pkg) StdoutLine: {'line': b'9: +  rclcpp::shutdown();\n'}
[13.102723] (g1_ass1_pkg) StdoutLine: {'line': b'9: +  return 0;\n'}
[13.102752] (g1_ass1_pkg) StdoutLine: {'line': b'9: +}\n'}
[13.102781] (g1_ass1_pkg) StdoutLine: {'line': b'9: \n'}
[13.102811] (g1_ass1_pkg) StdoutLine: {'line': b"9: Code style divergence in file 'src/herkansing_scheduler.cpp':\n"}
[13.102846] (g1_ass1_pkg) StdoutLine: {'line': b'9: \n'}
[13.102878] (g1_ass1_pkg) StdoutLine: {'line': b'9: --- src/herkansing_scheduler.cpp\n'}
[13.102909] (g1_ass1_pkg) StdoutLine: {'line': b'9: +++ src/herkansing_scheduler.cpp.uncrustify\n'}
[13.102941] (g1_ass1_pkg) StdoutLine: {'line': b'9: @@ -10,4 +10,6 @@\n'}
[13.102975] (g1_ass1_pkg) StdoutLine: {'line': b'9: -    using Herkanser = g1_interface_pkg::action::Herkanser;\n'}
[13.103008] (g1_ass1_pkg) StdoutLine: {'line': b'9: -    HerkansingSchedulerNode() : Node("herkansing_scheduler") {\n'}
[13.103040] (g1_ass1_pkg) StdoutLine: {'line': b'9: -        action_client_ = rclcpp_action::create_client<Herkanser>(this, "herkanser");\n'}
[13.103071] (g1_ass1_pkg) StdoutLine: {'line': b'9: -        timer_ = this->create_wall_timer(\n'}
[13.103101] (g1_ass1_pkg) StdoutLine: {'line': b'9: +  using Herkanser = g1_interface_pkg::action::Herkanser;\n'}
[13.103132] (g1_ass1_pkg) StdoutLine: {'line': b'9: +  HerkansingSchedulerNode()\n'}
[13.103163] (g1_ass1_pkg) StdoutLine: {'line': b'9: +  : Node("herkansing_scheduler")\n'}
[13.103194] (g1_ass1_pkg) StdoutLine: {'line': b'9: +  {\n'}
[13.103225] (g1_ass1_pkg) StdoutLine: {'line': b'9: +    action_client_ = rclcpp_action::create_client<Herkanser>(this, "herkanser");\n'}
[13.103255] (g1_ass1_pkg) StdoutLine: {'line': b'9: +    timer_ = this->create_wall_timer(\n'}
[13.103285] (g1_ass1_pkg) StdoutLine: {'line': b'9: @@ -16 +18 @@\n'}
[13.103316] (g1_ass1_pkg) StdoutLine: {'line': b'9: -    }\n'}
[13.103345] (g1_ass1_pkg) StdoutLine: {'line': b'9: +  }\n'}
[13.103375] (g1_ass1_pkg) StdoutLine: {'line': b'9: @@ -19,2 +21,2 @@\n'}
[13.103409] (g1_ass1_pkg) StdoutLine: {'line': b'9: -    rclcpp_action::Client<Herkanser>::SharedPtr action_client_;\n'}
[13.103439] (g1_ass1_pkg) StdoutLine: {'line': b'9: -    rclcpp::TimerBase::SharedPtr timer_;\n'}
[13.103470] (g1_ass1_pkg) StdoutLine: {'line': b'9: +  rclcpp_action::Client<Herkanser>::SharedPtr action_client_;\n'}
[13.103500] (g1_ass1_pkg) StdoutLine: {'line': b'9: +  rclcpp::TimerBase::SharedPtr timer_;\n'}
[13.103531] (g1_ass1_pkg) StdoutLine: {'line': b'9: @@ -22,11 +24,12 @@\n'}
[13.103561] (g1_ass1_pkg) StdoutLine: {'line': b'9: -    void check_failed_students() {\n'}
[13.103591] (g1_ass1_pkg) StdoutLine: {'line': b'9: -        std::ifstream db("/home/broodjesemih/ass_ros2_ws/database.csv");\n'}
[13.103622] (g1_ass1_pkg) StdoutLine: {'line': b'9: -        std::string line;\n'}
[13.103654] (g1_ass1_pkg) StdoutLine: {'line': b'9: -        while (std::getline(db, line)) {\n'}
[13.103683] (g1_ass1_pkg) StdoutLine: {'line': b'9: -            std::istringstream iss(line);\n'}
[13.103714] (g1_ass1_pkg) StdoutLine: {'line': b'9: -            std::string student, course, exams, final_result, timestamp;\n'}
[13.103744] (g1_ass1_pkg) StdoutLine: {'line': b"9: -            std::getline(iss, student, ',');\n"}
[13.103773] (g1_ass1_pkg) StdoutLine: {'line': b"9: -            std::getline(iss, course, ',');\n"}
[13.103803] (g1_ass1_pkg) StdoutLine: {'line': b"9: -            std::getline(iss, exams, ',');\n"}
[13.103833] (g1_ass1_pkg) StdoutLine: {'line': b"9: -            std::getline(iss, final_result, ',');\n"}
[13.103864] (g1_ass1_pkg) StdoutLine: {'line': b"9: -            std::getline(iss, timestamp, ',');\n"}
[13.103893] (g1_ass1_pkg) StdoutLine: {'line': b'9: +  void check_failed_students()\n'}
[13.103923] (g1_ass1_pkg) StdoutLine: {'line': b'9: +  {\n'}
[13.103953] (g1_ass1_pkg) StdoutLine: {'line': b'9: +    std::ifstream db("/home/broodjesemih/ass_ros2_ws/database.csv");\n'}
[13.103986] (g1_ass1_pkg) StdoutLine: {'line': b'9: +    std::string line;\n'}
[13.104016] (g1_ass1_pkg) StdoutLine: {'line': b'9: +    while (std::getline(db, line)) {\n'}
[13.104046] (g1_ass1_pkg) StdoutLine: {'line': b'9: +      std::istringstream iss(line);\n'}
[13.104077] (g1_ass1_pkg) StdoutLine: {'line': b'9: +      std::string student, course, exams, final_result, timestamp;\n'}
[13.104108] (g1_ass1_pkg) StdoutLine: {'line': b"9: +      std::getline(iss, student, ',');\n"}
[13.104139] (g1_ass1_pkg) StdoutLine: {'line': b"9: +      std::getline(iss, course, ',');\n"}
[13.104171] (g1_ass1_pkg) StdoutLine: {'line': b"9: +      std::getline(iss, exams, ',');\n"}
[13.104201] (g1_ass1_pkg) StdoutLine: {'line': b"9: +      std::getline(iss, final_result, ',');\n"}
[13.104232] (g1_ass1_pkg) StdoutLine: {'line': b"9: +      std::getline(iss, timestamp, ',');\n"}
[13.104263] (g1_ass1_pkg) StdoutLine: {'line': b'9: @@ -34,9 +37,9 @@\n'}
[13.104292] (g1_ass1_pkg) StdoutLine: {'line': b'9: -            int cijfer = final_result.empty() ? 0 : std::stoi(final_result);\n'}
[13.104323] (g1_ass1_pkg) StdoutLine: {'line': b'9: -            if (cijfer >= 10 && cijfer <= 54) {\n'}
[13.104353] (g1_ass1_pkg) StdoutLine: {'line': b'9: -                auto goal_msg = Herkanser::Goal();\n'}
[13.104384] (g1_ass1_pkg) StdoutLine: {'line': b'9: -                goal_msg.student_name = student;\n'}
[13.104415] (g1_ass1_pkg) StdoutLine: {'line': b'9: -                goal_msg.course_name = course;\n'}
[13.104448] (g1_ass1_pkg) StdoutLine: {'line': b'9: -                action_client_->async_send_goal(goal_msg);\n'}
[13.104477] (g1_ass1_pkg) StdoutLine: {'line': b'9: -                RCLCPP_INFO(this->get_logger(), "Requested herkansing for %s/%s", student.c_str(), course.c_str());\n'}
[13.104506] (g1_ass1_pkg) StdoutLine: {'line': b'9: -            }\n'}
[13.104534] (g1_ass1_pkg) StdoutLine: {'line': b'9: -        }\n'}
[13.104561] (g1_ass1_pkg) StdoutLine: {'line': b'9: +      int cijfer = final_result.empty() ? 0 : std::stoi(final_result);\n'}
[13.104590] (g1_ass1_pkg) StdoutLine: {'line': b'9: +      if (cijfer >= 10 && cijfer <= 54) {\n'}
[13.104620] (g1_ass1_pkg) StdoutLine: {'line': b'9: +        auto goal_msg = Herkanser::Goal();\n'}
[13.104649] (g1_ass1_pkg) StdoutLine: {'line': b'9: +        goal_msg.student_name = student;\n'}
[13.104679] (g1_ass1_pkg) StdoutLine: {'line': b'9: +        goal_msg.course_name = course;\n'}
[13.104708] (g1_ass1_pkg) StdoutLine: {'line': b'9: +        action_client_->async_send_goal(goal_msg);\n'}
[13.104736] (g1_ass1_pkg) StdoutLine: {'line': b'9: +        RCLCPP_INFO(this->get_logger(), "Requested herkansing for %s/%s", student.c_str(),\n'}
[13.104765] (g1_ass1_pkg) StdoutLine: {'line': b'9: +          course.c_str());\n'}
[13.104793] (g1_ass1_pkg) StdoutLine: {'line': b'9: +      }\n'}
[13.104822] (g1_ass1_pkg) StdoutLine: {'line': b'9: @@ -43,0 +47 @@\n'}
[13.104851] (g1_ass1_pkg) StdoutLine: {'line': b'9: +  }\n'}
[13.104881] (g1_ass1_pkg) StdoutLine: {'line': b'9: @@ -46,6 +50,7 @@\n'}
[13.104910] (g1_ass1_pkg) StdoutLine: {'line': b'9: -int main(int argc, char **argv) {\n'}
[13.104938] (g1_ass1_pkg) StdoutLine: {'line': b'9: -    rclcpp::init(argc, argv);\n'}
[13.104968] (g1_ass1_pkg) StdoutLine: {'line': b'9: -    rclcpp::spin(std::make_shared<HerkansingSchedulerNode>());\n'}
[13.104998] (g1_ass1_pkg) StdoutLine: {'line': b'9: -    rclcpp::shutdown();\n'}
[13.105029] (g1_ass1_pkg) StdoutLine: {'line': b'9: -    return 0;\n'}
[13.105061] (g1_ass1_pkg) StdoutLine: {'line': b'9: -}\n'}
[13.105092] (g1_ass1_pkg) StdoutLine: {'line': b'9: +int main(int argc, char **argv)\n'}
[13.105123] (g1_ass1_pkg) StdoutLine: {'line': b'9: +{\n'}
[13.105153] (g1_ass1_pkg) StdoutLine: {'line': b'9: +  rclcpp::init(argc, argv);\n'}
[13.105181] (g1_ass1_pkg) StdoutLine: {'line': b'9: +  rclcpp::spin(std::make_shared<HerkansingSchedulerNode>());\n'}
[13.105210] (g1_ass1_pkg) StdoutLine: {'line': b'9: +  rclcpp::shutdown();\n'}
[13.105239] (g1_ass1_pkg) StdoutLine: {'line': b'9: +  return 0;\n'}
[13.105269] (g1_ass1_pkg) StdoutLine: {'line': b'9: +}\n'}
[13.105301] (g1_ass1_pkg) StdoutLine: {'line': b'9: \n'}
[13.105332] (g1_ass1_pkg) StdoutLine: {'line': b"9: Code style divergence in file 'src/tentamen_result_generator.cpp':\n"}
[13.105365] (g1_ass1_pkg) StdoutLine: {'line': b'9: \n'}
[13.105396] (g1_ass1_pkg) StdoutLine: {'line': b'9: --- src/tentamen_result_generator.cpp\n'}
[13.105427] (g1_ass1_pkg) StdoutLine: {'line': b'9: +++ src/tentamen_result_generator.cpp.uncrustify\n'}
[13.105458] (g1_ass1_pkg) StdoutLine: {'line': b'9: @@ -9,6 +9,8 @@\n'}
[13.105486] (g1_ass1_pkg) StdoutLine: {'line': b'9: -struct StudentCourseKey {\n'}
[13.105515] (g1_ass1_pkg) StdoutLine: {'line': b'9: -    std::string student;\n'}
[13.105543] (g1_ass1_pkg) StdoutLine: {'line': b'9: -    std::string course;\n'}
[13.105571] (g1_ass1_pkg) StdoutLine: {'line': b'9: -    bool operator==(const StudentCourseKey& other) const {\n'}
[13.105601] (g1_ass1_pkg) StdoutLine: {'line': b'9: -        return student == other.student && course == other.course;\n'}
[13.105629] (g1_ass1_pkg) StdoutLine: {'line': b'9: -    }\n'}
[13.105660] (g1_ass1_pkg) StdoutLine: {'line': b'9: +struct StudentCourseKey\n'}
[13.105690] (g1_ass1_pkg) StdoutLine: {'line': b'9: +{\n'}
[13.105719] (g1_ass1_pkg) StdoutLine: {'line': b'9: +  std::string student;\n'}
[13.105749] (g1_ass1_pkg) StdoutLine: {'line': b'9: +  std::string course;\n'}
[13.105782] (g1_ass1_pkg) StdoutLine: {'line': b'9: +  bool operator==(const StudentCourseKey & other) const\n'}
[13.105814] (g1_ass1_pkg) StdoutLine: {'line': b'9: +  {\n'}
[13.105847] (g1_ass1_pkg) StdoutLine: {'line': b'9: +    return student == other.student && course == other.course;\n'}
[13.105883] (g1_ass1_pkg) StdoutLine: {'line': b'9: +  }\n'}
[13.105918] (g1_ass1_pkg) StdoutLine: {'line': b'9: @@ -16,7 +18,10 @@\n'}
[13.105951] (g1_ass1_pkg) StdoutLine: {'line': b'9: -namespace std {\n'}
[13.105987] (g1_ass1_pkg) StdoutLine: {'line': b'9: -    template <>\n'}
[13.106020] (g1_ass1_pkg) StdoutLine: {'line': b'9: -    struct hash<StudentCourseKey> {\n'}
[13.106052] (g1_ass1_pkg) StdoutLine: {'line': b'9: -        std::size_t operator()(const StudentCourseKey& k) const {\n'}
[13.106085] (g1_ass1_pkg) StdoutLine: {'line': b'9: -            return std::hash<std::string>()(k.student) ^ std::hash<std::string>()(k.course);\n'}
[13.106117] (g1_ass1_pkg) StdoutLine: {'line': b'9: -        }\n'}
[13.106149] (g1_ass1_pkg) StdoutLine: {'line': b'9: -    };\n'}
[13.106180] (g1_ass1_pkg) StdoutLine: {'line': b'9: +namespace std\n'}
[13.106212] (g1_ass1_pkg) StdoutLine: {'line': b'9: +{\n'}
[13.106244] (g1_ass1_pkg) StdoutLine: {'line': b'9: +template<>\n'}
[13.106275] (g1_ass1_pkg) StdoutLine: {'line': b'9: +struct hash<StudentCourseKey>\n'}
[13.106306] (g1_ass1_pkg) StdoutLine: {'line': b'9: +{\n'}
[13.106338] (g1_ass1_pkg) StdoutLine: {'line': b'9: +  std::size_t operator()(const StudentCourseKey & k) const\n'}
[13.106370] (g1_ass1_pkg) StdoutLine: {'line': b'9: +  {\n'}
[13.106402] (g1_ass1_pkg) StdoutLine: {'line': b'9: +    return std::hash<std::string>()(k.student) ^ std::hash<std::string>()(k.course);\n'}
[13.106433] (g1_ass1_pkg) StdoutLine: {'line': b'9: +  }\n'}
[13.106464] (g1_ass1_pkg) StdoutLine: {'line': b'9: +};\n'}
[13.106495] (g1_ass1_pkg) StdoutLine: {'line': b'9: @@ -27,3 +32,5 @@\n'}
[13.106525] (g1_ass1_pkg) StdoutLine: {'line': b'9: -    TentamenResultGenerator() : Node("tentamen_result_generator") {\n'}
[13.106556] (g1_ass1_pkg) StdoutLine: {'line': b'9: -        publisher_ = this->create_publisher<g1_interface_pkg::msg::Tentamen>("tentamen_results", 10);\n'}
[13.106588] (g1_ass1_pkg) StdoutLine: {'line': b'9: -        timer_ = this->create_wall_timer(\n'}
[13.106618] (g1_ass1_pkg) StdoutLine: {'line': b'9: +  TentamenResultGenerator()\n'}
[13.106649] (g1_ass1_pkg) StdoutLine: {'line': b'9: +  : Node("tentamen_result_generator")\n'}
[13.106680] (g1_ass1_pkg) StdoutLine: {'line': b'9: +  {\n'}
[13.106710] (g1_ass1_pkg) StdoutLine: {'line': b'9: +    publisher_ = this->create_publisher<g1_interface_pkg::msg::Tentamen>("tentamen_results", 10);\n'}
[13.106742] (g1_ass1_pkg) StdoutLine: {'line': b'9: +    timer_ = this->create_wall_timer(\n'}
[13.106772] (g1_ass1_pkg) StdoutLine: {'line': b'9: @@ -32,2 +39,2 @@\n'}
[13.106804] (g1_ass1_pkg) StdoutLine: {'line': b'9: -        load_student_course_combinations();\n'}
[13.106835] (g1_ass1_pkg) StdoutLine: {'line': b'9: -    }\n'}
[13.106865] (g1_ass1_pkg) StdoutLine: {'line': b'9: +    load_student_course_combinations();\n'}
[13.106897] (g1_ass1_pkg) StdoutLine: {'line': b'9: +  }\n'}
[13.106929] (g1_ass1_pkg) StdoutLine: {'line': b'9: @@ -38,3 +45,3 @@\n'}
[13.106959] (g1_ass1_pkg) StdoutLine: {'line': b'9: -    std::unordered_set<StudentCourseKey> active_combinations_;\n'}
[13.106993] (g1_ass1_pkg) StdoutLine: {'line': b'9: -    rclcpp::Publisher<g1_interface_pkg::msg::Tentamen>::SharedPtr publisher_;\n'}
[13.107024] (g1_ass1_pkg) StdoutLine: {'line': b'9: -    rclcpp::TimerBase::SharedPtr timer_;\n'}
[13.107063] (g1_ass1_pkg) StdoutLine: {'line': b'9: +  std::unordered_set<StudentCourseKey> active_combinations_;\n'}
[13.107096] (g1_ass1_pkg) StdoutLine: {'line': b'9: +  rclcpp::Publisher<g1_interface_pkg::msg::Tentamen>::SharedPtr publisher_;\n'}
[13.107129] (g1_ass1_pkg) StdoutLine: {'line': b'9: +  rclcpp::TimerBase::SharedPtr timer_;\n'}
[13.107160] (g1_ass1_pkg) StdoutLine: {'line': b'9: @@ -42,15 +49,15 @@\n'}
[13.107192] (g1_ass1_pkg) StdoutLine: {'line': b'9: -    void load_student_course_combinations() {\n'}
[13.107222] (g1_ass1_pkg) StdoutLine: {'line': b'9: -        std::ifstream db("/home/broodjesemih/ass_ros2_ws/database.csv");\n'}
[13.107253] (g1_ass1_pkg) StdoutLine: {'line': b'9: -        std::string line;\n'}
[13.107283] (g1_ass1_pkg) StdoutLine: {'line': b'9: -        while (std::getline(db, line)) {\n'}
[13.107312] (g1_ass1_pkg) StdoutLine: {'line': b'9: -            std::istringstream iss(line);\n'}
[13.107342] (g1_ass1_pkg) StdoutLine: {'line': b'9: -            std::string student, course, exams, final_result, timestamp;\n'}
[13.107373] (g1_ass1_pkg) StdoutLine: {'line': b"9: -            std::getline(iss, student, ',');\n"}
[13.107404] (g1_ass1_pkg) StdoutLine: {'line': b"9: -            std::getline(iss, course, ',');\n"}
[13.107433] (g1_ass1_pkg) StdoutLine: {'line': b"9: -            std::getline(iss, exams, ',');\n"}
[13.107463] (g1_ass1_pkg) StdoutLine: {'line': b"9: -            std::getline(iss, final_result, ',');\n"}
[13.107494] (g1_ass1_pkg) StdoutLine: {'line': b"9: -            std::getline(iss, timestamp, ',');\n"}
[13.107525] (g1_ass1_pkg) StdoutLine: {'line': b'9: -            if (final_result.empty()) { // Only add if no final result\n'}
[13.107556] (g1_ass1_pkg) StdoutLine: {'line': b'9: -                active_combinations_.insert({student, course});\n'}
[13.107587] (g1_ass1_pkg) StdoutLine: {'line': b'9: -            }\n'}
[13.107618] (g1_ass1_pkg) StdoutLine: {'line': b'9: -        }\n'}
[13.107649] (g1_ass1_pkg) StdoutLine: {'line': b'9: +  void load_student_course_combinations()\n'}
[13.107679] (g1_ass1_pkg) StdoutLine: {'line': b'9: +  {\n'}
[13.107711] (g1_ass1_pkg) StdoutLine: {'line': b'9: +    std::ifstream db("/home/broodjesemih/ass_ros2_ws/database.csv");\n'}
[13.107744] (g1_ass1_pkg) StdoutLine: {'line': b'9: +    std::string line;\n'}
[13.107775] (g1_ass1_pkg) StdoutLine: {'line': b'9: +    while (std::getline(db, line)) {\n'}
[13.107806] (g1_ass1_pkg) StdoutLine: {'line': b'9: +      std::istringstream iss(line);\n'}
[13.107837] (g1_ass1_pkg) StdoutLine: {'line': b'9: +      std::string student, course, exams, final_result, timestamp;\n'}
[13.107867] (g1_ass1_pkg) StdoutLine: {'line': b"9: +      std::getline(iss, student, ',');\n"}
[13.107899] (g1_ass1_pkg) StdoutLine: {'line': b"9: +      std::getline(iss, course, ',');\n"}
[13.107929] (g1_ass1_pkg) StdoutLine: {'line': b"9: +      std::getline(iss, exams, ',');\n"}
[13.107960] (g1_ass1_pkg) StdoutLine: {'line': b"9: +      std::getline(iss, final_result, ',');\n"}
[13.107995] (g1_ass1_pkg) StdoutLine: {'line': b"9: +      std::getline(iss, timestamp, ',');\n"}
[13.108028] (g1_ass1_pkg) StdoutLine: {'line': b'9: +      if (final_result.empty()) {       // Only add if no final result\n'}
[13.108059] (g1_ass1_pkg) StdoutLine: {'line': b'9: +        active_combinations_.insert({student, course});\n'}
[13.108088] (g1_ass1_pkg) StdoutLine: {'line': b'9: +      }\n'}
[13.108117] (g1_ass1_pkg) StdoutLine: {'line': b'9: @@ -57,0 +65 @@\n'}
[13.108145] (g1_ass1_pkg) StdoutLine: {'line': b'9: +  }\n'}
[13.108173] (g1_ass1_pkg) StdoutLine: {'line': b'9: @@ -59,5 +67,6 @@\n'}
[13.108202] (g1_ass1_pkg) StdoutLine: {'line': b'9: -    void publish_random_result() {\n'}
[13.108231] (g1_ass1_pkg) StdoutLine: {'line': b'9: -        if (active_combinations_.empty()) return;\n'}
[13.108260] (g1_ass1_pkg) StdoutLine: {'line': b'9: -        auto it = active_combinations_.begin();\n'}
[13.108289] (g1_ass1_pkg) StdoutLine: {'line': b'9: -        std::advance(it, rand() % active_combinations_.size());\n'}
[13.108318] (g1_ass1_pkg) StdoutLine: {'line': b'9: -        auto key = *it;\n'}
[13.108347] (g1_ass1_pkg) StdoutLine: {'line': b'9: +  void publish_random_result()\n'}
[13.108376] (g1_ass1_pkg) StdoutLine: {'line': b'9: +  {\n'}
[13.108404] (g1_ass1_pkg) StdoutLine: {'line': b'9: +    if (active_combinations_.empty()) {return;}\n'}
[13.108431] (g1_ass1_pkg) StdoutLine: {'line': b'9: +    auto it = active_combinations_.begin();\n'}
[13.108460] (g1_ass1_pkg) StdoutLine: {'line': b'9: +    std::advance(it, rand() % active_combinations_.size());\n'}
[13.108489] (g1_ass1_pkg) StdoutLine: {'line': b'9: +    auto key = *it;\n'}
[13.108517] (g1_ass1_pkg) StdoutLine: {'line': b'9: @@ -65,5 +74,5 @@\n'}
[13.108545] (g1_ass1_pkg) StdoutLine: {'line': b'9: -        g1_interface_pkg::msg::Tentamen msg;\n'}
[13.108575] (g1_ass1_pkg) StdoutLine: {'line': b'9: -        msg.stamp = this->now();\n'}
[13.108603] (g1_ass1_pkg) StdoutLine: {'line': b'9: -        msg.student_name = key.student;\n'}
[13.108632] (g1_ass1_pkg) StdoutLine: {'line': b'9: -        msg.course_name = key.course;\n'}
[13.108660] (g1_ass1_pkg) StdoutLine: {'line': b'9: -        msg.tentamen_cijfer = 10 + (rand() % 91); // 10-100\n'}
[13.108688] (g1_ass1_pkg) StdoutLine: {'line': b'9: +    g1_interface_pkg::msg::Tentamen msg;\n'}
[13.108718] (g1_ass1_pkg) StdoutLine: {'line': b'9: +    msg.stamp = this->now();\n'}
[13.108746] (g1_ass1_pkg) StdoutLine: {'line': b'9: +    msg.student_name = key.student;\n'}
[13.108774] (g1_ass1_pkg) StdoutLine: {'line': b'9: +    msg.course_name = key.course;\n'}
[13.108803] (g1_ass1_pkg) StdoutLine: {'line': b'9: +    msg.tentamen_cijfer = 10 + (rand() % 91);     // 10-100\n'}
[13.108835] (g1_ass1_pkg) StdoutLine: {'line': b'9: @@ -71,3 +80,4 @@\n'}
[13.108866] (g1_ass1_pkg) StdoutLine: {'line': b'9: -        publisher_->publish(msg);\n'}
[13.108898] (g1_ass1_pkg) StdoutLine: {'line': b'9: -        RCLCPP_INFO(this->get_logger(), "Published tentamen for %s/%s: %d", key.student.c_str(), key.course.c_str(), msg.tentamen_cijfer);\n'}
[13.108930] (g1_ass1_pkg) StdoutLine: {'line': b'9: -    }\n'}
[13.108961] (g1_ass1_pkg) StdoutLine: {'line': b'9: +    publisher_->publish(msg);\n'}
[13.108994] (g1_ass1_pkg) StdoutLine: {'line': b'9: +    RCLCPP_INFO(this->get_logger(), "Published tentamen for %s/%s: %d", key.student.c_str(),\n'}
[13.109025] (g1_ass1_pkg) StdoutLine: {'line': b'9: +      key.course.c_str(), msg.tentamen_cijfer);\n'}
[13.109054] (g1_ass1_pkg) StdoutLine: {'line': b'9: +  }\n'}
[13.109083] (g1_ass1_pkg) StdoutLine: {'line': b'9: @@ -76,6 +86,7 @@\n'}
[13.109111] (g1_ass1_pkg) StdoutLine: {'line': b'9: -int main(int argc, char **argv) {\n'}
[13.109139] (g1_ass1_pkg) StdoutLine: {'line': b'9: -    rclcpp::init(argc, argv);\n'}
[13.109168] (g1_ass1_pkg) StdoutLine: {'line': b'9: -    rclcpp::spin(std::make_shared<TentamenResultGenerator>());\n'}
[13.109198] (g1_ass1_pkg) StdoutLine: {'line': b'9: -    rclcpp::shutdown();\n'}
[13.109226] (g1_ass1_pkg) StdoutLine: {'line': b'9: -    return 0;\n'}
[13.109255] (g1_ass1_pkg) StdoutLine: {'line': b'9: -}\n'}
[13.109283] (g1_ass1_pkg) StdoutLine: {'line': b'9: +int main(int argc, char **argv)\n'}
[13.109311] (g1_ass1_pkg) StdoutLine: {'line': b'9: +{\n'}
[13.109340] (g1_ass1_pkg) StdoutLine: {'line': b'9: +  rclcpp::init(argc, argv);\n'}
[13.109370] (g1_ass1_pkg) StdoutLine: {'line': b'9: +  rclcpp::spin(std::make_shared<TentamenResultGenerator>());\n'}
[13.109403] (g1_ass1_pkg) StdoutLine: {'line': b'9: +  rclcpp::shutdown();\n'}
[13.109434] (g1_ass1_pkg) StdoutLine: {'line': b'9: +  return 0;\n'}
[13.109464] (g1_ass1_pkg) StdoutLine: {'line': b'9: +}\n'}
[13.109494] (g1_ass1_pkg) StdoutLine: {'line': b'9: \n'}
[13.109525] (g1_ass1_pkg) StdoutLine: {'line': b"9: Code style divergence in file 'test/test_cijfer_calculator.cpp':\n"}
[13.109555] (g1_ass1_pkg) StdoutLine: {'line': b'9: \n'}
[13.109587] (g1_ass1_pkg) StdoutLine: {'line': b'9: --- test/test_cijfer_calculator.cpp\n'}
[13.109617] (g1_ass1_pkg) StdoutLine: {'line': b'9: +++ test/test_cijfer_calculator.cpp.uncrustify\n'}
[13.109649] (g1_ass1_pkg) StdoutLine: {'line': b'9: @@ -8 +8,2 @@\n'}
[13.109681] (g1_ass1_pkg) StdoutLine: {'line': b'9: -int main(int argc, char** argv) {\n'}
[13.109712] (g1_ass1_pkg) StdoutLine: {'line': b'9: +int main(int argc, char ** argv)\n'}
[13.109743] (g1_ass1_pkg) StdoutLine: {'line': b'9: +{\n'}
[13.109773] (g1_ass1_pkg) StdoutLine: {'line': b'9: @@ -11 +12 @@\n'}
[13.109805] (g1_ass1_pkg) StdoutLine: {'line': b'9: -}\n'}
[13.109835] (g1_ass1_pkg) StdoutLine: {'line': b'9: +}\n'}
[13.109866] (g1_ass1_pkg) StdoutLine: {'line': b'9: \n'}
[13.109897] (g1_ass1_pkg) StdoutLine: {'line': b"9: Code style divergence in file 'test/test_cijfer_service.cpp':\n"}
[13.109929] (g1_ass1_pkg) StdoutLine: {'line': b'9: \n'}
[13.109960] (g1_ass1_pkg) StdoutLine: {'line': b'9: --- test/test_cijfer_service.cpp\n'}
[13.109993] (g1_ass1_pkg) StdoutLine: {'line': b'9: +++ test/test_cijfer_service.cpp.uncrustify\n'}
[13.110024] (g1_ass1_pkg) StdoutLine: {'line': b'9: @@ -10 +10,2 @@\n'}
[13.110056] (g1_ass1_pkg) StdoutLine: {'line': b'9: -  static void SetUpTestSuite() {\n'}
[13.110087] (g1_ass1_pkg) StdoutLine: {'line': b'9: +  static void SetUpTestSuite()\n'}
[13.110118] (g1_ass1_pkg) StdoutLine: {'line': b'9: +  {\n'}
[13.110148] (g1_ass1_pkg) StdoutLine: {'line': b'9: @@ -14 +15,2 @@\n'}
[13.110179] (g1_ass1_pkg) StdoutLine: {'line': b'9: -  static void TearDownTestSuite() {\n'}
[13.110209] (g1_ass1_pkg) StdoutLine: {'line': b'9: +  static void TearDownTestSuite()\n'}
[13.110239] (g1_ass1_pkg) StdoutLine: {'line': b'9: +  {\n'}
[13.110270] (g1_ass1_pkg) StdoutLine: {'line': b'9: @@ -22 +24 @@\n'}
[13.110300] (g1_ass1_pkg) StdoutLine: {'line': b'9: -  \n'}
[13.110330] (g1_ass1_pkg) StdoutLine: {'line': b'9: +\n'}
[13.110360] (g1_ass1_pkg) StdoutLine: {'line': b'9: @@ -24 +26 @@\n'}
[13.110390] (g1_ass1_pkg) StdoutLine: {'line': b'9: -  \n'}
[13.110420] (g1_ass1_pkg) StdoutLine: {'line': b'9: +\n'}
[13.110450] (g1_ass1_pkg) StdoutLine: {'line': b'9: @@ -29 +31 @@\n'}
[13.110480] (g1_ass1_pkg) StdoutLine: {'line': b'9: -  \n'}
[13.110512] (g1_ass1_pkg) StdoutLine: {'line': b'9: +\n'}
[13.110542] (g1_ass1_pkg) StdoutLine: {'line': b'9: @@ -32 +34 @@\n'}
[13.110575] (g1_ass1_pkg) StdoutLine: {'line': b'9: -  \n'}
[13.110606] (g1_ass1_pkg) StdoutLine: {'line': b'9: +\n'}
[13.110637] (g1_ass1_pkg) StdoutLine: {'line': b'9: @@ -35 +37 @@\n'}
[13.110667] (g1_ass1_pkg) StdoutLine: {'line': b'9: -  \n'}
[13.110697] (g1_ass1_pkg) StdoutLine: {'line': b'9: +\n'}
[13.110727] (g1_ass1_pkg) StdoutLine: {'line': b'9: @@ -44 +46 @@\n'}
[13.110759] (g1_ass1_pkg) StdoutLine: {'line': b'9: -  \n'}
[13.110789] (g1_ass1_pkg) StdoutLine: {'line': b'9: +\n'}
[13.110821] (g1_ass1_pkg) StdoutLine: {'line': b'9: @@ -46 +48 @@\n'}
[13.110852] (g1_ass1_pkg) StdoutLine: {'line': b'9: -  \n'}
[13.110883] (g1_ass1_pkg) StdoutLine: {'line': b'9: +\n'}
[13.110913] (g1_ass1_pkg) StdoutLine: {'line': b'9: @@ -51 +53 @@\n'}
[13.110944] (g1_ass1_pkg) StdoutLine: {'line': b'9: -  \n'}
[13.110976] (g1_ass1_pkg) StdoutLine: {'line': b'9: +\n'}
[13.111007] (g1_ass1_pkg) StdoutLine: {'line': b'9: @@ -54 +56 @@\n'}
[13.111038] (g1_ass1_pkg) StdoutLine: {'line': b'9: -  \n'}
[13.111070] (g1_ass1_pkg) StdoutLine: {'line': b'9: +\n'}
[13.111097] (g1_ass1_pkg) StdoutLine: {'line': b'9: @@ -57 +59 @@\n'}
[13.111124] (g1_ass1_pkg) StdoutLine: {'line': b'9: -  \n'}
[13.111153] (g1_ass1_pkg) StdoutLine: {'line': b'9: +\n'}
[13.111182] (g1_ass1_pkg) StdoutLine: {'line': b'9: @@ -65 +67 @@\n'}
[13.111212] (g1_ass1_pkg) StdoutLine: {'line': b'9: -  \n'}
[13.111240] (g1_ass1_pkg) StdoutLine: {'line': b'9: +\n'}
[13.111268] (g1_ass1_pkg) StdoutLine: {'line': b'9: @@ -67 +69 @@\n'}
[13.111295] (g1_ass1_pkg) StdoutLine: {'line': b'9: -  \n'}
[13.111324] (g1_ass1_pkg) StdoutLine: {'line': b'9: +\n'}
[13.111353] (g1_ass1_pkg) StdoutLine: {'line': b'9: @@ -72 +74 @@\n'}
[13.111381] (g1_ass1_pkg) StdoutLine: {'line': b'9: -  \n'}
[13.111410] (g1_ass1_pkg) StdoutLine: {'line': b'9: +\n'}
[13.111438] (g1_ass1_pkg) StdoutLine: {'line': b'9: @@ -75 +77 @@\n'}
[13.111468] (g1_ass1_pkg) StdoutLine: {'line': b'9: -  \n'}
[13.111496] (g1_ass1_pkg) StdoutLine: {'line': b'9: +\n'}
[13.111524] (g1_ass1_pkg) StdoutLine: {'line': b'9: @@ -78 +80 @@\n'}
[13.111553] (g1_ass1_pkg) StdoutLine: {'line': b'9: -  \n'}
[13.111582] (g1_ass1_pkg) StdoutLine: {'line': b'9: +\n'}
[13.111609] (g1_ass1_pkg) StdoutLine: {'line': b'9: @@ -86 +88 @@\n'}
[13.111638] (g1_ass1_pkg) StdoutLine: {'line': b'9: -  \n'}
[13.111666] (g1_ass1_pkg) StdoutLine: {'line': b'9: +\n'}
[13.111694] (g1_ass1_pkg) StdoutLine: {'line': b'9: @@ -88 +90 @@\n'}
[13.111722] (g1_ass1_pkg) StdoutLine: {'line': b'9: -  \n'}
[13.111750] (g1_ass1_pkg) StdoutLine: {'line': b'9: +\n'}
[13.111779] (g1_ass1_pkg) StdoutLine: {'line': b'9: @@ -93 +95 @@\n'}
[13.111807] (g1_ass1_pkg) StdoutLine: {'line': b'9: -  \n'}
[13.111835] (g1_ass1_pkg) StdoutLine: {'line': b'9: +\n'}
[13.111863] (g1_ass1_pkg) StdoutLine: {'line': b'9: @@ -96 +98 @@\n'}
[13.111892] (g1_ass1_pkg) StdoutLine: {'line': b'9: -  \n'}
[13.111921] (g1_ass1_pkg) StdoutLine: {'line': b'9: +\n'}
[13.111948] (g1_ass1_pkg) StdoutLine: {'line': b'9: @@ -99 +101 @@\n'}
[13.111979] (g1_ass1_pkg) StdoutLine: {'line': b'9: -  \n'}
[13.112008] (g1_ass1_pkg) StdoutLine: {'line': b'9: +\n'}
[13.112038] (g1_ass1_pkg) StdoutLine: {'line': b'9: @@ -107 +109 @@\n'}
[13.112069] (g1_ass1_pkg) StdoutLine: {'line': b'9: -  \n'}
[13.112101] (g1_ass1_pkg) StdoutLine: {'line': b'9: +\n'}
[13.112132] (g1_ass1_pkg) StdoutLine: {'line': b'9: @@ -109 +111 @@\n'}
[13.112161] (g1_ass1_pkg) StdoutLine: {'line': b'9: -  \n'}
[13.112189] (g1_ass1_pkg) StdoutLine: {'line': b'9: +\n'}
[13.112218] (g1_ass1_pkg) StdoutLine: {'line': b'9: @@ -114 +116 @@\n'}
[13.112246] (g1_ass1_pkg) StdoutLine: {'line': b'9: -  \n'}
[13.112275] (g1_ass1_pkg) StdoutLine: {'line': b'9: +\n'}
[13.112302] (g1_ass1_pkg) StdoutLine: {'line': b'9: @@ -117 +119 @@\n'}
[13.112330] (g1_ass1_pkg) StdoutLine: {'line': b'9: -  \n'}
[13.112358] (g1_ass1_pkg) StdoutLine: {'line': b'9: +\n'}
[13.112386] (g1_ass1_pkg) StdoutLine: {'line': b'9: @@ -120 +122 @@\n'}
[13.112414] (g1_ass1_pkg) StdoutLine: {'line': b'9: -  \n'}
[13.112441] (g1_ass1_pkg) StdoutLine: {'line': b'9: +\n'}
[13.112469] (g1_ass1_pkg) StdoutLine: {'line': b'9: @@ -125 +127,2 @@\n'}
[13.112497] (g1_ass1_pkg) StdoutLine: {'line': b'9: -int main(int argc, char **argv) {\n'}
[13.112527] (g1_ass1_pkg) StdoutLine: {'line': b'9: +int main(int argc, char **argv)\n'}
[13.112555] (g1_ass1_pkg) StdoutLine: {'line': b'9: +{\n'}
[13.112583] (g1_ass1_pkg) StdoutLine: {'line': b'9: \n'}
[13.112610] (g1_ass1_pkg) StdoutLine: {'line': b"9: Code style divergence in file 'test/test_final_cijfer_determinator.cpp':\n"}
[13.112639] (g1_ass1_pkg) StdoutLine: {'line': b'9: \n'}
[13.112667] (g1_ass1_pkg) StdoutLine: {'line': b'9: --- test/test_final_cijfer_determinator.cpp\n'}
[13.112695] (g1_ass1_pkg) StdoutLine: {'line': b'9: +++ test/test_final_cijfer_determinator.cpp.uncrustify\n'}
[13.112723] (g1_ass1_pkg) StdoutLine: {'line': b'9: @@ -11 +11,2 @@\n'}
[13.112751] (g1_ass1_pkg) StdoutLine: {'line': b'9: -  static void SetUpTestSuite() {\n'}
[13.112778] (g1_ass1_pkg) StdoutLine: {'line': b'9: +  static void SetUpTestSuite()\n'}
[13.112806] (g1_ass1_pkg) StdoutLine: {'line': b'9: +  {\n'}
[13.112835] (g1_ass1_pkg) StdoutLine: {'line': b'9: @@ -15 +16,2 @@\n'}
[13.112864] (g1_ass1_pkg) StdoutLine: {'line': b'9: -  static void TearDownTestSuite() {\n'}
[13.112892] (g1_ass1_pkg) StdoutLine: {'line': b'9: +  static void TearDownTestSuite()\n'}
[13.112920] (g1_ass1_pkg) StdoutLine: {'line': b'9: +  {\n'}
[13.112948] (g1_ass1_pkg) StdoutLine: {'line': b'9: @@ -23 +25 @@\n'}
[13.112978] (g1_ass1_pkg) StdoutLine: {'line': b'9: -  \n'}
[13.113008] (g1_ass1_pkg) StdoutLine: {'line': b'9: +\n'}
[13.113037] (g1_ass1_pkg) StdoutLine: {'line': b'9: @@ -26,2 +28,3 @@\n'}
[13.113068] (g1_ass1_pkg) StdoutLine: {'line': b'9: -  \n'}
[13.113098] (g1_ass1_pkg) StdoutLine: {'line': b'9: -  EXPECT_GE(publisher->get_subscription_count(), 1) << "final_cijfer_determinator should be subscribed";\n'}
[13.113130] (g1_ass1_pkg) StdoutLine: {'line': b'9: +\n'}
[13.113161] (g1_ass1_pkg) StdoutLine: {'line': b'9: +  EXPECT_GE(publisher->get_subscription_count(),\n'}
[13.113189] (g1_ass1_pkg) StdoutLine: {'line': b'9: +    1) << "final_cijfer_determinator should be subscribed";\n'}
[13.113217] (g1_ass1_pkg) StdoutLine: {'line': b'9: @@ -33 +36 @@\n'}
[13.113245] (g1_ass1_pkg) StdoutLine: {'line': b'9: -  \n'}
[13.113273] (g1_ass1_pkg) StdoutLine: {'line': b'9: +\n'}
[13.113302] (g1_ass1_pkg) StdoutLine: {'line': b'9: @@ -36 +39 @@\n'}
[13.113330] (g1_ass1_pkg) StdoutLine: {'line': b'9: -  \n'}
[13.113358] (g1_ass1_pkg) StdoutLine: {'line': b'9: +\n'}
[13.113387] (g1_ass1_pkg) StdoutLine: {'line': b'9: @@ -44 +47 @@\n'}
[13.113415] (g1_ass1_pkg) StdoutLine: {'line': b'9: -    \n'}
[13.113443] (g1_ass1_pkg) StdoutLine: {'line': b'9: +\n'}
[13.113471] (g1_ass1_pkg) StdoutLine: {'line': b'9: @@ -49 +52 @@\n'}
[13.113500] (g1_ass1_pkg) StdoutLine: {'line': b'9: -  \n'}
[13.113528] (g1_ass1_pkg) StdoutLine: {'line': b'9: +\n'}
[13.113556] (g1_ass1_pkg) StdoutLine: {'line': b'9: @@ -52 +55 @@\n'}
[13.113585] (g1_ass1_pkg) StdoutLine: {'line': b'9: -  \n'}
[13.113612] (g1_ass1_pkg) StdoutLine: {'line': b'9: +\n'}
[13.113641] (g1_ass1_pkg) StdoutLine: {'line': b'9: @@ -57 +60 @@\n'}
[13.113669] (g1_ass1_pkg) StdoutLine: {'line': b'9: -  \n'}
[13.113698] (g1_ass1_pkg) StdoutLine: {'line': b'9: +\n'}
[13.113725] (g1_ass1_pkg) StdoutLine: {'line': b'9: @@ -59,2 +62,3 @@\n'}
[13.113754] (g1_ass1_pkg) StdoutLine: {'line': b'9: -    if (line.find("TestStudent") != std::string::npos && \n'}
[13.113783] (g1_ass1_pkg) StdoutLine: {'line': b'9: -        line.find("TestCourse") != std::string::npos) {\n'}
[13.113811] (g1_ass1_pkg) StdoutLine: {'line': b'9: +    if (line.find("TestStudent") != std::string::npos &&\n'}
[13.113840] (g1_ass1_pkg) StdoutLine: {'line': b'9: +      line.find("TestCourse") != std::string::npos)\n'}
[13.113869] (g1_ass1_pkg) StdoutLine: {'line': b'9: +    {\n'}
[13.113899] (g1_ass1_pkg) StdoutLine: {'line': b'9: @@ -65 +69 @@\n'}
[13.113927] (g1_ass1_pkg) StdoutLine: {'line': b'9: -  \n'}
[13.113956] (g1_ass1_pkg) StdoutLine: {'line': b'9: +\n'}
[13.113988] (g1_ass1_pkg) StdoutLine: {'line': b'9: @@ -72 +76 @@\n'}
[13.114017] (g1_ass1_pkg) StdoutLine: {'line': b'9: -  \n'}
[13.114046] (g1_ass1_pkg) StdoutLine: {'line': b'9: +\n'}
[13.114074] (g1_ass1_pkg) StdoutLine: {'line': b'9: @@ -74 +78 @@\n'}
[13.114103] (g1_ass1_pkg) StdoutLine: {'line': b'9: -  \n'}
[13.114131] (g1_ass1_pkg) StdoutLine: {'line': b'9: +\n'}
[13.114158] (g1_ass1_pkg) StdoutLine: {'line': b'9: @@ -77 +81 @@\n'}
[13.114186] (g1_ass1_pkg) StdoutLine: {'line': b'9: -  int count_before = std::count(std::istreambuf_iterator<char>(db_before), \n'}
[13.114216] (g1_ass1_pkg) StdoutLine: {'line': b'9: +  int count_before = std::count(std::istreambuf_iterator<char>(db_before),\n'}
[13.114244] (g1_ass1_pkg) StdoutLine: {'line': b'9: @@ -80 +84 @@\n'}
[13.114275] (g1_ass1_pkg) StdoutLine: {'line': b'9: -  \n'}
[13.114302] (g1_ass1_pkg) StdoutLine: {'line': b'9: +\n'}
[13.114330] (g1_ass1_pkg) StdoutLine: {'line': b'9: @@ -88 +92 @@\n'}
[13.114358] (g1_ass1_pkg) StdoutLine: {'line': b'9: -    \n'}
[13.114386] (g1_ass1_pkg) StdoutLine: {'line': b'9: +\n'}
[13.114414] (g1_ass1_pkg) StdoutLine: {'line': b'9: @@ -93 +97 @@\n'}
[13.114443] (g1_ass1_pkg) StdoutLine: {'line': b'9: -  \n'}
[13.114471] (g1_ass1_pkg) StdoutLine: {'line': b'9: +\n'}
[13.114499] (g1_ass1_pkg) StdoutLine: {'line': b'9: @@ -95 +99 @@\n'}
[13.114526] (g1_ass1_pkg) StdoutLine: {'line': b'9: -  \n'}
[13.114553] (g1_ass1_pkg) StdoutLine: {'line': b'9: +\n'}
[13.114581] (g1_ass1_pkg) StdoutLine: {'line': b'9: @@ -98 +102 @@\n'}
[13.114609] (g1_ass1_pkg) StdoutLine: {'line': b'9: -  int count_after = std::count(std::istreambuf_iterator<char>(db_after), \n'}
[13.114638] (g1_ass1_pkg) StdoutLine: {'line': b'9: +  int count_after = std::count(std::istreambuf_iterator<char>(db_after),\n'}
[13.114666] (g1_ass1_pkg) StdoutLine: {'line': b'9: @@ -101 +105 @@\n'}
[13.114694] (g1_ass1_pkg) StdoutLine: {'line': b'9: -  \n'}
[13.114724] (g1_ass1_pkg) StdoutLine: {'line': b'9: +\n'}
[13.114751] (g1_ass1_pkg) StdoutLine: {'line': b'9: @@ -106 +110,2 @@\n'}
[13.114779] (g1_ass1_pkg) StdoutLine: {'line': b'9: -int main(int argc, char **argv) {\n'}
[13.114807] (g1_ass1_pkg) StdoutLine: {'line': b'9: +int main(int argc, char **argv)\n'}
[13.114836] (g1_ass1_pkg) StdoutLine: {'line': b'9: +{\n'}
[13.114862] (g1_ass1_pkg) StdoutLine: {'line': b'9: \n'}
[13.114890] (g1_ass1_pkg) StdoutLine: {'line': b"9: Code style divergence in file 'test/test_tentamen_publisher.cpp':\n"}
[13.114919] (g1_ass1_pkg) StdoutLine: {'line': b'9: \n'}
[13.114947] (g1_ass1_pkg) StdoutLine: {'line': b'9: --- test/test_tentamen_publisher.cpp\n'}
[13.114979] (g1_ass1_pkg) StdoutLine: {'line': b'9: +++ test/test_tentamen_publisher.cpp.uncrustify\n'}
[13.115009] (g1_ass1_pkg) StdoutLine: {'line': b'9: @@ -10 +10,2 @@\n'}
[13.115039] (g1_ass1_pkg) StdoutLine: {'line': b'9: -  static void SetUpTestSuite() {\n'}
[13.115070] (g1_ass1_pkg) StdoutLine: {'line': b'9: +  static void SetUpTestSuite()\n'}
[13.115100] (g1_ass1_pkg) StdoutLine: {'line': b'9: +  {\n'}
[13.115132] (g1_ass1_pkg) StdoutLine: {'line': b'9: @@ -14 +15,2 @@\n'}
[13.115162] (g1_ass1_pkg) StdoutLine: {'line': b'9: -  static void TearDownTestSuite() {\n'}
[13.115191] (g1_ass1_pkg) StdoutLine: {'line': b'9: +  static void TearDownTestSuite()\n'}
[13.115221] (g1_ass1_pkg) StdoutLine: {'line': b'9: +  {\n'}
[13.115250] (g1_ass1_pkg) StdoutLine: {'line': b'9: @@ -21 +23 @@\n'}
[13.115280] (g1_ass1_pkg) StdoutLine: {'line': b'9: -  \n'}
[13.115309] (g1_ass1_pkg) StdoutLine: {'line': b'9: +\n'}
[13.115338] (g1_ass1_pkg) StdoutLine: {'line': b'9: @@ -24 +26 @@\n'}
[13.115366] (g1_ass1_pkg) StdoutLine: {'line': b'9: -  \n'}
[13.115397] (g1_ass1_pkg) StdoutLine: {'line': b'9: +\n'}
[13.115427] (g1_ass1_pkg) StdoutLine: {'line': b'9: @@ -31 +33 @@\n'}
[13.115457] (g1_ass1_pkg) StdoutLine: {'line': b'9: -  \n'}
[13.115488] (g1_ass1_pkg) StdoutLine: {'line': b'9: +\n'}
[13.115519] (g1_ass1_pkg) StdoutLine: {'line': b'9: @@ -38 +40 @@\n'}
[13.115549] (g1_ass1_pkg) StdoutLine: {'line': b'9: -  \n'}
[13.115578] (g1_ass1_pkg) StdoutLine: {'line': b'9: +\n'}
[13.115606] (g1_ass1_pkg) StdoutLine: {'line': b'9: @@ -48 +50 @@\n'}
[13.115634] (g1_ass1_pkg) StdoutLine: {'line': b'9: -  \n'}
[13.115662] (g1_ass1_pkg) StdoutLine: {'line': b'9: +\n'}
[13.115690] (g1_ass1_pkg) StdoutLine: {'line': b'9: @@ -50 +52 @@\n'}
[13.115719] (g1_ass1_pkg) StdoutLine: {'line': b'9: -  \n'}
[13.115747] (g1_ass1_pkg) StdoutLine: {'line': b'9: +\n'}
[13.115775] (g1_ass1_pkg) StdoutLine: {'line': b'9: @@ -56 +58 @@\n'}
[13.115803] (g1_ass1_pkg) StdoutLine: {'line': b'9: -  \n'}
[13.115833] (g1_ass1_pkg) StdoutLine: {'line': b'9: +\n'}
[13.115864] (g1_ass1_pkg) StdoutLine: {'line': b'9: @@ -63 +65 @@\n'}
[13.115893] (g1_ass1_pkg) StdoutLine: {'line': b'9: -  \n'}
[13.115921] (g1_ass1_pkg) StdoutLine: {'line': b'9: +\n'}
[13.115950] (g1_ass1_pkg) StdoutLine: {'line': b'9: @@ -67 +69,2 @@\n'}
[13.115980] (g1_ass1_pkg) StdoutLine: {'line': b'9: -int main(int argc, char **argv) {\n'}
[13.116009] (g1_ass1_pkg) StdoutLine: {'line': b'9: +int main(int argc, char **argv)\n'}
[13.116038] (g1_ass1_pkg) StdoutLine: {'line': b'9: +{\n'}
[13.116067] (g1_ass1_pkg) StdoutLine: {'line': b'9: \n'}
[13.116095] (g1_ass1_pkg) StdoutLine: {'line': b'9: 9 files with code style divergence\n'}
[13.116124] (g1_ass1_pkg) StdoutLine: {'line': b'9: -- run_test.py: return code 1\n'}
[13.116153] (g1_ass1_pkg) StdoutLine: {'line': b"9: -- run_test.py: verify result file '/home/broodjesemih/ass_ros2_ws/build/g1_ass1_pkg/test_results/g1_ass1_pkg/uncrustify.xunit.xml'\n"}
[13.116185] (g1_ass1_pkg) StdoutLine: {'line': b' 9/10 Test  #9: uncrustify .......................***Failed    0.15 sec\n'}
[13.116216] (g1_ass1_pkg) StdoutLine: {'line': b'test 10\n'}
[13.116246] (g1_ass1_pkg) StdoutLine: {'line': b'      Start 10: xmllint\n'}
[13.116275] (g1_ass1_pkg) StdoutLine: {'line': b'\n'}
[13.116304] (g1_ass1_pkg) StdoutLine: {'line': b'10: Test command: /usr/bin/python3 "-u" "/opt/ros/jazzy/share/ament_cmake_test/cmake/run_test.py" "/home/broodjesemih/ass_ros2_ws/build/g1_ass1_pkg/test_results/g1_ass1_pkg/xmllint.xunit.xml" "--package-name" "g1_ass1_pkg" "--output-file" "/home/broodjesemih/ass_ros2_ws/build/g1_ass1_pkg/ament_xmllint/xmllint.txt" "--command" "/opt/ros/jazzy/bin/ament_xmllint" "--xunit-file" "/home/broodjesemih/ass_ros2_ws/build/g1_ass1_pkg/test_results/g1_ass1_pkg/xmllint.xunit.xml"\n'}
[13.116341] (g1_ass1_pkg) StdoutLine: {'line': b'10: Working Directory: /home/broodjesemih/ass_ros2_ws/src/g1_ass1_pkg\n'}
[13.116373] (g1_ass1_pkg) StdoutLine: {'line': b'10: Test timeout computed to be: 60\n'}
[13.131341] (-) TimerEvent: {}
[13.133873] (g1_ass1_pkg) StdoutLine: {'line': b"10: -- run_test.py: invoking following command in '/home/broodjesemih/ass_ros2_ws/src/g1_ass1_pkg':\n"}
[13.133984] (g1_ass1_pkg) StdoutLine: {'line': b'10:  - /opt/ros/jazzy/bin/ament_xmllint --xunit-file /home/broodjesemih/ass_ros2_ws/build/g1_ass1_pkg/test_results/g1_ass1_pkg/xmllint.xunit.xml\n'}
[13.186405] (g1_ass1_pkg) StdoutLine: {'line': b"10: File 'package.xml' is valid\n"}
[13.186564] (g1_ass1_pkg) StdoutLine: {'line': b'10: \n'}
[13.186646] (g1_ass1_pkg) StdoutLine: {'line': b"10: File 'install/g1_ass1_pkg/share/g1_ass1_pkg/package.xml' is valid\n"}
[13.186721] (g1_ass1_pkg) StdoutLine: {'line': b'10: \n'}
[13.186793] (g1_ass1_pkg) StdoutLine: {'line': b'10: No problems found\n'}
[13.194837] (g1_ass1_pkg) StdoutLine: {'line': b'10: -- run_test.py: return code 0\n'}
[13.194991] (g1_ass1_pkg) StdoutLine: {'line': b"10: -- run_test.py: verify result file '/home/broodjesemih/ass_ros2_ws/build/g1_ass1_pkg/test_results/g1_ass1_pkg/xmllint.xunit.xml'\n"}
[13.200892] (g1_ass1_pkg) StdoutLine: {'line': b'10/10 Test #10: xmllint ..........................   Passed    0.11 sec\n'}
[13.201209] (g1_ass1_pkg) StdoutLine: {'line': b'\n'}
[13.201327] (g1_ass1_pkg) StdoutLine: {'line': b'70% tests passed, 3 tests failed out of 10\n'}
[13.201409] (g1_ass1_pkg) StdoutLine: {'line': b'\n'}
[13.201483] (g1_ass1_pkg) StdoutLine: {'line': b'Label Time Summary:\n'}
[13.201558] (g1_ass1_pkg) StdoutLine: {'line': b'cppcheck      =   0.11 sec*proc (1 test)\n'}
[13.201629] (g1_ass1_pkg) StdoutLine: {'line': b'flake8        =   0.26 sec*proc (1 test)\n'}
[13.201701] (g1_ass1_pkg) StdoutLine: {'line': b'gtest         =  12.29 sec*proc (4 tests)\n'}
[13.201774] (g1_ass1_pkg) StdoutLine: {'line': b'lint_cmake    =   0.10 sec*proc (1 test)\n'}
[13.201845] (g1_ass1_pkg) StdoutLine: {'line': b'linter        =   0.88 sec*proc (6 tests)\n'}
[13.201915] (g1_ass1_pkg) StdoutLine: {'line': b'pep257        =   0.16 sec*proc (1 test)\n'}
[13.201992] (g1_ass1_pkg) StdoutLine: {'line': b'uncrustify    =   0.15 sec*proc (1 test)\n'}
[13.202064] (g1_ass1_pkg) StdoutLine: {'line': b'xmllint       =   0.11 sec*proc (1 test)\n'}
[13.202138] (g1_ass1_pkg) StdoutLine: {'line': b'\n'}
[13.202207] (g1_ass1_pkg) StdoutLine: {'line': b'Total Test time (real) =  13.17 sec\n'}
[13.202279] (g1_ass1_pkg) StdoutLine: {'line': b'\n'}
[13.202352] (g1_ass1_pkg) StdoutLine: {'line': b'The following tests FAILED:\n'}
[13.202425] (g1_ass1_pkg) StdoutLine: {'line': b'\t  4 - test_final_cijfer_determinator (Failed)\n'}
[13.202498] (g1_ass1_pkg) StdoutLine: {'line': b'\t  7 - lint_cmake (Failed)\n'}
[13.202570] (g1_ass1_pkg) StdoutLine: {'line': b'\t  9 - uncrustify (Failed)\n'}
[13.204196] (g1_ass1_pkg) StderrLine: {'line': b'Errors while running CTest\n'}
[13.204324] (g1_ass1_pkg) StderrLine: {'line': b'Output from these tests are in: /home/broodjesemih/ass_ros2_ws/build/g1_ass1_pkg/Testing/Temporary/LastTest.log\n'}
[13.204409] (g1_ass1_pkg) StderrLine: {'line': b'Use "--rerun-failed --output-on-failure" to re-run the failed cases verbosely.\n'}
[13.205652] (g1_ass1_pkg) CommandEnded: {'returncode': 8}
[13.206073] (g1_ass1_pkg) TestFailure: {'identifier': 'g1_ass1_pkg'}
[13.206098] (g1_ass1_pkg) JobEnded: {'identifier': 'g1_ass1_pkg', 'rc': 0}
[13.206561] (-) EventReactorShutdown: {}
